Start testing: Jul 14 23:24 IST
----------------------------------------------------------
1/93 Testing: VectorTest.PushBack
1/93 Test: VectorTest.PushBack
Command: "/Users/aayushsharma/dslibrary/build/runTests" "--gtest_filter=VectorTest.PushBack" "--gtest_also_run_disabled_tests"
Directory: /Users/aayushsharma/dslibrary/build
"VectorTest.PushBack" start time: Jul 14 23:24 IST
Output:
----------------------------------------------------------
Note: Google Test filter = VectorTest.PushBack
[==========] Running 1 test from 1 test suite.
[----------] Global test environment set-up.
[----------] 1 test from VectorTest
[ RUN      ] VectorTest.PushBack
[       OK ] VectorTest.PushBack (0 ms)
[----------] 1 test from VectorTest (0 ms total)

[----------] Global test environment tear-down
[==========] 1 test from 1 test suite ran. (0 ms total)
[  PASSED  ] 1 test.
<end of output>
Test time =   0.05 sec
----------------------------------------------------------
Test Passed.
"VectorTest.PushBack" end time: Jul 14 23:24 IST
"VectorTest.PushBack" time elapsed: 00:00:00
----------------------------------------------------------

2/93 Testing: VectorConstructor.DefaultConstructor
2/93 Test: VectorConstructor.DefaultConstructor
Command: "/Users/aayushsharma/dslibrary/build/runTests" "--gtest_filter=VectorConstructor.DefaultConstructor" "--gtest_also_run_disabled_tests"
Directory: /Users/aayushsharma/dslibrary/build
"VectorConstructor.DefaultConstructor" start time: Jul 14 23:24 IST
Output:
----------------------------------------------------------
Note: Google Test filter = VectorConstructor.DefaultConstructor
[==========] Running 1 test from 1 test suite.
[----------] Global test environment set-up.
[----------] 1 test from VectorConstructor
[ RUN      ] VectorConstructor.DefaultConstructor
[       OK ] VectorConstructor.DefaultConstructor (0 ms)
[----------] 1 test from VectorConstructor (0 ms total)

[----------] Global test environment tear-down
[==========] 1 test from 1 test suite ran. (0 ms total)
[  PASSED  ] 1 test.
<end of output>
Test time =   0.04 sec
----------------------------------------------------------
Test Passed.
"VectorConstructor.DefaultConstructor" end time: Jul 14 23:24 IST
"VectorConstructor.DefaultConstructor" time elapsed: 00:00:00
----------------------------------------------------------

3/93 Testing: VectorConstructor.DefaultCapacityPositive
3/93 Test: VectorConstructor.DefaultCapacityPositive
Command: "/Users/aayushsharma/dslibrary/build/runTests" "--gtest_filter=VectorConstructor.DefaultCapacityPositive" "--gtest_also_run_disabled_tests"
Directory: /Users/aayushsharma/dslibrary/build
"VectorConstructor.DefaultCapacityPositive" start time: Jul 14 23:24 IST
Output:
----------------------------------------------------------
Note: Google Test filter = VectorConstructor.DefaultCapacityPositive
[==========] Running 1 test from 1 test suite.
[----------] Global test environment set-up.
[----------] 1 test from VectorConstructor
[ RUN      ] VectorConstructor.DefaultCapacityPositive
[       OK ] VectorConstructor.DefaultCapacityPositive (0 ms)
[----------] 1 test from VectorConstructor (0 ms total)

[----------] Global test environment tear-down
[==========] 1 test from 1 test suite ran. (0 ms total)
[  PASSED  ] 1 test.
<end of output>
Test time =   0.04 sec
----------------------------------------------------------
Test Passed.
"VectorConstructor.DefaultCapacityPositive" end time: Jul 14 23:24 IST
"VectorConstructor.DefaultCapacityPositive" time elapsed: 00:00:00
----------------------------------------------------------

4/93 Testing: VectorConstructor.ParameterizedConstructor
4/93 Test: VectorConstructor.ParameterizedConstructor
Command: "/Users/aayushsharma/dslibrary/build/runTests" "--gtest_filter=VectorConstructor.ParameterizedConstructor" "--gtest_also_run_disabled_tests"
Directory: /Users/aayushsharma/dslibrary/build
"VectorConstructor.ParameterizedConstructor" start time: Jul 14 23:24 IST
Output:
----------------------------------------------------------
Note: Google Test filter = VectorConstructor.ParameterizedConstructor
[==========] Running 1 test from 1 test suite.
[----------] Global test environment set-up.
[----------] 1 test from VectorConstructor
[ RUN      ] VectorConstructor.ParameterizedConstructor
[       OK ] VectorConstructor.ParameterizedConstructor (0 ms)
[----------] 1 test from VectorConstructor (0 ms total)

[----------] Global test environment tear-down
[==========] 1 test from 1 test suite ran. (0 ms total)
[  PASSED  ] 1 test.
<end of output>
Test time =   0.04 sec
----------------------------------------------------------
Test Passed.
"VectorConstructor.ParameterizedConstructor" end time: Jul 14 23:24 IST
"VectorConstructor.ParameterizedConstructor" time elapsed: 00:00:00
----------------------------------------------------------

5/93 Testing: VectorConstructor.ParameterizedConstructorSizeZero
5/93 Test: VectorConstructor.ParameterizedConstructorSizeZero
Command: "/Users/aayushsharma/dslibrary/build/runTests" "--gtest_filter=VectorConstructor.ParameterizedConstructorSizeZero" "--gtest_also_run_disabled_tests"
Directory: /Users/aayushsharma/dslibrary/build
"VectorConstructor.ParameterizedConstructorSizeZero" start time: Jul 14 23:24 IST
Output:
----------------------------------------------------------
Note: Google Test filter = VectorConstructor.ParameterizedConstructorSizeZero
[==========] Running 1 test from 1 test suite.
[----------] Global test environment set-up.
[----------] 1 test from VectorConstructor
[ RUN      ] VectorConstructor.ParameterizedConstructorSizeZero
[       OK ] VectorConstructor.ParameterizedConstructorSizeZero (0 ms)
[----------] 1 test from VectorConstructor (0 ms total)

[----------] Global test environment tear-down
[==========] 1 test from 1 test suite ran. (0 ms total)
[  PASSED  ] 1 test.
<end of output>
Test time =   0.04 sec
----------------------------------------------------------
Test Passed.
"VectorConstructor.ParameterizedConstructorSizeZero" end time: Jul 14 23:24 IST
"VectorConstructor.ParameterizedConstructorSizeZero" time elapsed: 00:00:00
----------------------------------------------------------

6/93 Testing: VectorConstructor.ConstructStringVector
6/93 Test: VectorConstructor.ConstructStringVector
Command: "/Users/aayushsharma/dslibrary/build/runTests" "--gtest_filter=VectorConstructor.ConstructStringVector" "--gtest_also_run_disabled_tests"
Directory: /Users/aayushsharma/dslibrary/build
"VectorConstructor.ConstructStringVector" start time: Jul 14 23:24 IST
Output:
----------------------------------------------------------
Note: Google Test filter = VectorConstructor.ConstructStringVector
[==========] Running 1 test from 1 test suite.
[----------] Global test environment set-up.
[----------] 1 test from VectorConstructor
[ RUN      ] VectorConstructor.ConstructStringVector
[       OK ] VectorConstructor.ConstructStringVector (0 ms)
[----------] 1 test from VectorConstructor (0 ms total)

[----------] Global test environment tear-down
[==========] 1 test from 1 test suite ran. (0 ms total)
[  PASSED  ] 1 test.
<end of output>
Test time =   0.04 sec
----------------------------------------------------------
Test Passed.
"VectorConstructor.ConstructStringVector" end time: Jul 14 23:24 IST
"VectorConstructor.ConstructStringVector" time elapsed: 00:00:00
----------------------------------------------------------

7/93 Testing: VectorPushBack.PushOneElement
7/93 Test: VectorPushBack.PushOneElement
Command: "/Users/aayushsharma/dslibrary/build/runTests" "--gtest_filter=VectorPushBack.PushOneElement" "--gtest_also_run_disabled_tests"
Directory: /Users/aayushsharma/dslibrary/build
"VectorPushBack.PushOneElement" start time: Jul 14 23:24 IST
Output:
----------------------------------------------------------
Note: Google Test filter = VectorPushBack.PushOneElement
[==========] Running 1 test from 1 test suite.
[----------] Global test environment set-up.
[----------] 1 test from VectorPushBack
[ RUN      ] VectorPushBack.PushOneElement
[       OK ] VectorPushBack.PushOneElement (0 ms)
[----------] 1 test from VectorPushBack (0 ms total)

[----------] Global test environment tear-down
[==========] 1 test from 1 test suite ran. (0 ms total)
[  PASSED  ] 1 test.
<end of output>
Test time =   0.04 sec
----------------------------------------------------------
Test Passed.
"VectorPushBack.PushOneElement" end time: Jul 14 23:24 IST
"VectorPushBack.PushOneElement" time elapsed: 00:00:00
----------------------------------------------------------

8/93 Testing: VectorPushBack.PushMultipleElements
8/93 Test: VectorPushBack.PushMultipleElements
Command: "/Users/aayushsharma/dslibrary/build/runTests" "--gtest_filter=VectorPushBack.PushMultipleElements" "--gtest_also_run_disabled_tests"
Directory: /Users/aayushsharma/dslibrary/build
"VectorPushBack.PushMultipleElements" start time: Jul 14 23:24 IST
Output:
----------------------------------------------------------
Note: Google Test filter = VectorPushBack.PushMultipleElements
[==========] Running 1 test from 1 test suite.
[----------] Global test environment set-up.
[----------] 1 test from VectorPushBack
[ RUN      ] VectorPushBack.PushMultipleElements
[       OK ] VectorPushBack.PushMultipleElements (0 ms)
[----------] 1 test from VectorPushBack (0 ms total)

[----------] Global test environment tear-down
[==========] 1 test from 1 test suite ran. (0 ms total)
[  PASSED  ] 1 test.
<end of output>
Test time =   0.04 sec
----------------------------------------------------------
Test Passed.
"VectorPushBack.PushMultipleElements" end time: Jul 14 23:24 IST
"VectorPushBack.PushMultipleElements" time elapsed: 00:00:00
----------------------------------------------------------

9/93 Testing: VectorPushBack.OrderMaintained
9/93 Test: VectorPushBack.OrderMaintained
Command: "/Users/aayushsharma/dslibrary/build/runTests" "--gtest_filter=VectorPushBack.OrderMaintained" "--gtest_also_run_disabled_tests"
Directory: /Users/aayushsharma/dslibrary/build
"VectorPushBack.OrderMaintained" start time: Jul 14 23:24 IST
Output:
----------------------------------------------------------
Note: Google Test filter = VectorPushBack.OrderMaintained
[==========] Running 1 test from 1 test suite.
[----------] Global test environment set-up.
[----------] 1 test from VectorPushBack
[ RUN      ] VectorPushBack.OrderMaintained
[       OK ] VectorPushBack.OrderMaintained (0 ms)
[----------] 1 test from VectorPushBack (0 ms total)

[----------] Global test environment tear-down
[==========] 1 test from 1 test suite ran. (0 ms total)
[  PASSED  ] 1 test.
<end of output>
Test time =   0.05 sec
----------------------------------------------------------
Test Passed.
"VectorPushBack.OrderMaintained" end time: Jul 14 23:24 IST
"VectorPushBack.OrderMaintained" time elapsed: 00:00:00
----------------------------------------------------------

10/93 Testing: VectorPushBack.ResizeAutomatically
10/93 Test: VectorPushBack.ResizeAutomatically
Command: "/Users/aayushsharma/dslibrary/build/runTests" "--gtest_filter=VectorPushBack.ResizeAutomatically" "--gtest_also_run_disabled_tests"
Directory: /Users/aayushsharma/dslibrary/build
"VectorPushBack.ResizeAutomatically" start time: Jul 14 23:24 IST
Output:
----------------------------------------------------------
Note: Google Test filter = VectorPushBack.ResizeAutomatically
[==========] Running 1 test from 1 test suite.
[----------] Global test environment set-up.
[----------] 1 test from VectorPushBack
[ RUN      ] VectorPushBack.ResizeAutomatically
[       OK ] VectorPushBack.ResizeAutomatically (0 ms)
[----------] 1 test from VectorPushBack (0 ms total)

[----------] Global test environment tear-down
[==========] 1 test from 1 test suite ran. (0 ms total)
[  PASSED  ] 1 test.
<end of output>
Test time =   0.05 sec
----------------------------------------------------------
Test Passed.
"VectorPushBack.ResizeAutomatically" end time: Jul 14 23:24 IST
"VectorPushBack.ResizeAutomatically" time elapsed: 00:00:00
----------------------------------------------------------

11/93 Testing: VectorPushBack.PushStrings
11/93 Test: VectorPushBack.PushStrings
Command: "/Users/aayushsharma/dslibrary/build/runTests" "--gtest_filter=VectorPushBack.PushStrings" "--gtest_also_run_disabled_tests"
Directory: /Users/aayushsharma/dslibrary/build
"VectorPushBack.PushStrings" start time: Jul 14 23:24 IST
Output:
----------------------------------------------------------
Note: Google Test filter = VectorPushBack.PushStrings
[==========] Running 1 test from 1 test suite.
[----------] Global test environment set-up.
[----------] 1 test from VectorPushBack
[ RUN      ] VectorPushBack.PushStrings
[       OK ] VectorPushBack.PushStrings (0 ms)
[----------] 1 test from VectorPushBack (0 ms total)

[----------] Global test environment tear-down
[==========] 1 test from 1 test suite ran. (0 ms total)
[  PASSED  ] 1 test.
<end of output>
Test time =   0.04 sec
----------------------------------------------------------
Test Passed.
"VectorPushBack.PushStrings" end time: Jul 14 23:24 IST
"VectorPushBack.PushStrings" time elapsed: 00:00:00
----------------------------------------------------------

12/93 Testing: VectorPopBack.PopOneElement
12/93 Test: VectorPopBack.PopOneElement
Command: "/Users/aayushsharma/dslibrary/build/runTests" "--gtest_filter=VectorPopBack.PopOneElement" "--gtest_also_run_disabled_tests"
Directory: /Users/aayushsharma/dslibrary/build
"VectorPopBack.PopOneElement" start time: Jul 14 23:24 IST
Output:
----------------------------------------------------------
Note: Google Test filter = VectorPopBack.PopOneElement
[==========] Running 1 test from 1 test suite.
[----------] Global test environment set-up.
[----------] 1 test from VectorPopBack
[ RUN      ] VectorPopBack.PopOneElement
[       OK ] VectorPopBack.PopOneElement (0 ms)
[----------] 1 test from VectorPopBack (0 ms total)

[----------] Global test environment tear-down
[==========] 1 test from 1 test suite ran. (0 ms total)
[  PASSED  ] 1 test.
<end of output>
Test time =   0.04 sec
----------------------------------------------------------
Test Passed.
"VectorPopBack.PopOneElement" end time: Jul 14 23:24 IST
"VectorPopBack.PopOneElement" time elapsed: 00:00:00
----------------------------------------------------------

13/93 Testing: VectorPopBack.PopReducesSize
13/93 Test: VectorPopBack.PopReducesSize
Command: "/Users/aayushsharma/dslibrary/build/runTests" "--gtest_filter=VectorPopBack.PopReducesSize" "--gtest_also_run_disabled_tests"
Directory: /Users/aayushsharma/dslibrary/build
"VectorPopBack.PopReducesSize" start time: Jul 14 23:24 IST
Output:
----------------------------------------------------------
Note: Google Test filter = VectorPopBack.PopReducesSize
[==========] Running 1 test from 1 test suite.
[----------] Global test environment set-up.
[----------] 1 test from VectorPopBack
[ RUN      ] VectorPopBack.PopReducesSize
[       OK ] VectorPopBack.PopReducesSize (0 ms)
[----------] 1 test from VectorPopBack (0 ms total)

[----------] Global test environment tear-down
[==========] 1 test from 1 test suite ran. (0 ms total)
[  PASSED  ] 1 test.
<end of output>
Test time =   0.04 sec
----------------------------------------------------------
Test Passed.
"VectorPopBack.PopReducesSize" end time: Jul 14 23:24 IST
"VectorPopBack.PopReducesSize" time elapsed: 00:00:00
----------------------------------------------------------

14/93 Testing: VectorPopBack.PopKeepsFirstElement
14/93 Test: VectorPopBack.PopKeepsFirstElement
Command: "/Users/aayushsharma/dslibrary/build/runTests" "--gtest_filter=VectorPopBack.PopKeepsFirstElement" "--gtest_also_run_disabled_tests"
Directory: /Users/aayushsharma/dslibrary/build
"VectorPopBack.PopKeepsFirstElement" start time: Jul 14 23:24 IST
Output:
----------------------------------------------------------
Note: Google Test filter = VectorPopBack.PopKeepsFirstElement
[==========] Running 1 test from 1 test suite.
[----------] Global test environment set-up.
[----------] 1 test from VectorPopBack
[ RUN      ] VectorPopBack.PopKeepsFirstElement
[       OK ] VectorPopBack.PopKeepsFirstElement (0 ms)
[----------] 1 test from VectorPopBack (0 ms total)

[----------] Global test environment tear-down
[==========] 1 test from 1 test suite ran. (0 ms total)
[  PASSED  ] 1 test.
<end of output>
Test time =   0.04 sec
----------------------------------------------------------
Test Passed.
"VectorPopBack.PopKeepsFirstElement" end time: Jul 14 23:24 IST
"VectorPopBack.PopKeepsFirstElement" time elapsed: 00:00:00
----------------------------------------------------------

15/93 Testing: VectorPopBack.PopUntilEmpty
15/93 Test: VectorPopBack.PopUntilEmpty
Command: "/Users/aayushsharma/dslibrary/build/runTests" "--gtest_filter=VectorPopBack.PopUntilEmpty" "--gtest_also_run_disabled_tests"
Directory: /Users/aayushsharma/dslibrary/build
"VectorPopBack.PopUntilEmpty" start time: Jul 14 23:24 IST
Output:
----------------------------------------------------------
Note: Google Test filter = VectorPopBack.PopUntilEmpty
[==========] Running 1 test from 1 test suite.
[----------] Global test environment set-up.
[----------] 1 test from VectorPopBack
[ RUN      ] VectorPopBack.PopUntilEmpty
[       OK ] VectorPopBack.PopUntilEmpty (0 ms)
[----------] 1 test from VectorPopBack (0 ms total)

[----------] Global test environment tear-down
[==========] 1 test from 1 test suite ran. (0 ms total)
[  PASSED  ] 1 test.
<end of output>
Test time =   0.04 sec
----------------------------------------------------------
Test Passed.
"VectorPopBack.PopUntilEmpty" end time: Jul 14 23:24 IST
"VectorPopBack.PopUntilEmpty" time elapsed: 00:00:00
----------------------------------------------------------

16/93 Testing: VectorPopBack.PopAfterResize
16/93 Test: VectorPopBack.PopAfterResize
Command: "/Users/aayushsharma/dslibrary/build/runTests" "--gtest_filter=VectorPopBack.PopAfterResize" "--gtest_also_run_disabled_tests"
Directory: /Users/aayushsharma/dslibrary/build
"VectorPopBack.PopAfterResize" start time: Jul 14 23:24 IST
Output:
----------------------------------------------------------
Note: Google Test filter = VectorPopBack.PopAfterResize
[==========] Running 1 test from 1 test suite.
[----------] Global test environment set-up.
[----------] 1 test from VectorPopBack
[ RUN      ] VectorPopBack.PopAfterResize
[       OK ] VectorPopBack.PopAfterResize (0 ms)
[----------] 1 test from VectorPopBack (0 ms total)

[----------] Global test environment tear-down
[==========] 1 test from 1 test suite ran. (0 ms total)
[  PASSED  ] 1 test.
<end of output>
Test time =   0.04 sec
----------------------------------------------------------
Test Passed.
"VectorPopBack.PopAfterResize" end time: Jul 14 23:24 IST
"VectorPopBack.PopAfterResize" time elapsed: 00:00:00
----------------------------------------------------------

17/93 Testing: VectorSize.DefaultSizeIsZero
17/93 Test: VectorSize.DefaultSizeIsZero
Command: "/Users/aayushsharma/dslibrary/build/runTests" "--gtest_filter=VectorSize.DefaultSizeIsZero" "--gtest_also_run_disabled_tests"
Directory: /Users/aayushsharma/dslibrary/build
"VectorSize.DefaultSizeIsZero" start time: Jul 14 23:24 IST
Output:
----------------------------------------------------------
Note: Google Test filter = VectorSize.DefaultSizeIsZero
[==========] Running 1 test from 1 test suite.
[----------] Global test environment set-up.
[----------] 1 test from VectorSize
[ RUN      ] VectorSize.DefaultSizeIsZero
[       OK ] VectorSize.DefaultSizeIsZero (0 ms)
[----------] 1 test from VectorSize (0 ms total)

[----------] Global test environment tear-down
[==========] 1 test from 1 test suite ran. (0 ms total)
[  PASSED  ] 1 test.
<end of output>
Test time =   0.04 sec
----------------------------------------------------------
Test Passed.
"VectorSize.DefaultSizeIsZero" end time: Jul 14 23:24 IST
"VectorSize.DefaultSizeIsZero" time elapsed: 00:00:00
----------------------------------------------------------

18/93 Testing: VectorSize.SizeAfterOnePush
18/93 Test: VectorSize.SizeAfterOnePush
Command: "/Users/aayushsharma/dslibrary/build/runTests" "--gtest_filter=VectorSize.SizeAfterOnePush" "--gtest_also_run_disabled_tests"
Directory: /Users/aayushsharma/dslibrary/build
"VectorSize.SizeAfterOnePush" start time: Jul 14 23:24 IST
Output:
----------------------------------------------------------
Note: Google Test filter = VectorSize.SizeAfterOnePush
[==========] Running 1 test from 1 test suite.
[----------] Global test environment set-up.
[----------] 1 test from VectorSize
[ RUN      ] VectorSize.SizeAfterOnePush
[       OK ] VectorSize.SizeAfterOnePush (0 ms)
[----------] 1 test from VectorSize (0 ms total)

[----------] Global test environment tear-down
[==========] 1 test from 1 test suite ran. (0 ms total)
[  PASSED  ] 1 test.
<end of output>
Test time =   0.04 sec
----------------------------------------------------------
Test Passed.
"VectorSize.SizeAfterOnePush" end time: Jul 14 23:24 IST
"VectorSize.SizeAfterOnePush" time elapsed: 00:00:00
----------------------------------------------------------

19/93 Testing: VectorSize.SizeAfterMultiplePush
19/93 Test: VectorSize.SizeAfterMultiplePush
Command: "/Users/aayushsharma/dslibrary/build/runTests" "--gtest_filter=VectorSize.SizeAfterMultiplePush" "--gtest_also_run_disabled_tests"
Directory: /Users/aayushsharma/dslibrary/build
"VectorSize.SizeAfterMultiplePush" start time: Jul 14 23:24 IST
Output:
----------------------------------------------------------
Note: Google Test filter = VectorSize.SizeAfterMultiplePush
[==========] Running 1 test from 1 test suite.
[----------] Global test environment set-up.
[----------] 1 test from VectorSize
[ RUN      ] VectorSize.SizeAfterMultiplePush
[       OK ] VectorSize.SizeAfterMultiplePush (0 ms)
[----------] 1 test from VectorSize (0 ms total)

[----------] Global test environment tear-down
[==========] 1 test from 1 test suite ran. (0 ms total)
[  PASSED  ] 1 test.
<end of output>
Test time =   0.04 sec
----------------------------------------------------------
Test Passed.
"VectorSize.SizeAfterMultiplePush" end time: Jul 14 23:24 IST
"VectorSize.SizeAfterMultiplePush" time elapsed: 00:00:00
----------------------------------------------------------

20/93 Testing: VectorSize.SizeAfterPop
20/93 Test: VectorSize.SizeAfterPop
Command: "/Users/aayushsharma/dslibrary/build/runTests" "--gtest_filter=VectorSize.SizeAfterPop" "--gtest_also_run_disabled_tests"
Directory: /Users/aayushsharma/dslibrary/build
"VectorSize.SizeAfterPop" start time: Jul 14 23:24 IST
Output:
----------------------------------------------------------
Note: Google Test filter = VectorSize.SizeAfterPop
[==========] Running 1 test from 1 test suite.
[----------] Global test environment set-up.
[----------] 1 test from VectorSize
[ RUN      ] VectorSize.SizeAfterPop
[       OK ] VectorSize.SizeAfterPop (0 ms)
[----------] 1 test from VectorSize (0 ms total)

[----------] Global test environment tear-down
[==========] 1 test from 1 test suite ran. (0 ms total)
[  PASSED  ] 1 test.
<end of output>
Test time =   0.04 sec
----------------------------------------------------------
Test Passed.
"VectorSize.SizeAfterPop" end time: Jul 14 23:24 IST
"VectorSize.SizeAfterPop" time elapsed: 00:00:00
----------------------------------------------------------

21/93 Testing: VectorSize.SizeAfterPushAndPop
21/93 Test: VectorSize.SizeAfterPushAndPop
Command: "/Users/aayushsharma/dslibrary/build/runTests" "--gtest_filter=VectorSize.SizeAfterPushAndPop" "--gtest_also_run_disabled_tests"
Directory: /Users/aayushsharma/dslibrary/build
"VectorSize.SizeAfterPushAndPop" start time: Jul 14 23:24 IST
Output:
----------------------------------------------------------
Note: Google Test filter = VectorSize.SizeAfterPushAndPop
[==========] Running 1 test from 1 test suite.
[----------] Global test environment set-up.
[----------] 1 test from VectorSize
[ RUN      ] VectorSize.SizeAfterPushAndPop
[       OK ] VectorSize.SizeAfterPushAndPop (0 ms)
[----------] 1 test from VectorSize (0 ms total)

[----------] Global test environment tear-down
[==========] 1 test from 1 test suite ran. (0 ms total)
[  PASSED  ] 1 test.
<end of output>
Test time =   0.04 sec
----------------------------------------------------------
Test Passed.
"VectorSize.SizeAfterPushAndPop" end time: Jul 14 23:24 IST
"VectorSize.SizeAfterPushAndPop" time elapsed: 00:00:00
----------------------------------------------------------

22/93 Testing: VectorCapacity.DefaultCapacityPositive
22/93 Test: VectorCapacity.DefaultCapacityPositive
Command: "/Users/aayushsharma/dslibrary/build/runTests" "--gtest_filter=VectorCapacity.DefaultCapacityPositive" "--gtest_also_run_disabled_tests"
Directory: /Users/aayushsharma/dslibrary/build
"VectorCapacity.DefaultCapacityPositive" start time: Jul 14 23:24 IST
Output:
----------------------------------------------------------
Note: Google Test filter = VectorCapacity.DefaultCapacityPositive
[==========] Running 1 test from 1 test suite.
[----------] Global test environment set-up.
[----------] 1 test from VectorCapacity
[ RUN      ] VectorCapacity.DefaultCapacityPositive
[       OK ] VectorCapacity.DefaultCapacityPositive (0 ms)
[----------] 1 test from VectorCapacity (0 ms total)

[----------] Global test environment tear-down
[==========] 1 test from 1 test suite ran. (0 ms total)
[  PASSED  ] 1 test.
<end of output>
Test time =   0.04 sec
----------------------------------------------------------
Test Passed.
"VectorCapacity.DefaultCapacityPositive" end time: Jul 14 23:24 IST
"VectorCapacity.DefaultCapacityPositive" time elapsed: 00:00:00
----------------------------------------------------------

23/93 Testing: VectorCapacity.ParameterizedCapacity
23/93 Test: VectorCapacity.ParameterizedCapacity
Command: "/Users/aayushsharma/dslibrary/build/runTests" "--gtest_filter=VectorCapacity.ParameterizedCapacity" "--gtest_also_run_disabled_tests"
Directory: /Users/aayushsharma/dslibrary/build
"VectorCapacity.ParameterizedCapacity" start time: Jul 14 23:24 IST
Output:
----------------------------------------------------------
Note: Google Test filter = VectorCapacity.ParameterizedCapacity
[==========] Running 1 test from 1 test suite.
[----------] Global test environment set-up.
[----------] 1 test from VectorCapacity
[ RUN      ] VectorCapacity.ParameterizedCapacity
[       OK ] VectorCapacity.ParameterizedCapacity (0 ms)
[----------] 1 test from VectorCapacity (0 ms total)

[----------] Global test environment tear-down
[==========] 1 test from 1 test suite ran. (0 ms total)
[  PASSED  ] 1 test.
<end of output>
Test time =   0.04 sec
----------------------------------------------------------
Test Passed.
"VectorCapacity.ParameterizedCapacity" end time: Jul 14 23:24 IST
"VectorCapacity.ParameterizedCapacity" time elapsed: 00:00:00
----------------------------------------------------------

24/93 Testing: VectorCapacity.CapacityAfterPush
24/93 Test: VectorCapacity.CapacityAfterPush
Command: "/Users/aayushsharma/dslibrary/build/runTests" "--gtest_filter=VectorCapacity.CapacityAfterPush" "--gtest_also_run_disabled_tests"
Directory: /Users/aayushsharma/dslibrary/build
"VectorCapacity.CapacityAfterPush" start time: Jul 14 23:24 IST
Output:
----------------------------------------------------------
Note: Google Test filter = VectorCapacity.CapacityAfterPush
[==========] Running 1 test from 1 test suite.
[----------] Global test environment set-up.
[----------] 1 test from VectorCapacity
[ RUN      ] VectorCapacity.CapacityAfterPush
[       OK ] VectorCapacity.CapacityAfterPush (0 ms)
[----------] 1 test from VectorCapacity (0 ms total)

[----------] Global test environment tear-down
[==========] 1 test from 1 test suite ran. (0 ms total)
[  PASSED  ] 1 test.
<end of output>
Test time =   0.04 sec
----------------------------------------------------------
Test Passed.
"VectorCapacity.CapacityAfterPush" end time: Jul 14 23:24 IST
"VectorCapacity.CapacityAfterPush" time elapsed: 00:00:00
----------------------------------------------------------

25/93 Testing: VectorCapacity.CapacityAfterResize
25/93 Test: VectorCapacity.CapacityAfterResize
Command: "/Users/aayushsharma/dslibrary/build/runTests" "--gtest_filter=VectorCapacity.CapacityAfterResize" "--gtest_also_run_disabled_tests"
Directory: /Users/aayushsharma/dslibrary/build
"VectorCapacity.CapacityAfterResize" start time: Jul 14 23:24 IST
Output:
----------------------------------------------------------
Note: Google Test filter = VectorCapacity.CapacityAfterResize
[==========] Running 1 test from 1 test suite.
[----------] Global test environment set-up.
[----------] 1 test from VectorCapacity
[ RUN      ] VectorCapacity.CapacityAfterResize
[       OK ] VectorCapacity.CapacityAfterResize (0 ms)
[----------] 1 test from VectorCapacity (0 ms total)

[----------] Global test environment tear-down
[==========] 1 test from 1 test suite ran. (0 ms total)
[  PASSED  ] 1 test.
<end of output>
Test time =   0.04 sec
----------------------------------------------------------
Test Passed.
"VectorCapacity.CapacityAfterResize" end time: Jul 14 23:24 IST
"VectorCapacity.CapacityAfterResize" time elapsed: 00:00:00
----------------------------------------------------------

26/93 Testing: VectorCapacity.CapacityNeverLessThanSize
26/93 Test: VectorCapacity.CapacityNeverLessThanSize
Command: "/Users/aayushsharma/dslibrary/build/runTests" "--gtest_filter=VectorCapacity.CapacityNeverLessThanSize" "--gtest_also_run_disabled_tests"
Directory: /Users/aayushsharma/dslibrary/build
"VectorCapacity.CapacityNeverLessThanSize" start time: Jul 14 23:24 IST
Output:
----------------------------------------------------------
Note: Google Test filter = VectorCapacity.CapacityNeverLessThanSize
[==========] Running 1 test from 1 test suite.
[----------] Global test environment set-up.
[----------] 1 test from VectorCapacity
[ RUN      ] VectorCapacity.CapacityNeverLessThanSize
[       OK ] VectorCapacity.CapacityNeverLessThanSize (0 ms)
[----------] 1 test from VectorCapacity (0 ms total)

[----------] Global test environment tear-down
[==========] 1 test from 1 test suite ran. (0 ms total)
[  PASSED  ] 1 test.
<end of output>
Test time =   0.04 sec
----------------------------------------------------------
Test Passed.
"VectorCapacity.CapacityNeverLessThanSize" end time: Jul 14 23:24 IST
"VectorCapacity.CapacityNeverLessThanSize" time elapsed: 00:00:00
----------------------------------------------------------

27/93 Testing: VectorIsEmpty.EmptyVector
27/93 Test: VectorIsEmpty.EmptyVector
Command: "/Users/aayushsharma/dslibrary/build/runTests" "--gtest_filter=VectorIsEmpty.EmptyVector" "--gtest_also_run_disabled_tests"
Directory: /Users/aayushsharma/dslibrary/build
"VectorIsEmpty.EmptyVector" start time: Jul 14 23:24 IST
Output:
----------------------------------------------------------
Note: Google Test filter = VectorIsEmpty.EmptyVector
[==========] Running 1 test from 1 test suite.
[----------] Global test environment set-up.
[----------] 1 test from VectorIsEmpty
[ RUN      ] VectorIsEmpty.EmptyVector
[       OK ] VectorIsEmpty.EmptyVector (0 ms)
[----------] 1 test from VectorIsEmpty (0 ms total)

[----------] Global test environment tear-down
[==========] 1 test from 1 test suite ran. (0 ms total)
[  PASSED  ] 1 test.
<end of output>
Test time =   0.04 sec
----------------------------------------------------------
Test Passed.
"VectorIsEmpty.EmptyVector" end time: Jul 14 23:24 IST
"VectorIsEmpty.EmptyVector" time elapsed: 00:00:00
----------------------------------------------------------

28/93 Testing: VectorIsEmpty.AfterPush
28/93 Test: VectorIsEmpty.AfterPush
Command: "/Users/aayushsharma/dslibrary/build/runTests" "--gtest_filter=VectorIsEmpty.AfterPush" "--gtest_also_run_disabled_tests"
Directory: /Users/aayushsharma/dslibrary/build
"VectorIsEmpty.AfterPush" start time: Jul 14 23:24 IST
Output:
----------------------------------------------------------
Note: Google Test filter = VectorIsEmpty.AfterPush
[==========] Running 1 test from 1 test suite.
[----------] Global test environment set-up.
[----------] 1 test from VectorIsEmpty
[ RUN      ] VectorIsEmpty.AfterPush
[       OK ] VectorIsEmpty.AfterPush (0 ms)
[----------] 1 test from VectorIsEmpty (0 ms total)

[----------] Global test environment tear-down
[==========] 1 test from 1 test suite ran. (0 ms total)
[  PASSED  ] 1 test.
<end of output>
Test time =   0.04 sec
----------------------------------------------------------
Test Passed.
"VectorIsEmpty.AfterPush" end time: Jul 14 23:24 IST
"VectorIsEmpty.AfterPush" time elapsed: 00:00:00
----------------------------------------------------------

29/93 Testing: VectorIsEmpty.AfterPushPop
29/93 Test: VectorIsEmpty.AfterPushPop
Command: "/Users/aayushsharma/dslibrary/build/runTests" "--gtest_filter=VectorIsEmpty.AfterPushPop" "--gtest_also_run_disabled_tests"
Directory: /Users/aayushsharma/dslibrary/build
"VectorIsEmpty.AfterPushPop" start time: Jul 14 23:24 IST
Output:
----------------------------------------------------------
Note: Google Test filter = VectorIsEmpty.AfterPushPop
[==========] Running 1 test from 1 test suite.
[----------] Global test environment set-up.
[----------] 1 test from VectorIsEmpty
[ RUN      ] VectorIsEmpty.AfterPushPop
[       OK ] VectorIsEmpty.AfterPushPop (0 ms)
[----------] 1 test from VectorIsEmpty (0 ms total)

[----------] Global test environment tear-down
[==========] 1 test from 1 test suite ran. (0 ms total)
[  PASSED  ] 1 test.
<end of output>
Test time =   0.04 sec
----------------------------------------------------------
Test Passed.
"VectorIsEmpty.AfterPushPop" end time: Jul 14 23:24 IST
"VectorIsEmpty.AfterPushPop" time elapsed: 00:00:00
----------------------------------------------------------

30/93 Testing: VectorIsEmpty.MultipleElements
30/93 Test: VectorIsEmpty.MultipleElements
Command: "/Users/aayushsharma/dslibrary/build/runTests" "--gtest_filter=VectorIsEmpty.MultipleElements" "--gtest_also_run_disabled_tests"
Directory: /Users/aayushsharma/dslibrary/build
"VectorIsEmpty.MultipleElements" start time: Jul 14 23:24 IST
Output:
----------------------------------------------------------
Note: Google Test filter = VectorIsEmpty.MultipleElements
[==========] Running 1 test from 1 test suite.
[----------] Global test environment set-up.
[----------] 1 test from VectorIsEmpty
[ RUN      ] VectorIsEmpty.MultipleElements
[       OK ] VectorIsEmpty.MultipleElements (0 ms)
[----------] 1 test from VectorIsEmpty (0 ms total)

[----------] Global test environment tear-down
[==========] 1 test from 1 test suite ran. (0 ms total)
[  PASSED  ] 1 test.
<end of output>
Test time =   0.04 sec
----------------------------------------------------------
Test Passed.
"VectorIsEmpty.MultipleElements" end time: Jul 14 23:24 IST
"VectorIsEmpty.MultipleElements" time elapsed: 00:00:00
----------------------------------------------------------

31/93 Testing: VectorIsEmpty.PopTillEmpty
31/93 Test: VectorIsEmpty.PopTillEmpty
Command: "/Users/aayushsharma/dslibrary/build/runTests" "--gtest_filter=VectorIsEmpty.PopTillEmpty" "--gtest_also_run_disabled_tests"
Directory: /Users/aayushsharma/dslibrary/build
"VectorIsEmpty.PopTillEmpty" start time: Jul 14 23:24 IST
Output:
----------------------------------------------------------
Note: Google Test filter = VectorIsEmpty.PopTillEmpty
[==========] Running 1 test from 1 test suite.
[----------] Global test environment set-up.
[----------] 1 test from VectorIsEmpty
[ RUN      ] VectorIsEmpty.PopTillEmpty
[       OK ] VectorIsEmpty.PopTillEmpty (0 ms)
[----------] 1 test from VectorIsEmpty (0 ms total)

[----------] Global test environment tear-down
[==========] 1 test from 1 test suite ran. (0 ms total)
[  PASSED  ] 1 test.
<end of output>
Test time =   0.04 sec
----------------------------------------------------------
Test Passed.
"VectorIsEmpty.PopTillEmpty" end time: Jul 14 23:24 IST
"VectorIsEmpty.PopTillEmpty" time elapsed: 00:00:00
----------------------------------------------------------

32/93 Testing: VectorIndex.FirstElement
32/93 Test: VectorIndex.FirstElement
Command: "/Users/aayushsharma/dslibrary/build/runTests" "--gtest_filter=VectorIndex.FirstElement" "--gtest_also_run_disabled_tests"
Directory: /Users/aayushsharma/dslibrary/build
"VectorIndex.FirstElement" start time: Jul 14 23:24 IST
Output:
----------------------------------------------------------
Note: Google Test filter = VectorIndex.FirstElement
[==========] Running 1 test from 1 test suite.
[----------] Global test environment set-up.
[----------] 1 test from VectorIndex
[ RUN      ] VectorIndex.FirstElement
[       OK ] VectorIndex.FirstElement (0 ms)
[----------] 1 test from VectorIndex (0 ms total)

[----------] Global test environment tear-down
[==========] 1 test from 1 test suite ran. (0 ms total)
[  PASSED  ] 1 test.
<end of output>
Test time =   0.04 sec
----------------------------------------------------------
Test Passed.
"VectorIndex.FirstElement" end time: Jul 14 23:24 IST
"VectorIndex.FirstElement" time elapsed: 00:00:00
----------------------------------------------------------

33/93 Testing: VectorIndex.LastElement
33/93 Test: VectorIndex.LastElement
Command: "/Users/aayushsharma/dslibrary/build/runTests" "--gtest_filter=VectorIndex.LastElement" "--gtest_also_run_disabled_tests"
Directory: /Users/aayushsharma/dslibrary/build
"VectorIndex.LastElement" start time: Jul 14 23:24 IST
Output:
----------------------------------------------------------
Note: Google Test filter = VectorIndex.LastElement
[==========] Running 1 test from 1 test suite.
[----------] Global test environment set-up.
[----------] 1 test from VectorIndex
[ RUN      ] VectorIndex.LastElement
[       OK ] VectorIndex.LastElement (0 ms)
[----------] 1 test from VectorIndex (0 ms total)

[----------] Global test environment tear-down
[==========] 1 test from 1 test suite ran. (0 ms total)
[  PASSED  ] 1 test.
<end of output>
Test time =   0.04 sec
----------------------------------------------------------
Test Passed.
"VectorIndex.LastElement" end time: Jul 14 23:24 IST
"VectorIndex.LastElement" time elapsed: 00:00:00
----------------------------------------------------------

34/93 Testing: VectorIndex.ModifyElement
34/93 Test: VectorIndex.ModifyElement
Command: "/Users/aayushsharma/dslibrary/build/runTests" "--gtest_filter=VectorIndex.ModifyElement" "--gtest_also_run_disabled_tests"
Directory: /Users/aayushsharma/dslibrary/build
"VectorIndex.ModifyElement" start time: Jul 14 23:24 IST
Output:
----------------------------------------------------------
Note: Google Test filter = VectorIndex.ModifyElement
[==========] Running 1 test from 1 test suite.
[----------] Global test environment set-up.
[----------] 1 test from VectorIndex
[ RUN      ] VectorIndex.ModifyElement
[       OK ] VectorIndex.ModifyElement (0 ms)
[----------] 1 test from VectorIndex (0 ms total)

[----------] Global test environment tear-down
[==========] 1 test from 1 test suite ran. (0 ms total)
[  PASSED  ] 1 test.
<end of output>
Test time =   0.04 sec
----------------------------------------------------------
Test Passed.
"VectorIndex.ModifyElement" end time: Jul 14 23:24 IST
"VectorIndex.ModifyElement" time elapsed: 00:00:00
----------------------------------------------------------

35/93 Testing: VectorIndex.MultipleAccess
35/93 Test: VectorIndex.MultipleAccess
Command: "/Users/aayushsharma/dslibrary/build/runTests" "--gtest_filter=VectorIndex.MultipleAccess" "--gtest_also_run_disabled_tests"
Directory: /Users/aayushsharma/dslibrary/build
"VectorIndex.MultipleAccess" start time: Jul 14 23:24 IST
Output:
----------------------------------------------------------
Note: Google Test filter = VectorIndex.MultipleAccess
[==========] Running 1 test from 1 test suite.
[----------] Global test environment set-up.
[----------] 1 test from VectorIndex
[ RUN      ] VectorIndex.MultipleAccess
[       OK ] VectorIndex.MultipleAccess (0 ms)
[----------] 1 test from VectorIndex (0 ms total)

[----------] Global test environment tear-down
[==========] 1 test from 1 test suite ran. (0 ms total)
[  PASSED  ] 1 test.
<end of output>
Test time =   0.04 sec
----------------------------------------------------------
Test Passed.
"VectorIndex.MultipleAccess" end time: Jul 14 23:24 IST
"VectorIndex.MultipleAccess" time elapsed: 00:00:00
----------------------------------------------------------

36/93 Testing: VectorIndex.StringVector
36/93 Test: VectorIndex.StringVector
Command: "/Users/aayushsharma/dslibrary/build/runTests" "--gtest_filter=VectorIndex.StringVector" "--gtest_also_run_disabled_tests"
Directory: /Users/aayushsharma/dslibrary/build
"VectorIndex.StringVector" start time: Jul 14 23:24 IST
Output:
----------------------------------------------------------
Note: Google Test filter = VectorIndex.StringVector
[==========] Running 1 test from 1 test suite.
[----------] Global test environment set-up.
[----------] 1 test from VectorIndex
[ RUN      ] VectorIndex.StringVector
[       OK ] VectorIndex.StringVector (0 ms)
[----------] 1 test from VectorIndex (0 ms total)

[----------] Global test environment tear-down
[==========] 1 test from 1 test suite ran. (0 ms total)
[  PASSED  ] 1 test.
<end of output>
Test time =   0.04 sec
----------------------------------------------------------
Test Passed.
"VectorIndex.StringVector" end time: Jul 14 23:24 IST
"VectorIndex.StringVector" time elapsed: 00:00:00
----------------------------------------------------------

37/93 Testing: VectorAssignment.BasicAssignment
37/93 Test: VectorAssignment.BasicAssignment
Command: "/Users/aayushsharma/dslibrary/build/runTests" "--gtest_filter=VectorAssignment.BasicAssignment" "--gtest_also_run_disabled_tests"
Directory: /Users/aayushsharma/dslibrary/build
"VectorAssignment.BasicAssignment" start time: Jul 14 23:24 IST
Output:
----------------------------------------------------------
Note: Google Test filter = VectorAssignment.BasicAssignment
[==========] Running 1 test from 1 test suite.
[----------] Global test environment set-up.
[----------] 1 test from VectorAssignment
[ RUN      ] VectorAssignment.BasicAssignment
[       OK ] VectorAssignment.BasicAssignment (0 ms)
[----------] 1 test from VectorAssignment (0 ms total)

[----------] Global test environment tear-down
[==========] 1 test from 1 test suite ran. (0 ms total)
[  PASSED  ] 1 test.
<end of output>
Test time =   0.04 sec
----------------------------------------------------------
Test Passed.
"VectorAssignment.BasicAssignment" end time: Jul 14 23:24 IST
"VectorAssignment.BasicAssignment" time elapsed: 00:00:00
----------------------------------------------------------

38/93 Testing: VectorAssignment.SizeCopied
38/93 Test: VectorAssignment.SizeCopied
Command: "/Users/aayushsharma/dslibrary/build/runTests" "--gtest_filter=VectorAssignment.SizeCopied" "--gtest_also_run_disabled_tests"
Directory: /Users/aayushsharma/dslibrary/build
"VectorAssignment.SizeCopied" start time: Jul 14 23:24 IST
Output:
----------------------------------------------------------
Note: Google Test filter = VectorAssignment.SizeCopied
[==========] Running 1 test from 1 test suite.
[----------] Global test environment set-up.
[----------] 1 test from VectorAssignment
[ RUN      ] VectorAssignment.SizeCopied
[       OK ] VectorAssignment.SizeCopied (0 ms)
[----------] 1 test from VectorAssignment (0 ms total)

[----------] Global test environment tear-down
[==========] 1 test from 1 test suite ran. (0 ms total)
[  PASSED  ] 1 test.
<end of output>
Test time =   0.04 sec
----------------------------------------------------------
Test Passed.
"VectorAssignment.SizeCopied" end time: Jul 14 23:24 IST
"VectorAssignment.SizeCopied" time elapsed: 00:00:00
----------------------------------------------------------

39/93 Testing: VectorAssignment.DeepCopy
39/93 Test: VectorAssignment.DeepCopy
Command: "/Users/aayushsharma/dslibrary/build/runTests" "--gtest_filter=VectorAssignment.DeepCopy" "--gtest_also_run_disabled_tests"
Directory: /Users/aayushsharma/dslibrary/build
"VectorAssignment.DeepCopy" start time: Jul 14 23:24 IST
Output:
----------------------------------------------------------
Note: Google Test filter = VectorAssignment.DeepCopy
[==========] Running 1 test from 1 test suite.
[----------] Global test environment set-up.
[----------] 1 test from VectorAssignment
[ RUN      ] VectorAssignment.DeepCopy
[       OK ] VectorAssignment.DeepCopy (0 ms)
[----------] 1 test from VectorAssignment (0 ms total)

[----------] Global test environment tear-down
[==========] 1 test from 1 test suite ran. (0 ms total)
[  PASSED  ] 1 test.
<end of output>
Test time =   0.04 sec
----------------------------------------------------------
Test Passed.
"VectorAssignment.DeepCopy" end time: Jul 14 23:24 IST
"VectorAssignment.DeepCopy" time elapsed: 00:00:00
----------------------------------------------------------

40/93 Testing: VectorAssignment.SelfAssignment
40/93 Test: VectorAssignment.SelfAssignment
Command: "/Users/aayushsharma/dslibrary/build/runTests" "--gtest_filter=VectorAssignment.SelfAssignment" "--gtest_also_run_disabled_tests"
Directory: /Users/aayushsharma/dslibrary/build
"VectorAssignment.SelfAssignment" start time: Jul 14 23:24 IST
Output:
----------------------------------------------------------
Note: Google Test filter = VectorAssignment.SelfAssignment
[==========] Running 1 test from 1 test suite.
[----------] Global test environment set-up.
[----------] 1 test from VectorAssignment
[ RUN      ] VectorAssignment.SelfAssignment
[       OK ] VectorAssignment.SelfAssignment (0 ms)
[----------] 1 test from VectorAssignment (0 ms total)

[----------] Global test environment tear-down
[==========] 1 test from 1 test suite ran. (0 ms total)
[  PASSED  ] 1 test.
<end of output>
Test time =   0.04 sec
----------------------------------------------------------
Test Passed.
"VectorAssignment.SelfAssignment" end time: Jul 14 23:24 IST
"VectorAssignment.SelfAssignment" time elapsed: 00:00:00
----------------------------------------------------------

41/93 Testing: VectorAssignment.ValidCapacityAfterAssignment
41/93 Test: VectorAssignment.ValidCapacityAfterAssignment
Command: "/Users/aayushsharma/dslibrary/build/runTests" "--gtest_filter=VectorAssignment.ValidCapacityAfterAssignment" "--gtest_also_run_disabled_tests"
Directory: /Users/aayushsharma/dslibrary/build
"VectorAssignment.ValidCapacityAfterAssignment" start time: Jul 14 23:24 IST
Output:
----------------------------------------------------------
Note: Google Test filter = VectorAssignment.ValidCapacityAfterAssignment
[==========] Running 1 test from 1 test suite.
[----------] Global test environment set-up.
[----------] 1 test from VectorAssignment
[ RUN      ] VectorAssignment.ValidCapacityAfterAssignment
[       OK ] VectorAssignment.ValidCapacityAfterAssignment (0 ms)
[----------] 1 test from VectorAssignment (0 ms total)

[----------] Global test environment tear-down
[==========] 1 test from 1 test suite ran. (0 ms total)
[  PASSED  ] 1 test.
<end of output>
Test time =   0.04 sec
----------------------------------------------------------
Test Passed.
"VectorAssignment.ValidCapacityAfterAssignment" end time: Jul 14 23:24 IST
"VectorAssignment.ValidCapacityAfterAssignment" time elapsed: 00:00:00
----------------------------------------------------------

42/93 Testing: VectorCopyConstructor.CopyOneElement
42/93 Test: VectorCopyConstructor.CopyOneElement
Command: "/Users/aayushsharma/dslibrary/build/runTests" "--gtest_filter=VectorCopyConstructor.CopyOneElement" "--gtest_also_run_disabled_tests"
Directory: /Users/aayushsharma/dslibrary/build
"VectorCopyConstructor.CopyOneElement" start time: Jul 14 23:24 IST
Output:
----------------------------------------------------------
Note: Google Test filter = VectorCopyConstructor.CopyOneElement
[==========] Running 1 test from 1 test suite.
[----------] Global test environment set-up.
[----------] 1 test from VectorCopyConstructor
[ RUN      ] VectorCopyConstructor.CopyOneElement
[       OK ] VectorCopyConstructor.CopyOneElement (0 ms)
[----------] 1 test from VectorCopyConstructor (0 ms total)

[----------] Global test environment tear-down
[==========] 1 test from 1 test suite ran. (0 ms total)
[  PASSED  ] 1 test.
<end of output>
Test time =   0.04 sec
----------------------------------------------------------
Test Passed.
"VectorCopyConstructor.CopyOneElement" end time: Jul 14 23:24 IST
"VectorCopyConstructor.CopyOneElement" time elapsed: 00:00:00
----------------------------------------------------------

43/93 Testing: VectorCopyConstructor.CopySize
43/93 Test: VectorCopyConstructor.CopySize
Command: "/Users/aayushsharma/dslibrary/build/runTests" "--gtest_filter=VectorCopyConstructor.CopySize" "--gtest_also_run_disabled_tests"
Directory: /Users/aayushsharma/dslibrary/build
"VectorCopyConstructor.CopySize" start time: Jul 14 23:24 IST
Output:
----------------------------------------------------------
Note: Google Test filter = VectorCopyConstructor.CopySize
[==========] Running 1 test from 1 test suite.
[----------] Global test environment set-up.
[----------] 1 test from VectorCopyConstructor
[ RUN      ] VectorCopyConstructor.CopySize
[       OK ] VectorCopyConstructor.CopySize (0 ms)
[----------] 1 test from VectorCopyConstructor (0 ms total)

[----------] Global test environment tear-down
[==========] 1 test from 1 test suite ran. (0 ms total)
[  PASSED  ] 1 test.
<end of output>
Test time =   0.04 sec
----------------------------------------------------------
Test Passed.
"VectorCopyConstructor.CopySize" end time: Jul 14 23:24 IST
"VectorCopyConstructor.CopySize" time elapsed: 00:00:00
----------------------------------------------------------

44/93 Testing: VectorCopyConstructor.DeepCopy
44/93 Test: VectorCopyConstructor.DeepCopy
Command: "/Users/aayushsharma/dslibrary/build/runTests" "--gtest_filter=VectorCopyConstructor.DeepCopy" "--gtest_also_run_disabled_tests"
Directory: /Users/aayushsharma/dslibrary/build
"VectorCopyConstructor.DeepCopy" start time: Jul 14 23:24 IST
Output:
----------------------------------------------------------
Note: Google Test filter = VectorCopyConstructor.DeepCopy
[==========] Running 1 test from 1 test suite.
[----------] Global test environment set-up.
[----------] 1 test from VectorCopyConstructor
[ RUN      ] VectorCopyConstructor.DeepCopy
[       OK ] VectorCopyConstructor.DeepCopy (0 ms)
[----------] 1 test from VectorCopyConstructor (0 ms total)

[----------] Global test environment tear-down
[==========] 1 test from 1 test suite ran. (0 ms total)
[  PASSED  ] 1 test.
<end of output>
Test time =   0.04 sec
----------------------------------------------------------
Test Passed.
"VectorCopyConstructor.DeepCopy" end time: Jul 14 23:24 IST
"VectorCopyConstructor.DeepCopy" time elapsed: 00:00:00
----------------------------------------------------------

45/93 Testing: VectorCopyConstructor.ValidCapacityAfterCopy
45/93 Test: VectorCopyConstructor.ValidCapacityAfterCopy
Command: "/Users/aayushsharma/dslibrary/build/runTests" "--gtest_filter=VectorCopyConstructor.ValidCapacityAfterCopy" "--gtest_also_run_disabled_tests"
Directory: /Users/aayushsharma/dslibrary/build
"VectorCopyConstructor.ValidCapacityAfterCopy" start time: Jul 14 23:24 IST
Output:
----------------------------------------------------------
Note: Google Test filter = VectorCopyConstructor.ValidCapacityAfterCopy
[==========] Running 1 test from 1 test suite.
[----------] Global test environment set-up.
[----------] 1 test from VectorCopyConstructor
[ RUN      ] VectorCopyConstructor.ValidCapacityAfterCopy
[       OK ] VectorCopyConstructor.ValidCapacityAfterCopy (0 ms)
[----------] 1 test from VectorCopyConstructor (0 ms total)

[----------] Global test environment tear-down
[==========] 1 test from 1 test suite ran. (0 ms total)
[  PASSED  ] 1 test.
<end of output>
Test time =   0.04 sec
----------------------------------------------------------
Test Passed.
"VectorCopyConstructor.ValidCapacityAfterCopy" end time: Jul 14 23:24 IST
"VectorCopyConstructor.ValidCapacityAfterCopy" time elapsed: 00:00:00
----------------------------------------------------------

46/93 Testing: VectorCopyConstructor.CopyEmptyVector
46/93 Test: VectorCopyConstructor.CopyEmptyVector
Command: "/Users/aayushsharma/dslibrary/build/runTests" "--gtest_filter=VectorCopyConstructor.CopyEmptyVector" "--gtest_also_run_disabled_tests"
Directory: /Users/aayushsharma/dslibrary/build
"VectorCopyConstructor.CopyEmptyVector" start time: Jul 14 23:24 IST
Output:
----------------------------------------------------------
Note: Google Test filter = VectorCopyConstructor.CopyEmptyVector
[==========] Running 1 test from 1 test suite.
[----------] Global test environment set-up.
[----------] 1 test from VectorCopyConstructor
[ RUN      ] VectorCopyConstructor.CopyEmptyVector
[       OK ] VectorCopyConstructor.CopyEmptyVector (0 ms)
[----------] 1 test from VectorCopyConstructor (0 ms total)

[----------] Global test environment tear-down
[==========] 1 test from 1 test suite ran. (0 ms total)
[  PASSED  ] 1 test.
<end of output>
Test time =   0.04 sec
----------------------------------------------------------
Test Passed.
"VectorCopyConstructor.CopyEmptyVector" end time: Jul 14 23:24 IST
"VectorCopyConstructor.CopyEmptyVector" time elapsed: 00:00:00
----------------------------------------------------------

47/93 Testing: LinkedListConstructor.DefaultConstructor
47/93 Test: LinkedListConstructor.DefaultConstructor
Command: "/Users/aayushsharma/dslibrary/build/runTests" "--gtest_filter=LinkedListConstructor.DefaultConstructor" "--gtest_also_run_disabled_tests"
Directory: /Users/aayushsharma/dslibrary/build
"LinkedListConstructor.DefaultConstructor" start time: Jul 14 23:24 IST
Output:
----------------------------------------------------------
Note: Google Test filter = LinkedListConstructor.DefaultConstructor
[==========] Running 1 test from 1 test suite.
[----------] Global test environment set-up.
[----------] 1 test from LinkedListConstructor
[ RUN      ] LinkedListConstructor.DefaultConstructor
[       OK ] LinkedListConstructor.DefaultConstructor (0 ms)
[----------] 1 test from LinkedListConstructor (0 ms total)

[----------] Global test environment tear-down
[==========] 1 test from 1 test suite ran. (0 ms total)
[  PASSED  ] 1 test.
<end of output>
Test time =   0.04 sec
----------------------------------------------------------
Test Passed.
"LinkedListConstructor.DefaultConstructor" end time: Jul 14 23:24 IST
"LinkedListConstructor.DefaultConstructor" time elapsed: 00:00:00
----------------------------------------------------------

48/93 Testing: LinkedListConstructor.SizeInitiallyZero
48/93 Test: LinkedListConstructor.SizeInitiallyZero
Command: "/Users/aayushsharma/dslibrary/build/runTests" "--gtest_filter=LinkedListConstructor.SizeInitiallyZero" "--gtest_also_run_disabled_tests"
Directory: /Users/aayushsharma/dslibrary/build
"LinkedListConstructor.SizeInitiallyZero" start time: Jul 14 23:24 IST
Output:
----------------------------------------------------------
Note: Google Test filter = LinkedListConstructor.SizeInitiallyZero
[==========] Running 1 test from 1 test suite.
[----------] Global test environment set-up.
[----------] 1 test from LinkedListConstructor
[ RUN      ] LinkedListConstructor.SizeInitiallyZero
[       OK ] LinkedListConstructor.SizeInitiallyZero (0 ms)
[----------] 1 test from LinkedListConstructor (0 ms total)

[----------] Global test environment tear-down
[==========] 1 test from 1 test suite ran. (0 ms total)
[  PASSED  ] 1 test.
<end of output>
Test time =   0.04 sec
----------------------------------------------------------
Test Passed.
"LinkedListConstructor.SizeInitiallyZero" end time: Jul 14 23:24 IST
"LinkedListConstructor.SizeInitiallyZero" time elapsed: 00:00:00
----------------------------------------------------------

49/93 Testing: LinkedListConstructor.BeginInitiallyNull
49/93 Test: LinkedListConstructor.BeginInitiallyNull
Command: "/Users/aayushsharma/dslibrary/build/runTests" "--gtest_filter=LinkedListConstructor.BeginInitiallyNull" "--gtest_also_run_disabled_tests"
Directory: /Users/aayushsharma/dslibrary/build
"LinkedListConstructor.BeginInitiallyNull" start time: Jul 14 23:24 IST
Output:
----------------------------------------------------------
Note: Google Test filter = LinkedListConstructor.BeginInitiallyNull
[==========] Running 1 test from 1 test suite.
[----------] Global test environment set-up.
[----------] 1 test from LinkedListConstructor
[ RUN      ] LinkedListConstructor.BeginInitiallyNull
[       OK ] LinkedListConstructor.BeginInitiallyNull (0 ms)
[----------] 1 test from LinkedListConstructor (0 ms total)

[----------] Global test environment tear-down
[==========] 1 test from 1 test suite ran. (0 ms total)
[  PASSED  ] 1 test.
<end of output>
Test time =   0.04 sec
----------------------------------------------------------
Test Passed.
"LinkedListConstructor.BeginInitiallyNull" end time: Jul 14 23:24 IST
"LinkedListConstructor.BeginInitiallyNull" time elapsed: 00:00:00
----------------------------------------------------------

50/93 Testing: LinkedListConstructor.EndInitiallyNull
50/93 Test: LinkedListConstructor.EndInitiallyNull
Command: "/Users/aayushsharma/dslibrary/build/runTests" "--gtest_filter=LinkedListConstructor.EndInitiallyNull" "--gtest_also_run_disabled_tests"
Directory: /Users/aayushsharma/dslibrary/build
"LinkedListConstructor.EndInitiallyNull" start time: Jul 14 23:24 IST
Output:
----------------------------------------------------------
Note: Google Test filter = LinkedListConstructor.EndInitiallyNull
[==========] Running 1 test from 1 test suite.
[----------] Global test environment set-up.
[----------] 1 test from LinkedListConstructor
[ RUN      ] LinkedListConstructor.EndInitiallyNull
[       OK ] LinkedListConstructor.EndInitiallyNull (0 ms)
[----------] 1 test from LinkedListConstructor (0 ms total)

[----------] Global test environment tear-down
[==========] 1 test from 1 test suite ran. (0 ms total)
[  PASSED  ] 1 test.
<end of output>
Test time =   0.04 sec
----------------------------------------------------------
Test Passed.
"LinkedListConstructor.EndInitiallyNull" end time: Jul 14 23:24 IST
"LinkedListConstructor.EndInitiallyNull" time elapsed: 00:00:00
----------------------------------------------------------

51/93 Testing: LinkedListConstructor.EmptyList
51/93 Test: LinkedListConstructor.EmptyList
Command: "/Users/aayushsharma/dslibrary/build/runTests" "--gtest_filter=LinkedListConstructor.EmptyList" "--gtest_also_run_disabled_tests"
Directory: /Users/aayushsharma/dslibrary/build
"LinkedListConstructor.EmptyList" start time: Jul 14 23:24 IST
Output:
----------------------------------------------------------
Note: Google Test filter = LinkedListConstructor.EmptyList
[==========] Running 1 test from 1 test suite.
[----------] Global test environment set-up.
[----------] 1 test from LinkedListConstructor
[ RUN      ] LinkedListConstructor.EmptyList
[       OK ] LinkedListConstructor.EmptyList (0 ms)
[----------] 1 test from LinkedListConstructor (0 ms total)

[----------] Global test environment tear-down
[==========] 1 test from 1 test suite ran. (0 ms total)
[  PASSED  ] 1 test.
<end of output>
Test time =   0.04 sec
----------------------------------------------------------
Test Passed.
"LinkedListConstructor.EmptyList" end time: Jul 14 23:24 IST
"LinkedListConstructor.EmptyList" time elapsed: 00:00:00
----------------------------------------------------------

52/93 Testing: LinkedListPush.PushOne
52/93 Test: LinkedListPush.PushOne
Command: "/Users/aayushsharma/dslibrary/build/runTests" "--gtest_filter=LinkedListPush.PushOne" "--gtest_also_run_disabled_tests"
Directory: /Users/aayushsharma/dslibrary/build
"LinkedListPush.PushOne" start time: Jul 14 23:24 IST
Output:
----------------------------------------------------------
Note: Google Test filter = LinkedListPush.PushOne
[==========] Running 1 test from 1 test suite.
[----------] Global test environment set-up.
[----------] 1 test from LinkedListPush
[ RUN      ] LinkedListPush.PushOne
[       OK ] LinkedListPush.PushOne (0 ms)
[----------] 1 test from LinkedListPush (0 ms total)

[----------] Global test environment tear-down
[==========] 1 test from 1 test suite ran. (0 ms total)
[  PASSED  ] 1 test.
<end of output>
Test time =   0.04 sec
----------------------------------------------------------
Test Passed.
"LinkedListPush.PushOne" end time: Jul 14 23:24 IST
"LinkedListPush.PushOne" time elapsed: 00:00:00
----------------------------------------------------------

53/93 Testing: LinkedListPush.PushMultiple
53/93 Test: LinkedListPush.PushMultiple
Command: "/Users/aayushsharma/dslibrary/build/runTests" "--gtest_filter=LinkedListPush.PushMultiple" "--gtest_also_run_disabled_tests"
Directory: /Users/aayushsharma/dslibrary/build
"LinkedListPush.PushMultiple" start time: Jul 14 23:24 IST
Output:
----------------------------------------------------------
Note: Google Test filter = LinkedListPush.PushMultiple
[==========] Running 1 test from 1 test suite.
[----------] Global test environment set-up.
[----------] 1 test from LinkedListPush
[ RUN      ] LinkedListPush.PushMultiple
[       OK ] LinkedListPush.PushMultiple (0 ms)
[----------] 1 test from LinkedListPush (0 ms total)

[----------] Global test environment tear-down
[==========] 1 test from 1 test suite ran. (0 ms total)
[  PASSED  ] 1 test.
<end of output>
Test time =   0.04 sec
----------------------------------------------------------
Test Passed.
"LinkedListPush.PushMultiple" end time: Jul 14 23:24 IST
"LinkedListPush.PushMultiple" time elapsed: 00:00:00
----------------------------------------------------------

54/93 Testing: LinkedListPush.FirstElement
54/93 Test: LinkedListPush.FirstElement
Command: "/Users/aayushsharma/dslibrary/build/runTests" "--gtest_filter=LinkedListPush.FirstElement" "--gtest_also_run_disabled_tests"
Directory: /Users/aayushsharma/dslibrary/build
"LinkedListPush.FirstElement" start time: Jul 14 23:24 IST
Output:
----------------------------------------------------------
Note: Google Test filter = LinkedListPush.FirstElement
[==========] Running 1 test from 1 test suite.
[----------] Global test environment set-up.
[----------] 1 test from LinkedListPush
[ RUN      ] LinkedListPush.FirstElement
[       OK ] LinkedListPush.FirstElement (0 ms)
[----------] 1 test from LinkedListPush (0 ms total)

[----------] Global test environment tear-down
[==========] 1 test from 1 test suite ran. (0 ms total)
[  PASSED  ] 1 test.
<end of output>
Test time =   0.04 sec
----------------------------------------------------------
Test Passed.
"LinkedListPush.FirstElement" end time: Jul 14 23:24 IST
"LinkedListPush.FirstElement" time elapsed: 00:00:00
----------------------------------------------------------

55/93 Testing: LinkedListPush.PreserveOrder
55/93 Test: LinkedListPush.PreserveOrder
Command: "/Users/aayushsharma/dslibrary/build/runTests" "--gtest_filter=LinkedListPush.PreserveOrder" "--gtest_also_run_disabled_tests"
Directory: /Users/aayushsharma/dslibrary/build
"LinkedListPush.PreserveOrder" start time: Jul 14 23:24 IST
Output:
----------------------------------------------------------
Note: Google Test filter = LinkedListPush.PreserveOrder
[==========] Running 1 test from 1 test suite.
[----------] Global test environment set-up.
[----------] 1 test from LinkedListPush
[ RUN      ] LinkedListPush.PreserveOrder
[       OK ] LinkedListPush.PreserveOrder (0 ms)
[----------] 1 test from LinkedListPush (0 ms total)

[----------] Global test environment tear-down
[==========] 1 test from 1 test suite ran. (0 ms total)
[  PASSED  ] 1 test.
<end of output>
Test time =   0.04 sec
----------------------------------------------------------
Test Passed.
"LinkedListPush.PreserveOrder" end time: Jul 14 23:24 IST
"LinkedListPush.PreserveOrder" time elapsed: 00:00:00
----------------------------------------------------------

56/93 Testing: LinkedListPush.PushString
56/93 Test: LinkedListPush.PushString
Command: "/Users/aayushsharma/dslibrary/build/runTests" "--gtest_filter=LinkedListPush.PushString" "--gtest_also_run_disabled_tests"
Directory: /Users/aayushsharma/dslibrary/build
"LinkedListPush.PushString" start time: Jul 14 23:24 IST
Output:
----------------------------------------------------------
Note: Google Test filter = LinkedListPush.PushString
[==========] Running 1 test from 1 test suite.
[----------] Global test environment set-up.
[----------] 1 test from LinkedListPush
[ RUN      ] LinkedListPush.PushString
[       OK ] LinkedListPush.PushString (0 ms)
[----------] 1 test from LinkedListPush (0 ms total)

[----------] Global test environment tear-down
[==========] 1 test from 1 test suite ran. (0 ms total)
[  PASSED  ] 1 test.
<end of output>
Test time =   0.04 sec
----------------------------------------------------------
Test Passed.
"LinkedListPush.PushString" end time: Jul 14 23:24 IST
"LinkedListPush.PushString" time elapsed: 00:00:00
----------------------------------------------------------

57/93 Testing: LinkedListPop.PopOne
57/93 Test: LinkedListPop.PopOne
Command: "/Users/aayushsharma/dslibrary/build/runTests" "--gtest_filter=LinkedListPop.PopOne" "--gtest_also_run_disabled_tests"
Directory: /Users/aayushsharma/dslibrary/build
"LinkedListPop.PopOne" start time: Jul 14 23:24 IST
Output:
----------------------------------------------------------
Note: Google Test filter = LinkedListPop.PopOne
[==========] Running 1 test from 1 test suite.
[----------] Global test environment set-up.
[----------] 1 test from LinkedListPop
[ RUN      ] LinkedListPop.PopOne
[       OK ] LinkedListPop.PopOne (0 ms)
[----------] 1 test from LinkedListPop (0 ms total)

[----------] Global test environment tear-down
[==========] 1 test from 1 test suite ran. (0 ms total)
[  PASSED  ] 1 test.
<end of output>
Test time =   0.04 sec
----------------------------------------------------------
Test Passed.
"LinkedListPop.PopOne" end time: Jul 14 23:24 IST
"LinkedListPop.PopOne" time elapsed: 00:00:00
----------------------------------------------------------

58/93 Testing: LinkedListPop.PopReducesSize
58/93 Test: LinkedListPop.PopReducesSize
Command: "/Users/aayushsharma/dslibrary/build/runTests" "--gtest_filter=LinkedListPop.PopReducesSize" "--gtest_also_run_disabled_tests"
Directory: /Users/aayushsharma/dslibrary/build
"LinkedListPop.PopReducesSize" start time: Jul 14 23:24 IST
Output:
----------------------------------------------------------
Note: Google Test filter = LinkedListPop.PopReducesSize
[==========] Running 1 test from 1 test suite.
[----------] Global test environment set-up.
[----------] 1 test from LinkedListPop
[ RUN      ] LinkedListPop.PopReducesSize
[       OK ] LinkedListPop.PopReducesSize (0 ms)
[----------] 1 test from LinkedListPop (0 ms total)

[----------] Global test environment tear-down
[==========] 1 test from 1 test suite ran. (0 ms total)
[  PASSED  ] 1 test.
<end of output>
Test time =   0.04 sec
----------------------------------------------------------
Test Passed.
"LinkedListPop.PopReducesSize" end time: Jul 14 23:24 IST
"LinkedListPop.PopReducesSize" time elapsed: 00:00:00
----------------------------------------------------------

59/93 Testing: LinkedListPop.PopKeepsFirst
59/93 Test: LinkedListPop.PopKeepsFirst
Command: "/Users/aayushsharma/dslibrary/build/runTests" "--gtest_filter=LinkedListPop.PopKeepsFirst" "--gtest_also_run_disabled_tests"
Directory: /Users/aayushsharma/dslibrary/build
"LinkedListPop.PopKeepsFirst" start time: Jul 14 23:24 IST
Output:
----------------------------------------------------------
Note: Google Test filter = LinkedListPop.PopKeepsFirst
[==========] Running 1 test from 1 test suite.
[----------] Global test environment set-up.
[----------] 1 test from LinkedListPop
[ RUN      ] LinkedListPop.PopKeepsFirst
[       OK ] LinkedListPop.PopKeepsFirst (0 ms)
[----------] 1 test from LinkedListPop (0 ms total)

[----------] Global test environment tear-down
[==========] 1 test from 1 test suite ran. (0 ms total)
[  PASSED  ] 1 test.
<end of output>
Test time =   0.04 sec
----------------------------------------------------------
Test Passed.
"LinkedListPop.PopKeepsFirst" end time: Jul 14 23:24 IST
"LinkedListPop.PopKeepsFirst" time elapsed: 00:00:00
----------------------------------------------------------

60/93 Testing: LinkedListPop.PopAll
60/93 Test: LinkedListPop.PopAll
Command: "/Users/aayushsharma/dslibrary/build/runTests" "--gtest_filter=LinkedListPop.PopAll" "--gtest_also_run_disabled_tests"
Directory: /Users/aayushsharma/dslibrary/build
"LinkedListPop.PopAll" start time: Jul 14 23:24 IST
Output:
----------------------------------------------------------
Note: Google Test filter = LinkedListPop.PopAll
[==========] Running 1 test from 1 test suite.
[----------] Global test environment set-up.
[----------] 1 test from LinkedListPop
[ RUN      ] LinkedListPop.PopAll
[       OK ] LinkedListPop.PopAll (0 ms)
[----------] 1 test from LinkedListPop (0 ms total)

[----------] Global test environment tear-down
[==========] 1 test from 1 test suite ran. (0 ms total)
[  PASSED  ] 1 test.
<end of output>
Test time =   0.04 sec
----------------------------------------------------------
Test Passed.
"LinkedListPop.PopAll" end time: Jul 14 23:24 IST
"LinkedListPop.PopAll" time elapsed: 00:00:00
----------------------------------------------------------

61/93 Testing: LinkedListPop.PopEmptyThrows
61/93 Test: LinkedListPop.PopEmptyThrows
Command: "/Users/aayushsharma/dslibrary/build/runTests" "--gtest_filter=LinkedListPop.PopEmptyThrows" "--gtest_also_run_disabled_tests"
Directory: /Users/aayushsharma/dslibrary/build
"LinkedListPop.PopEmptyThrows" start time: Jul 14 23:24 IST
Output:
----------------------------------------------------------
Note: Google Test filter = LinkedListPop.PopEmptyThrows
[==========] Running 1 test from 1 test suite.
[----------] Global test environment set-up.
[----------] 1 test from LinkedListPop
[ RUN      ] LinkedListPop.PopEmptyThrows
[       OK ] LinkedListPop.PopEmptyThrows (0 ms)
[----------] 1 test from LinkedListPop (0 ms total)

[----------] Global test environment tear-down
[==========] 1 test from 1 test suite ran. (0 ms total)
[  PASSED  ] 1 test.
<end of output>
Test time =   0.04 sec
----------------------------------------------------------
Test Passed.
"LinkedListPop.PopEmptyThrows" end time: Jul 14 23:24 IST
"LinkedListPop.PopEmptyThrows" time elapsed: 00:00:00
----------------------------------------------------------

62/93 Testing: LinkedListDelete.DeleteHead
62/93 Test: LinkedListDelete.DeleteHead
Command: "/Users/aayushsharma/dslibrary/build/runTests" "--gtest_filter=LinkedListDelete.DeleteHead" "--gtest_also_run_disabled_tests"
Directory: /Users/aayushsharma/dslibrary/build
"LinkedListDelete.DeleteHead" start time: Jul 14 23:24 IST
Output:
----------------------------------------------------------
Note: Google Test filter = LinkedListDelete.DeleteHead
[==========] Running 1 test from 1 test suite.
[----------] Global test environment set-up.
[----------] 1 test from LinkedListDelete
[ RUN      ] LinkedListDelete.DeleteHead
[       OK ] LinkedListDelete.DeleteHead (0 ms)
[----------] 1 test from LinkedListDelete (0 ms total)

[----------] Global test environment tear-down
[==========] 1 test from 1 test suite ran. (0 ms total)
[  PASSED  ] 1 test.
<end of output>
Test time =   0.04 sec
----------------------------------------------------------
Test Passed.
"LinkedListDelete.DeleteHead" end time: Jul 14 23:24 IST
"LinkedListDelete.DeleteHead" time elapsed: 00:00:00
----------------------------------------------------------

63/93 Testing: LinkedListDelete.DeleteTail
63/93 Test: LinkedListDelete.DeleteTail
Command: "/Users/aayushsharma/dslibrary/build/runTests" "--gtest_filter=LinkedListDelete.DeleteTail" "--gtest_also_run_disabled_tests"
Directory: /Users/aayushsharma/dslibrary/build
"LinkedListDelete.DeleteTail" start time: Jul 14 23:24 IST
Output:
----------------------------------------------------------
Note: Google Test filter = LinkedListDelete.DeleteTail
[==========] Running 1 test from 1 test suite.
[----------] Global test environment set-up.
[----------] 1 test from LinkedListDelete
[ RUN      ] LinkedListDelete.DeleteTail
[       OK ] LinkedListDelete.DeleteTail (0 ms)
[----------] 1 test from LinkedListDelete (0 ms total)

[----------] Global test environment tear-down
[==========] 1 test from 1 test suite ran. (0 ms total)
[  PASSED  ] 1 test.
<end of output>
Test time =   0.04 sec
----------------------------------------------------------
Test Passed.
"LinkedListDelete.DeleteTail" end time: Jul 14 23:24 IST
"LinkedListDelete.DeleteTail" time elapsed: 00:00:00
----------------------------------------------------------

64/93 Testing: LinkedListDelete.DeleteMiddle
64/93 Test: LinkedListDelete.DeleteMiddle
Command: "/Users/aayushsharma/dslibrary/build/runTests" "--gtest_filter=LinkedListDelete.DeleteMiddle" "--gtest_also_run_disabled_tests"
Directory: /Users/aayushsharma/dslibrary/build
"LinkedListDelete.DeleteMiddle" start time: Jul 14 23:24 IST
Output:
----------------------------------------------------------
Note: Google Test filter = LinkedListDelete.DeleteMiddle
[==========] Running 1 test from 1 test suite.
[----------] Global test environment set-up.
[----------] 1 test from LinkedListDelete
[ RUN      ] LinkedListDelete.DeleteMiddle
[       OK ] LinkedListDelete.DeleteMiddle (0 ms)
[----------] 1 test from LinkedListDelete (0 ms total)

[----------] Global test environment tear-down
[==========] 1 test from 1 test suite ran. (0 ms total)
[  PASSED  ] 1 test.
<end of output>
Test time =   0.04 sec
----------------------------------------------------------
Test Passed.
"LinkedListDelete.DeleteMiddle" end time: Jul 14 23:24 IST
"LinkedListDelete.DeleteMiddle" time elapsed: 00:00:00
----------------------------------------------------------

65/93 Testing: LinkedListDelete.DeleteMissing
65/93 Test: LinkedListDelete.DeleteMissing
Command: "/Users/aayushsharma/dslibrary/build/runTests" "--gtest_filter=LinkedListDelete.DeleteMissing" "--gtest_also_run_disabled_tests"
Directory: /Users/aayushsharma/dslibrary/build
"LinkedListDelete.DeleteMissing" start time: Jul 14 23:24 IST
Output:
----------------------------------------------------------
Note: Google Test filter = LinkedListDelete.DeleteMissing
[==========] Running 1 test from 1 test suite.
[----------] Global test environment set-up.
[----------] 1 test from LinkedListDelete
[ RUN      ] LinkedListDelete.DeleteMissing
[       OK ] LinkedListDelete.DeleteMissing (0 ms)
[----------] 1 test from LinkedListDelete (0 ms total)

[----------] Global test environment tear-down
[==========] 1 test from 1 test suite ran. (0 ms total)
[  PASSED  ] 1 test.
<end of output>
Test time =   0.04 sec
----------------------------------------------------------
Test Passed.
"LinkedListDelete.DeleteMissing" end time: Jul 14 23:24 IST
"LinkedListDelete.DeleteMissing" time elapsed: 00:00:00
----------------------------------------------------------

66/93 Testing: LinkedListDelete.DeleteOnlyNode
66/93 Test: LinkedListDelete.DeleteOnlyNode
Command: "/Users/aayushsharma/dslibrary/build/runTests" "--gtest_filter=LinkedListDelete.DeleteOnlyNode" "--gtest_also_run_disabled_tests"
Directory: /Users/aayushsharma/dslibrary/build
"LinkedListDelete.DeleteOnlyNode" start time: Jul 14 23:24 IST
Output:
----------------------------------------------------------
Note: Google Test filter = LinkedListDelete.DeleteOnlyNode
[==========] Running 1 test from 1 test suite.
[----------] Global test environment set-up.
[----------] 1 test from LinkedListDelete
[ RUN      ] LinkedListDelete.DeleteOnlyNode
[       OK ] LinkedListDelete.DeleteOnlyNode (0 ms)
[----------] 1 test from LinkedListDelete (0 ms total)

[----------] Global test environment tear-down
[==========] 1 test from 1 test suite ran. (0 ms total)
[  PASSED  ] 1 test.
<end of output>
Test time =   0.04 sec
----------------------------------------------------------
Test Passed.
"LinkedListDelete.DeleteOnlyNode" end time: Jul 14 23:24 IST
"LinkedListDelete.DeleteOnlyNode" time elapsed: 00:00:00
----------------------------------------------------------

67/93 Testing: LinkedListSize.InitiallyZero
67/93 Test: LinkedListSize.InitiallyZero
Command: "/Users/aayushsharma/dslibrary/build/runTests" "--gtest_filter=LinkedListSize.InitiallyZero" "--gtest_also_run_disabled_tests"
Directory: /Users/aayushsharma/dslibrary/build
"LinkedListSize.InitiallyZero" start time: Jul 14 23:24 IST
Output:
----------------------------------------------------------
Note: Google Test filter = LinkedListSize.InitiallyZero
[==========] Running 1 test from 1 test suite.
[----------] Global test environment set-up.
[----------] 1 test from LinkedListSize
[ RUN      ] LinkedListSize.InitiallyZero
[       OK ] LinkedListSize.InitiallyZero (0 ms)
[----------] 1 test from LinkedListSize (0 ms total)

[----------] Global test environment tear-down
[==========] 1 test from 1 test suite ran. (0 ms total)
[  PASSED  ] 1 test.
<end of output>
Test time =   0.04 sec
----------------------------------------------------------
Test Passed.
"LinkedListSize.InitiallyZero" end time: Jul 14 23:24 IST
"LinkedListSize.InitiallyZero" time elapsed: 00:00:00
----------------------------------------------------------

68/93 Testing: LinkedListSize.AfterOnePush
68/93 Test: LinkedListSize.AfterOnePush
Command: "/Users/aayushsharma/dslibrary/build/runTests" "--gtest_filter=LinkedListSize.AfterOnePush" "--gtest_also_run_disabled_tests"
Directory: /Users/aayushsharma/dslibrary/build
"LinkedListSize.AfterOnePush" start time: Jul 14 23:24 IST
Output:
----------------------------------------------------------
Note: Google Test filter = LinkedListSize.AfterOnePush
[==========] Running 1 test from 1 test suite.
[----------] Global test environment set-up.
[----------] 1 test from LinkedListSize
[ RUN      ] LinkedListSize.AfterOnePush
[       OK ] LinkedListSize.AfterOnePush (0 ms)
[----------] 1 test from LinkedListSize (0 ms total)

[----------] Global test environment tear-down
[==========] 1 test from 1 test suite ran. (0 ms total)
[  PASSED  ] 1 test.
<end of output>
Test time =   0.04 sec
----------------------------------------------------------
Test Passed.
"LinkedListSize.AfterOnePush" end time: Jul 14 23:24 IST
"LinkedListSize.AfterOnePush" time elapsed: 00:00:00
----------------------------------------------------------

69/93 Testing: LinkedListSize.AfterMultiplePush
69/93 Test: LinkedListSize.AfterMultiplePush
Command: "/Users/aayushsharma/dslibrary/build/runTests" "--gtest_filter=LinkedListSize.AfterMultiplePush" "--gtest_also_run_disabled_tests"
Directory: /Users/aayushsharma/dslibrary/build
"LinkedListSize.AfterMultiplePush" start time: Jul 14 23:24 IST
Output:
----------------------------------------------------------
Note: Google Test filter = LinkedListSize.AfterMultiplePush
[==========] Running 1 test from 1 test suite.
[----------] Global test environment set-up.
[----------] 1 test from LinkedListSize
[ RUN      ] LinkedListSize.AfterMultiplePush
[       OK ] LinkedListSize.AfterMultiplePush (0 ms)
[----------] 1 test from LinkedListSize (0 ms total)

[----------] Global test environment tear-down
[==========] 1 test from 1 test suite ran. (0 ms total)
[  PASSED  ] 1 test.
<end of output>
Test time =   0.04 sec
----------------------------------------------------------
Test Passed.
"LinkedListSize.AfterMultiplePush" end time: Jul 14 23:24 IST
"LinkedListSize.AfterMultiplePush" time elapsed: 00:00:00
[...]
"LinkedListIndex.FirstElement" start time: Jul 14 23:24 IST
Output:
----------------------------------------------------------
Note: Google Test filter = LinkedListIndex.FirstElement
[==========] Running 1 test from 1 test suite.
[----------] Global test environment set-up.
[----------] 1 test from LinkedListIndex
[ RUN      ] LinkedListIndex.FirstElement
[       OK ] LinkedListIndex.FirstElement (0 ms)
[----------] 1 test from LinkedListIndex (0 ms total)

[----------] Global test environment tear-down
[==========] 1 test from 1 test suite ran. (0 ms total)
[  PASSED  ] 1 test.
<end of output>
Test time =   0.04 sec
----------------------------------------------------------
Test Passed.
"LinkedListIndex.FirstElement" end time: Jul 14 23:24 IST
"LinkedListIndex.FirstElement" time elapsed: 00:00:00
----------------------------------------------------------

78/93 Testing: LinkedListIndex.LastElement
78/93 Test: LinkedListIndex.LastElement
Command: "/Users/aayushsharma/dslibrary/build/runTests" "--gtest_filter=LinkedListIndex.LastElement" "--gtest_also_run_disabled_tests"
Directory: /Users/aayushsharma/dslibrary/build
"LinkedListIndex.LastElement" start time: Jul 14 23:24 IST
Output:
----------------------------------------------------------
Note: Google Test filter = LinkedListIndex.LastElement
[==========] Running 1 test from 1 test suite.
[----------] Global test environment set-up.
[----------] 1 test from LinkedListIndex
[ RUN      ] LinkedListIndex.LastElement
[       OK ] LinkedListIndex.LastElement (0 ms)
[----------] 1 test from LinkedListIndex (0 ms total)

[----------] Global test environment tear-down
[==========] 1 test from 1 test suite ran. (0 ms total)
[  PASSED  ] 1 test.
<end of output>
Test time =   0.04 sec
----------------------------------------------------------
Test Passed.
"LinkedListIndex.LastElement" end time: Jul 14 23:24 IST
"LinkedListIndex.LastElement" time elapsed: 00:00:00
----------------------------------------------------------

79/93 Testing: LinkedListIndex.ModifyElement
79/93 Test: LinkedListIndex.ModifyElement
Command: "/Users/aayushsharma/dslibrary/build/runTests" "--gtest_filter=LinkedListIndex.ModifyElement" "--gtest_also_run_disabled_tests"
Directory: /Users/aayushsharma/dslibrary/build
"LinkedListIndex.ModifyElement" start time: Jul 14 23:24 IST
Output:
----------------------------------------------------------
Note: Google Test filter = LinkedListIndex.ModifyElement
[==========] Running 1 test from 1 test suite.
[----------] Global test environment set-up.
[----------] 1 test from LinkedListIndex
[ RUN      ] LinkedListIndex.ModifyElement
[       OK ] LinkedListIndex.ModifyElement (0 ms)
[----------] 1 test from LinkedListIndex (0 ms total)

[----------] Global test environment tear-down
[==========] 1 test from 1 test suite ran. (0 ms total)
[  PASSED  ] 1 test.
<end of output>
Test time =   0.04 sec
----------------------------------------------------------
Test Passed.
"LinkedListIndex.ModifyElement" end time: Jul 14 23:24 IST
"LinkedListIndex.ModifyElement" time elapsed: 00:00:00
----------------------------------------------------------

80/93 Testing: LinkedListIndex.StringElement
80/93 Test: LinkedListIndex.StringElement
Command: "/Users/aayushsharma/dslibrary/build/runTests" "--gtest_filter=LinkedListIndex.StringElement" "--gtest_also_run_disabled_tests"
Directory: /Users/aayushsharma/dslibrary/build
"LinkedListIndex.StringElement" start time: Jul 14 23:24 IST
Output:
----------------------------------------------------------
Note: Google Test filter = LinkedListIndex.StringElement
[==========] Running 1 test from 1 test suite.
[----------] Global test environment set-up.
[----------] 1 test from LinkedListIndex
[ RUN      ] LinkedListIndex.StringElement
[       OK ] LinkedListIndex.StringElement (0 ms)
[----------] 1 test from LinkedListIndex (0 ms total)

[----------] Global test environment tear-down
[==========] 1 test from 1 test suite ran. (0 ms total)
[  PASSED  ] 1 test.
<end of output>
Test time =   0.04 sec
----------------------------------------------------------
Test Passed.
"LinkedListIndex.StringElement" end time: Jul 14 23:24 IST
"LinkedListIndex.StringElement" time elapsed: 00:00:00
----------------------------------------------------------

81/93 Testing: LinkedListIndex.OutOfRange
81/93 Test: LinkedListIndex.OutOfRange
Command: "/Users/aayushsharma/dslibrary/build/runTests" "--gtest_filter=LinkedListIndex.OutOfRange" "--gtest_also_run_disabled_tests"
Directory: /Users/aayushsharma/dslibrary/build
"LinkedListIndex.OutOfRange" start time: Jul 14 23:24 IST
Output:
----------------------------------------------------------
Note: Google Test filter = LinkedListIndex.OutOfRange
[==========] Running 1 test from 1 test suite.
[----------] Global test environment set-up.
[----------] 1 test from LinkedListIndex
[ RUN      ] LinkedListIndex.OutOfRange
[       OK ] LinkedListIndex.OutOfRange (0 ms)
[----------] 1 test from LinkedListIndex (0 ms total)

[----------] Global test environment tear-down
[==========] 1 test from 1 test suite ran. (0 ms total)
[  PASSED  ] 1 test.
<end of output>
Test time =   0.04 sec
----------------------------------------------------------
Test Passed.
"LinkedListIndex.OutOfRange" end time: Jul 14 23:24 IST
"LinkedListIndex.OutOfRange" time elapsed: 00:00:00
----------------------------------------------------------

82/93 Testing: LinkedListCopyConstructor.CopyOneNode
82/93 Test: LinkedListCopyConstructor.CopyOneNode
Command: "/Users/aayushsharma/dslibrary/build/runTests" "--gtest_filter=LinkedListCopyConstructor.CopyOneNode" "--gtest_also_run_disabled_tests"
Directory: /Users/aayushsharma/dslibrary/build
"LinkedListCopyConstructor.CopyOneNode" start time: Jul 14 23:24 IST
Output:
----------------------------------------------------------
Note: Google Test filter = LinkedListCopyConstructor.CopyOneNode
[==========] Running 1 test from 1 test suite.
[----------] Global test environment set-up.
[----------] 1 test from LinkedListCopyConstructor
[ RUN      ] LinkedListCopyConstructor.CopyOneNode
[       OK ] LinkedListCopyConstructor.CopyOneNode (0 ms)
[----------] 1 test from LinkedListCopyConstructor (0 ms total)

[----------] Global test environment tear-down
[==========] 1 test from 1 test suite ran. (0 ms total)
[  PASSED  ] 1 test.
<end of output>
Test time =   0.04 sec
----------------------------------------------------------
Test Passed.
"LinkedListCopyConstructor.CopyOneNode" end time: Jul 14 23:24 IST
"LinkedListCopyConstructor.CopyOneNode" time elapsed: 00:00:00
----------------------------------------------------------

83/93 Testing: LinkedListCopyConstructor.CopySize
83/93 Test: LinkedListCopyConstructor.CopySize
Command: "/Users/aayushsharma/dslibrary/build/runTests" "--gtest_filter=LinkedListCopyConstructor.CopySize" "--gtest_also_run_disabled_tests"
Directory: /Users/aayushsharma/dslibrary/build
"LinkedListCopyConstructor.CopySize" start time: Jul 14 23:24 IST
Output:
----------------------------------------------------------
Note: Google Test filter = LinkedListCopyConstructor.CopySize
[==========] Running 1 test from 1 test suite.
[----------] Global test environment set-up.
[----------] 1 test from LinkedListCopyConstructor
[ RUN      ] LinkedListCopyConstructor.CopySize
[       OK ] LinkedListCopyConstructor.CopySize (0 ms)
[----------] 1 test from LinkedListCopyConstructor (0 ms total)

[----------] Global test environment tear-down
[==========] 1 test from 1 test suite ran. (0 ms total)
[  PASSED  ] 1 test.
<end of output>
Test time =   0.04 sec
----------------------------------------------------------
Test Passed.
"LinkedListCopyConstructor.CopySize" end time: Jul 14 23:24 IST
"LinkedListCopyConstructor.CopySize" time elapsed: 00:00:00
----------------------------------------------------------

84/93 Testing: LinkedListCopyConstructor.DeepCopy
84/93 Test: LinkedListCopyConstructor.DeepCopy
Command: "/Users/aayushsharma/dslibrary/build/runTests" "--gtest_filter=LinkedListCopyConstructor.DeepCopy" "--gtest_also_run_disabled_tests"
Directory: /Users/aayushsharma/dslibrary/build
"LinkedListCopyConstructor.DeepCopy" start time: Jul 14 23:24 IST
Output:
----------------------------------------------------------
Note: Google Test filter = LinkedListCopyConstructor.DeepCopy
[==========] Running 1 test from 1 test suite.
[----------] Global test environment set-up.
[----------] 1 test from LinkedListCopyConstructor
[ RUN      ] LinkedListCopyConstructor.DeepCopy
[       OK ] LinkedListCopyConstructor.DeepCopy (0 ms)
[----------] 1 test from LinkedListCopyConstructor (0 ms total)

[----------] Global test environment tear-down
[==========] 1 test from 1 test suite ran. (0 ms total)
[  PASSED  ] 1 test.
<end of output>
Test time =   0.04 sec
----------------------------------------------------------
Test Passed.
"LinkedListCopyConstructor.DeepCopy" end time: Jul 14 23:24 IST
"LinkedListCopyConstructor.DeepCopy" time elapsed: 00:00:00
----------------------------------------------------------

85/93 Testing: LinkedListCopyConstructor.CopyEmptyList
85/93 Test: LinkedListCopyConstructor.CopyEmptyList
Command: "/Users/aayushsharma/dslibrary/build/runTests" "--gtest_filter=LinkedListCopyConstructor.CopyEmptyList" "--gtest_also_run_disabled_tests"
Directory: /Users/aayushsharma/dslibrary/build
"LinkedListCopyConstructor.CopyEmptyList" start time: Jul 14 23:24 IST
Output:
----------------------------------------------------------
Note: Google Test filter = LinkedListCopyConstructor.CopyEmptyList
[==========] Running 1 test from 1 test suite.
[----------] Global test environment set-up.
[----------] 1 test from LinkedListCopyConstructor
[ RUN      ] LinkedListCopyConstructor.CopyEmptyList
[       OK ] LinkedListCopyConstructor.CopyEmptyList (0 ms)
[----------] 1 test from LinkedListCopyConstructor (0 ms total)

[----------] Global test environment tear-down
[==========] 1 test from 1 test suite ran. (0 ms total)
[  PASSED  ] 1 test.
<end of output>
Test time =   0.04 sec
----------------------------------------------------------
Test Passed.
"LinkedListCopyConstructor.CopyEmptyList" end time: Jul 14 23:24 IST
"LinkedListCopyConstructor.CopyEmptyList" time elapsed: 00:00:00
----------------------------------------------------------

86/93 Testing: LinkedListCopyConstructor.PreserveOrder
86/93 Test: LinkedListCopyConstructor.PreserveOrder
Command: "/Users/aayushsharma/dslibrary/build/runTests" "--gtest_filter=LinkedListCopyConstructor.PreserveOrder" "--gtest_also_run_disabled_tests"
Directory: /Users/aayushsharma/dslibrary/build
"LinkedListCopyConstructor.PreserveOrder" start time: Jul 14 23:24 IST
Output:
----------------------------------------------------------
Note: Google Test filter = LinkedListCopyConstructor.PreserveOrder
[==========] Running 1 test from 1 test suite.
[----------] Global test environment set-up.
[----------] 1 test from LinkedListCopyConstructor
[ RUN      ] LinkedListCopyConstructor.PreserveOrder
[       OK ] LinkedListCopyConstructor.PreserveOrder (0 ms)
[----------] 1 test from LinkedListCopyConstructor (0 ms total)

[----------] Global test environment tear-down
[==========] 1 test from 1 test suite ran. (0 ms total)
[  PASSED  ] 1 test.
<end of output>
Test time =   0.04 sec
----------------------------------------------------------
Test Passed.
"LinkedListCopyConstructor.PreserveOrder" end time: Jul 14 23:24 IST
"LinkedListCopyConstructor.PreserveOrder" time elapsed: 00:00:00
----------------------------------------------------------

87/93 Testing: LinkedListAssignment.BasicAssignment
87/93 Test: LinkedListAssignment.BasicAssignment
Command: "/Users/aayushsharma/dslibrary/build/runTests" "--gtest_filter=LinkedListAssignment.BasicAssignment" "--gtest_also_run_disabled_tests"
Directory: /Users/aayushsharma/dslibrary/build
"LinkedListAssignment.BasicAssignment" start time: Jul 14 23:24 IST
Output:
----------------------------------------------------------
Note: Google Test filter = LinkedListAssignment.BasicAssignment
[==========] Running 1 test from 1 test suite.
[----------] Global test environment set-up.
[----------] 1 test from LinkedListAssignment
[ RUN      ] LinkedListAssignment.BasicAssignment
[       OK ] LinkedListAssignment.BasicAssignment (0 ms)
[----------] 1 test from LinkedListAssignment (0 ms total)

[----------] Global test environment tear-down
[==========] 1 test from 1 test suite ran. (0 ms total)
[  PASSED  ] 1 test.
<end of output>
Test time =   0.04 sec
----------------------------------------------------------
Test Passed.
"LinkedListAssignment.BasicAssignment" end time: Jul 14 23:24 IST
"LinkedListAssignment.BasicAssignment" time elapsed: 00:00:00
----------------------------------------------------------

88/93 Testing: LinkedListAssignment.SizeCopied
88/93 Test: LinkedListAssignment.SizeCopied
Command: "/Users/aayushsharma/dslibrary/build/runTests" "--gtest_filter=LinkedListAssignment.SizeCopied" "--gtest_also_run_disabled_tests"
Directory: /Users/aayushsharma/dslibrary/build
"LinkedListAssignment.SizeCopied" start time: Jul 14 23:24 IST
Output:
----------------------------------------------------------
Note: Google Test filter = LinkedListAssignment.SizeCopied
[==========] Running 1 test from 1 test suite.
[----------] Global test environment set-up.
[----------] 1 test from LinkedListAssignment
[ RUN      ] LinkedListAssignment.SizeCopied
[       OK ] LinkedListAssignment.SizeCopied (0 ms)
[----------] 1 test from LinkedListAssignment (0 ms total)

[----------] Global test environment tear-down
[==========] 1 test from 1 test suite ran. (0 ms total)
[  PASSED  ] 1 test.
<end of output>
Test time =   0.04 sec
----------------------------------------------------------
Test Passed.
"LinkedListAssignment.SizeCopied" end time: Jul 14 23:24 IST
"LinkedListAssignment.SizeCopied" time elapsed: 00:00:00
----------------------------------------------------------

89/93 Testing: LinkedListAssignment.DeepCopy
89/93 Test: LinkedListAssignment.DeepCopy
Command: "/Users/aayushsharma/dslibrary/build/runTests" "--gtest_filter=LinkedListAssignment.DeepCopy" "--gtest_also_run_disabled_tests"
Directory: /Users/aayushsharma/dslibrary/build
"LinkedListAssignment.DeepCopy" start time: Jul 14 23:24 IST
Output:
----------------------------------------------------------
Note: Google Test filter = LinkedListAssignment.DeepCopy
[==========] Running 1 test from 1 test suite.
[----------] Global test environment set-up.
[----------] 1 test from LinkedListAssignment
[ RUN      ] LinkedListAssignment.DeepCopy
[       OK ] LinkedListAssignment.DeepCopy (0 ms)
[----------] 1 test from LinkedListAssignment (0 ms total)

[----------] Global test environment tear-down
[==========] 1 test from 1 test suite ran. (0 ms total)
[  PASSED  ] 1 test.
<end of output>
Test time =   0.04 sec
----------------------------------------------------------
Test Passed.
"LinkedListAssignment.DeepCopy" end time: Jul 14 23:24 IST
"LinkedListAssignment.DeepCopy" time elapsed: 00:00:00
----------------------------------------------------------

90/93 Testing: LinkedListAssignment.SelfAssignment
90/93 Test: LinkedListAssignment.SelfAssignment
Command: "/Users/aayushsharma/dslibrary/build/runTests" "--gtest_filter=LinkedListAssignment.SelfAssignment" "--gtest_also_run_disabled_tests"
Directory: /Users/aayushsharma/dslibrary/build
"LinkedListAssignment.SelfAssignment" start time: Jul 14 23:24 IST
Output:
----------------------------------------------------------
Note: Google Test filter = LinkedListAssignment.SelfAssignment
[==========] Running 1 test from 1 test suite.
[----------] Global test environment set-up.
[----------] 1 test from LinkedListAssignment
[ RUN      ] LinkedListAssignment.SelfAssignment
[       OK ] LinkedListAssignment.SelfAssignment (0 ms)
[----------] 1 test from LinkedListAssignment (0 ms total)

[----------] Global test environment tear-down
[==========] 1 test from 1 test suite ran. (0 ms total)
[  PASSED  ] 1 test.
<end of output>
Test time =   0.04 sec
----------------------------------------------------------
Test Passed.
"LinkedListAssignment.SelfAssignment" end time: Jul 14 23:24 IST
"LinkedListAssignment.SelfAssignment" time elapsed: 00:00:00
----------------------------------------------------------

91/93 Testing: LinkedListAssignment.AssignEmptyList
91/93 Test: LinkedListAssignment.AssignEmptyList
Command: "/Users/aayushsharma/dslibrary/build/runTests" "--gtest_filter=LinkedListAssignment.AssignEmptyList" "--gtest_also_run_disabled_tests"
Directory: /Users/aayushsharma/dslibrary/build
"LinkedListAssignment.AssignEmptyList" start time: Jul 14 23:24 IST
Output:
----------------------------------------------------------
Note: Google Test filter = LinkedListAssignment.AssignEmptyList
[==========] Running 1 test from 1 test suite.
[----------] Global test environment set-up.
[----------] 1 test from LinkedListAssignment
[ RUN      ] LinkedListAssignment.AssignEmptyList
[       OK ] LinkedListAssignment.AssignEmptyList (0 ms)
[----------] 1 test from LinkedListAssignment (0 ms total)

[----------] Global test environment tear-down
[==========] 1 test from 1 test suite ran. (0 ms total)
[  PASSED  ] 1 test.
<end of output>
Test time =   0.04 sec
----------------------------------------------------------
Test Passed.
"LinkedListAssignment.AssignEmptyList" end time: Jul 14 23:24 IST
"LinkedListAssignment.AssignEmptyList" time elapsed: 00:00:00
----------------------------------------------------------

92/93 Testing: LinkedListUserDefined.AllOperations
92/93 Test: LinkedListUserDefined.AllOperations
Command: "/Users/aayushsharma/dslibrary/build/runTests" "--gtest_filter=LinkedListUserDefined.AllOperations" "--gtest_also_run_disabled_tests"
Directory: /Users/aayushsharma/dslibrary/build
"LinkedListUserDefined.AllOperations" start time: Jul 14 23:24 IST
Output:
----------------------------------------------------------
Note: Google Test filter = LinkedListUserDefined.AllOperations
[==========] Running 1 test from 1 test suite.
[----------] Global test environment set-up.
[----------] 1 test from LinkedListUserDefined
[ RUN      ] LinkedListUserDefined.AllOperations
[       OK ] LinkedListUserDefined.AllOperations (0 ms)
[----------] 1 test from LinkedListUserDefined (0 ms total)

[----------] Global test environment tear-down
[==========] 1 test from 1 test suite ran. (0 ms total)
[  PASSED  ] 1 test.
<end of output>
Test time =   0.04 sec
----------------------------------------------------------
Test Passed.
"LinkedListUserDefined.AllOperations" end time: Jul 14 23:24 IST
"LinkedListUserDefined.AllOperations" time elapsed: 00:00:00
----------------------------------------------------------

93/93 Testing: VectorUserDefined.AllOperations
93/93 Test: VectorUserDefined.AllOperations
Command: "/Users/aayushsharma/dslibrary/build/runTests" "--gtest_filter=VectorUserDefined.AllOperations" "--gtest_also_run_disabled_tests"
Directory: /Users/aayushsharma/dslibrary/build
"VectorUserDefined.AllOperations" start time: Jul 14 23:24 IST
Output:
----------------------------------------------------------
Note: Google Test filter = VectorUserDefined.AllOperations
[==========] Running 1 test from 1 test suite.
[----------] Global test environment set-up.
[----------] 1 test from VectorUserDefined
[ RUN      ] VectorUserDefined.AllOperations
[       OK ] VectorUserDefined.AllOperations (0 ms)
[----------] 1 test from VectorUserDefined (0 ms total)

[----------] Global test environment tear-down
[==========] 1 test from 1 test suite ran. (0 ms total)
[  PASSED  ] 1 test.
<end of output>
Test time =   0.04 sec
----------------------------------------------------------
Test Passed.
"VectorUserDefined.AllOperations" end time: Jul 14 23:24 IST
"VectorUserDefined.AllOperations" time elapsed: 00:00:00
----------------------------------------------------------

End testing: Jul 14 23:24 IST
