Start testing: Jul 16 11:34 IST
----------------------------------------------------------
1/173 Testing: VectorTest.PushBack
1/173 Test: VectorTest.PushBack
Command: "/Users/aayushsharma/dslibrary/build/runTests" "--gtest_filter=VectorTest.PushBack" "--gtest_also_run_disabled_tests"
Directory: /Users/aayushsharma/dslibrary/build
"VectorTest.PushBack" start time: Jul 16 11:34 IST
Output:
----------------------------------------------------------
Note: Google Test filter = VectorTest.PushBack
[==========] Running 1 test from 1 test suite.
[----------] Global test environment set-up.
[----------] 1 test from VectorTest
[ RUN      ] VectorTest.PushBack
[       OK ] VectorTest.PushBack (0 ms)
[----------] 1 test from VectorTest (0 ms total)

[----------] Global test environment tear-down
[==========] 1 test from 1 test suite ran. (0 ms total)
[  PASSED  ] 1 test.
<end of output>
Test time =   0.62 sec
----------------------------------------------------------
Test Passed.
"VectorTest.PushBack" end time: Jul 16 11:34 IST
"VectorTest.PushBack" time elapsed: 00:00:00
----------------------------------------------------------

2/173 Testing: VectorConstructor.DefaultConstructor
2/173 Test: VectorConstructor.DefaultConstructor
Command: "/Users/aayushsharma/dslibrary/build/runTests" "--gtest_filter=VectorConstructor.DefaultConstructor" "--gtest_also_run_disabled_tests"
Directory: /Users/aayushsharma/dslibrary/build
"VectorConstructor.DefaultConstructor" start time: Jul 16 11:34 IST
Output:
----------------------------------------------------------
Note: Google Test filter = VectorConstructor.DefaultConstructor
[==========] Running 1 test from 1 test suite.
[----------] Global test environment set-up.
[----------] 1 test from VectorConstructor
[ RUN      ] VectorConstructor.DefaultConstructor
[       OK ] VectorConstructor.DefaultConstructor (0 ms)
[----------] 1 test from VectorConstructor (0 ms total)

[----------] Global test environment tear-down
[==========] 1 test from 1 test suite ran. (0 ms total)
[  PASSED  ] 1 test.
<end of output>
Test time =   0.04 sec
----------------------------------------------------------
Test Passed.
"VectorConstructor.DefaultConstructor" end time: Jul 16 11:34 IST
"VectorConstructor.DefaultConstructor" time elapsed: 00:00:00
----------------------------------------------------------

3/173 Testing: VectorConstructor.DefaultCapacityPositive
3/173 Test: VectorConstructor.DefaultCapacityPositive
Command: "/Users/aayushsharma/dslibrary/build/runTests" "--gtest_filter=VectorConstructor.DefaultCapacityPositive" "--gtest_also_run_disabled_tests"
Directory: /Users/aayushsharma/dslibrary/build
"VectorConstructor.DefaultCapacityPositive" start time: Jul 16 11:34 IST
Output:
----------------------------------------------------------
Note: Google Test filter = VectorConstructor.DefaultCapacityPositive
[==========] Running 1 test from 1 test suite.
[----------] Global test environment set-up.
[----------] 1 test from VectorConstructor
[ RUN      ] VectorConstructor.DefaultCapacityPositive
[       OK ] VectorConstructor.DefaultCapacityPositive (0 ms)
[----------] 1 test from VectorConstructor (0 ms total)

[----------] Global test environment tear-down
[==========] 1 test from 1 test suite ran. (0 ms total)
[  PASSED  ] 1 test.
<end of output>
Test time =   0.04 sec
----------------------------------------------------------
Test Passed.
"VectorConstructor.DefaultCapacityPositive" end time: Jul 16 11:34 IST
"VectorConstructor.DefaultCapacityPositive" time elapsed: 00:00:00
----------------------------------------------------------

4/173 Testing: VectorConstructor.ParameterizedConstructor
4/173 Test: VectorConstructor.ParameterizedConstructor
Command: "/Users/aayushsharma/dslibrary/build/runTests" "--gtest_filter=VectorConstructor.ParameterizedConstructor" "--gtest_also_run_disabled_tests"
Directory: /Users/aayushsharma/dslibrary/build
"VectorConstructor.ParameterizedConstructor" start time: Jul 16 11:34 IST
Output:
----------------------------------------------------------
Note: Google Test filter = VectorConstructor.ParameterizedConstructor
[==========] Running 1 test from 1 test suite.
[----------] Global test environment set-up.
[----------] 1 test from VectorConstructor
[ RUN      ] VectorConstructor.ParameterizedConstructor
[       OK ] VectorConstructor.ParameterizedConstructor (0 ms)
[----------] 1 test from VectorConstructor (0 ms total)

[----------] Global test environment tear-down
[==========] 1 test from 1 test suite ran. (0 ms total)
[  PASSED  ] 1 test.
<end of output>
Test time =   0.05 sec
----------------------------------------------------------
Test Passed.
"VectorConstructor.ParameterizedConstructor" end time: Jul 16 11:34 IST
"VectorConstructor.ParameterizedConstructor" time elapsed: 00:00:00
----------------------------------------------------------

5/173 Testing: VectorConstructor.ParameterizedConstructorSizeZero
5/173 Test: VectorConstructor.ParameterizedConstructorSizeZero
Command: "/Users/aayushsharma/dslibrary/build/runTests" "--gtest_filter=VectorConstructor.ParameterizedConstructorSizeZero" "--gtest_also_run_disabled_tests"
Directory: /Users/aayushsharma/dslibrary/build
"VectorConstructor.ParameterizedConstructorSizeZero" start time: Jul 16 11:34 IST
Output:
----------------------------------------------------------
Note: Google Test filter = VectorConstructor.ParameterizedConstructorSizeZero
[==========] Running 1 test from 1 test suite.
[----------] Global test environment set-up.
[----------] 1 test from VectorConstructor
[ RUN      ] VectorConstructor.ParameterizedConstructorSizeZero
[       OK ] VectorConstructor.ParameterizedConstructorSizeZero (0 ms)
[----------] 1 test from VectorConstructor (0 ms total)

[----------] Global test environment tear-down
[==========] 1 test from 1 test suite ran. (0 ms total)
[  PASSED  ] 1 test.
<end of output>
Test time =   0.04 sec
----------------------------------------------------------
Test Passed.
"VectorConstructor.ParameterizedConstructorSizeZero" end time: Jul 16 11:34 IST
"VectorConstructor.ParameterizedConstructorSizeZero" time elapsed: 00:00:00
----------------------------------------------------------

6/173 Testing: VectorConstructor.ConstructStringVector
6/173 Test: VectorConstructor.ConstructStringVector
Command: "/Users/aayushsharma/dslibrary/build/runTests" "--gtest_filter=VectorConstructor.ConstructStringVector" "--gtest_also_run_disabled_tests"
Directory: /Users/aayushsharma/dslibrary/build
"VectorConstructor.ConstructStringVector" start time: Jul 16 11:34 IST
Output:
----------------------------------------------------------
Note: Google Test filter = VectorConstructor.ConstructStringVector
[==========] Running 1 test from 1 test suite.
[----------] Global test environment set-up.
[----------] 1 test from VectorConstructor
[ RUN      ] VectorConstructor.ConstructStringVector
[       OK ] VectorConstructor.ConstructStringVector (0 ms)
[----------] 1 test from VectorConstructor (0 ms total)

[----------] Global test environment tear-down
[==========] 1 test from 1 test suite ran. (0 ms total)
[  PASSED  ] 1 test.
<end of output>
Test time =   0.04 sec
----------------------------------------------------------
Test Passed.
"VectorConstructor.ConstructStringVector" end time: Jul 16 11:34 IST
"VectorConstructor.ConstructStringVector" time elapsed: 00:00:00
----------------------------------------------------------

7/173 Testing: VectorPushBack.PushOneElement
7/173 Test: VectorPushBack.PushOneElement
Command: "/Users/aayushsharma/dslibrary/build/runTests" "--gtest_filter=VectorPushBack.PushOneElement" "--gtest_also_run_disabled_tests"
Directory: /Users/aayushsharma/dslibrary/build
"VectorPushBack.PushOneElement" start time: Jul 16 11:34 IST
Output:
----------------------------------------------------------
Note: Google Test filter = VectorPushBack.PushOneElement
[==========] Running 1 test from 1 test suite.
[----------] Global test environment set-up.
[----------] 1 test from VectorPushBack
[ RUN      ] VectorPushBack.PushOneElement
[       OK ] VectorPushBack.PushOneElement (0 ms)
[----------] 1 test from VectorPushBack (0 ms total)

[----------] Global test environment tear-down
[==========] 1 test from 1 test suite ran. (0 ms total)
[  PASSED  ] 1 test.
<end of output>
Test time =   0.05 sec
----------------------------------------------------------
Test Passed.
"VectorPushBack.PushOneElement" end time: Jul 16 11:34 IST
"VectorPushBack.PushOneElement" time elapsed: 00:00:00
----------------------------------------------------------

8/173 Testing: VectorPushBack.PushMultipleElements
8/173 Test: VectorPushBack.PushMultipleElements
Command: "/Users/aayushsharma/dslibrary/build/runTests" "--gtest_filter=VectorPushBack.PushMultipleElements" "--gtest_also_run_disabled_tests"
Directory: /Users/aayushsharma/dslibrary/build
"VectorPushBack.PushMultipleElements" start time: Jul 16 11:34 IST
Output:
----------------------------------------------------------
Note: Google Test filter = VectorPushBack.PushMultipleElements
[==========] Running 1 test from 1 test suite.
[----------] Global test environment set-up.
[----------] 1 test from VectorPushBack
[ RUN      ] VectorPushBack.PushMultipleElements
[       OK ] VectorPushBack.PushMultipleElements (0 ms)
[----------] 1 test from VectorPushBack (0 ms total)

[----------] Global test environment tear-down
[==========] 1 test from 1 test suite ran. (0 ms total)
[  PASSED  ] 1 test.
<end of output>
Test time =   0.04 sec
----------------------------------------------------------
Test Passed.
"VectorPushBack.PushMultipleElements" end time: Jul 16 11:34 IST
"VectorPushBack.PushMultipleElements" time elapsed: 00:00:00
----------------------------------------------------------

9/173 Testing: VectorPushBack.OrderMaintained
9/173 Test: VectorPushBack.OrderMaintained
Command: "/Users/aayushsharma/dslibrary/build/runTests" "--gtest_filter=VectorPushBack.OrderMaintained" "--gtest_also_run_disabled_tests"
Directory: /Users/aayushsharma/dslibrary/build
"VectorPushBack.OrderMaintained" start time: Jul 16 11:34 IST
Output:
----------------------------------------------------------
Note: Google Test filter = VectorPushBack.OrderMaintained
[==========] Running 1 test from 1 test suite.
[----------] Global test environment set-up.
[----------] 1 test from VectorPushBack
[ RUN      ] VectorPushBack.OrderMaintained
[       OK ] VectorPushBack.OrderMaintained (0 ms)
[----------] 1 test from VectorPushBack (0 ms total)

[----------] Global test environment tear-down
[==========] 1 test from 1 test suite ran. (0 ms total)
[  PASSED  ] 1 test.
<end of output>
Test time =   0.04 sec
----------------------------------------------------------
Test Passed.
"VectorPushBack.OrderMaintained" end time: Jul 16 11:34 IST
"VectorPushBack.OrderMaintained" time elapsed: 00:00:00
----------------------------------------------------------

10/173 Testing: VectorPushBack.ResizeAutomatically
10/173 Test: VectorPushBack.ResizeAutomatically
Command: "/Users/aayushsharma/dslibrary/build/runTests" "--gtest_filter=VectorPushBack.ResizeAutomatically" "--gtest_also_run_disabled_tests"
Directory: /Users/aayushsharma/dslibrary/build
"VectorPushBack.ResizeAutomatically" start time: Jul 16 11:34 IST
Output:
----------------------------------------------------------
Note: Google Test filter = VectorPushBack.ResizeAutomatically
[==========] Running 1 test from 1 test suite.
[----------] Global test environment set-up.
[----------] 1 test from VectorPushBack
[ RUN      ] VectorPushBack.ResizeAutomatically
[       OK ] VectorPushBack.ResizeAutomatically (0 ms)
[----------] 1 test from VectorPushBack (0 ms total)

[----------] Global test environment tear-down
[==========] 1 test from 1 test suite ran. (0 ms total)
[  PASSED  ] 1 test.
<end of output>
Test time =   0.04 sec
----------------------------------------------------------
Test Passed.
"VectorPushBack.ResizeAutomatically" end time: Jul 16 11:34 IST
"VectorPushBack.ResizeAutomatically" time elapsed: 00:00:00
----------------------------------------------------------

11/173 Testing: VectorPushBack.PushStrings
11/173 Test: VectorPushBack.PushStrings
Command: "/Users/aayushsharma/dslibrary/build/runTests" "--gtest_filter=VectorPushBack.PushStrings" "--gtest_also_run_disabled_tests"
Directory: /Users/aayushsharma/dslibrary/build
"VectorPushBack.PushStrings" start time: Jul 16 11:34 IST
Output:
----------------------------------------------------------
Note: Google Test filter = VectorPushBack.PushStrings
[==========] Running 1 test from 1 test suite.
[----------] Global test environment set-up.
[----------] 1 test from VectorPushBack
[ RUN      ] VectorPushBack.PushStrings
[       OK ] VectorPushBack.PushStrings (0 ms)
[----------] 1 test from VectorPushBack (0 ms total)

[----------] Global test environment tear-down
[==========] 1 test from 1 test suite ran. (0 ms total)
[  PASSED  ] 1 test.
<end of output>
Test time =   0.04 sec
----------------------------------------------------------
Test Passed.
"VectorPushBack.PushStrings" end time: Jul 16 11:34 IST
"VectorPushBack.PushStrings" time elapsed: 00:00:00
----------------------------------------------------------

12/173 Testing: VectorPopBack.PopOneElement
12/173 Test: VectorPopBack.PopOneElement
Command: "/Users/aayushsharma/dslibrary/build/runTests" "--gtest_filter=VectorPopBack.PopOneElement" "--gtest_also_run_disabled_tests"
Directory: /Users/aayushsharma/dslibrary/build
"VectorPopBack.PopOneElement" start time: Jul 16 11:34 IST
Output:
----------------------------------------------------------
Note: Google Test filter = VectorPopBack.PopOneElement
[==========] Running 1 test from 1 test suite.
[----------] Global test environment set-up.
[----------] 1 test from VectorPopBack
[ RUN      ] VectorPopBack.PopOneElement
[       OK ] VectorPopBack.PopOneElement (0 ms)
[----------] 1 test from VectorPopBack (0 ms total)

[----------] Global test environment tear-down
[==========] 1 test from 1 test suite ran. (0 ms total)
[  PASSED  ] 1 test.
<end of output>
Test time =   0.04 sec
----------------------------------------------------------
Test Passed.
"VectorPopBack.PopOneElement" end time: Jul 16 11:34 IST
"VectorPopBack.PopOneElement" time elapsed: 00:00:00
----------------------------------------------------------

13/173 Testing: VectorPopBack.PopReducesSize
13/173 Test: VectorPopBack.PopReducesSize
Command: "/Users/aayushsharma/dslibrary/build/runTests" "--gtest_filter=VectorPopBack.PopReducesSize" "--gtest_also_run_disabled_tests"
Directory: /Users/aayushsharma/dslibrary/build
"VectorPopBack.PopReducesSize" start time: Jul 16 11:34 IST
Output:
----------------------------------------------------------
Note: Google Test filter = VectorPopBack.PopReducesSize
[==========] Running 1 test from 1 test suite.
[----------] Global test environment set-up.
[----------] 1 test from VectorPopBack
[ RUN      ] VectorPopBack.PopReducesSize
[       OK ] VectorPopBack.PopReducesSize (0 ms)
[----------] 1 test from VectorPopBack (0 ms total)

[----------] Global test environment tear-down
[==========] 1 test from 1 test suite ran. (0 ms total)
[  PASSED  ] 1 test.
<end of output>
Test time =   0.04 sec
----------------------------------------------------------
Test Passed.
"VectorPopBack.PopReducesSize" end time: Jul 16 11:34 IST
"VectorPopBack.PopReducesSize" time elapsed: 00:00:00
----------------------------------------------------------

14/173 Testing: VectorPopBack.PopKeepsFirstElement
14/173 Test: VectorPopBack.PopKeepsFirstElement
Command: "/Users/aayushsharma/dslibrary/build/runTests" "--gtest_filter=VectorPopBack.PopKeepsFirstElement" "--gtest_also_run_disabled_tests"
Directory: /Users/aayushsharma/dslibrary/build
"VectorPopBack.PopKeepsFirstElement" start time: Jul 16 11:34 IST
Output:
----------------------------------------------------------
Note: Google Test filter = VectorPopBack.PopKeepsFirstElement
[==========] Running 1 test from 1 test suite.
[----------] Global test environment set-up.
[----------] 1 test from VectorPopBack
[ RUN      ] VectorPopBack.PopKeepsFirstElement
[       OK ] VectorPopBack.PopKeepsFirstElement (0 ms)
[----------] 1 test from VectorPopBack (0 ms total)

[----------] Global test environment tear-down
[==========] 1 test from 1 test suite ran. (0 ms total)
[  PASSED  ] 1 test.
<end of output>
Test time =   0.04 sec
----------------------------------------------------------
Test Passed.
"VectorPopBack.PopKeepsFirstElement" end time: Jul 16 11:34 IST
"VectorPopBack.PopKeepsFirstElement" time elapsed: 00:00:00
----------------------------------------------------------

15/173 Testing: VectorPopBack.PopUntilEmpty
15/173 Test: VectorPopBack.PopUntilEmpty
Command: "/Users/aayushsharma/dslibrary/build/runTests" "--gtest_filter=VectorPopBack.PopUntilEmpty" "--gtest_also_run_disabled_tests"
Directory: /Users/aayushsharma/dslibrary/build
"VectorPopBack.PopUntilEmpty" start time: Jul 16 11:34 IST
Output:
----------------------------------------------------------
Note: Google Test filter = VectorPopBack.PopUntilEmpty
[==========] Running 1 test from 1 test suite.
[----------] Global test environment set-up.
[----------] 1 test from VectorPopBack
[ RUN      ] VectorPopBack.PopUntilEmpty
[       OK ] VectorPopBack.PopUntilEmpty (0 ms)
[----------] 1 test from VectorPopBack (0 ms total)

[----------] Global test environment tear-down
[==========] 1 test from 1 test suite ran. (0 ms total)
[  PASSED  ] 1 test.
<end of output>
Test time =   0.05 sec
----------------------------------------------------------
Test Passed.
"VectorPopBack.PopUntilEmpty" end time: Jul 16 11:34 IST
"VectorPopBack.PopUntilEmpty" time elapsed: 00:00:00
----------------------------------------------------------

16/173 Testing: VectorPopBack.PopAfterResize
16/173 Test: VectorPopBack.PopAfterResize
Command: "/Users/aayushsharma/dslibrary/build/runTests" "--gtest_filter=VectorPopBack.PopAfterResize" "--gtest_also_run_disabled_tests"
Directory: /Users/aayushsharma/dslibrary/build
"VectorPopBack.PopAfterResize" start time: Jul 16 11:34 IST
Output:
----------------------------------------------------------
Note: Google Test filter = VectorPopBack.PopAfterResize
[==========] Running 1 test from 1 test suite.
[----------] Global test environment set-up.
[----------] 1 test from VectorPopBack
[ RUN      ] VectorPopBack.PopAfterResize
[       OK ] VectorPopBack.PopAfterResize (0 ms)
[----------] 1 test from VectorPopBack (0 ms total)

[----------] Global test environment tear-down
[==========] 1 test from 1 test suite ran. (0 ms total)
[  PASSED  ] 1 test.
<end of output>
Test time =   0.04 sec
----------------------------------------------------------
Test Passed.
"VectorPopBack.PopAfterResize" end time: Jul 16 11:34 IST
"VectorPopBack.PopAfterResize" time elapsed: 00:00:00
----------------------------------------------------------

17/173 Testing: VectorSize.DefaultSizeIsZero
17/173 Test: VectorSize.DefaultSizeIsZero
Command: "/Users/aayushsharma/dslibrary/build/runTests" "--gtest_filter=VectorSize.DefaultSizeIsZero" "--gtest_also_run_disabled_tests"
Directory: /Users/aayushsharma/dslibrary/build
"VectorSize.DefaultSizeIsZero" start time: Jul 16 11:34 IST
Output:
----------------------------------------------------------
Note: Google Test filter = VectorSize.DefaultSizeIsZero
[==========] Running 1 test from 1 test suite.
[----------] Global test environment set-up.
[----------] 1 test from VectorSize
[ RUN      ] VectorSize.DefaultSizeIsZero
[       OK ] VectorSize.DefaultSizeIsZero (0 ms)
[----------] 1 test from VectorSize (0 ms total)

[----------] Global test environment tear-down
[==========] 1 test from 1 test suite ran. (0 ms total)
[  PASSED  ] 1 test.
<end of output>
Test time =   0.04 sec
----------------------------------------------------------
Test Passed.
"VectorSize.DefaultSizeIsZero" end time: Jul 16 11:34 IST
"VectorSize.DefaultSizeIsZero" time elapsed: 00:00:00
----------------------------------------------------------

18/173 Testing: VectorSize.SizeAfterOnePush
18/173 Test: VectorSize.SizeAfterOnePush
Command: "/Users/aayushsharma/dslibrary/build/runTests" "--gtest_filter=VectorSize.SizeAfterOnePush" "--gtest_also_run_disabled_tests"
Directory: /Users/aayushsharma/dslibrary/build
"VectorSize.SizeAfterOnePush" start time: Jul 16 11:34 IST
Output:
----------------------------------------------------------
Note: Google Test filter = VectorSize.SizeAfterOnePush
[==========] Running 1 test from 1 test suite.
[----------] Global test environment set-up.
[----------] 1 test from VectorSize
[ RUN      ] VectorSize.SizeAfterOnePush
[       OK ] VectorSize.SizeAfterOnePush (0 ms)
[----------] 1 test from VectorSize (0 ms total)

[----------] Global test environment tear-down
[==========] 1 test from 1 test suite ran. (0 ms total)
[  PASSED  ] 1 test.
<end of output>
Test time =   0.04 sec
----------------------------------------------------------
Test Passed.
"VectorSize.SizeAfterOnePush" end time: Jul 16 11:34 IST
"VectorSize.SizeAfterOnePush" time elapsed: 00:00:00
----------------------------------------------------------

19/173 Testing: VectorSize.SizeAfterMultiplePush
19/173 Test: VectorSize.SizeAfterMultiplePush
Command: "/Users/aayushsharma/dslibrary/build/runTests" "--gtest_filter=VectorSize.SizeAfterMultiplePush" "--gtest_also_run_disabled_tests"
Directory: /Users/aayushsharma/dslibrary/build
"VectorSize.SizeAfterMultiplePush" start time: Jul 16 11:34 IST
Output:
----------------------------------------------------------
Note: Google Test filter = VectorSize.SizeAfterMultiplePush
[==========] Running 1 test from 1 test suite.
[----------] Global test environment set-up.
[----------] 1 test from VectorSize
[ RUN      ] VectorSize.SizeAfterMultiplePush
[       OK ] VectorSize.SizeAfterMultiplePush (0 ms)
[----------] 1 test from VectorSize (0 ms total)

[----------] Global test environment tear-down
[==========] 1 test from 1 test suite ran. (0 ms total)
[  PASSED  ] 1 test.
<end of output>
Test time =   0.04 sec
----------------------------------------------------------
Test Passed.
"VectorSize.SizeAfterMultiplePush" end time: Jul 16 11:34 IST
"VectorSize.SizeAfterMultiplePush" time elapsed: 00:00:00
----------------------------------------------------------

20/173 Testing: VectorSize.SizeAfterPop
20/173 Test: VectorSize.SizeAfterPop
Command: "/Users/aayushsharma/dslibrary/build/runTests" "--gtest_filter=VectorSize.SizeAfterPop" "--gtest_also_run_disabled_tests"
Directory: /Users/aayushsharma/dslibrary/build
"VectorSize.SizeAfterPop" start time: Jul 16 11:34 IST
Output:
----------------------------------------------------------
Note: Google Test filter = VectorSize.SizeAfterPop
[==========] Running 1 test from 1 test suite.
[----------] Global test environment set-up.
[----------] 1 test from VectorSize
[ RUN      ] VectorSize.SizeAfterPop
[       OK ] VectorSize.SizeAfterPop (0 ms)
[----------] 1 test from VectorSize (0 ms total)

[----------] Global test environment tear-down
[==========] 1 test from 1 test suite ran. (0 ms total)
[  PASSED  ] 1 test.
<end of output>
Test time =   0.05 sec
----------------------------------------------------------
Test Passed.
"VectorSize.SizeAfterPop" end time: Jul 16 11:34 IST
"VectorSize.SizeAfterPop" time elapsed: 00:00:00
----------------------------------------------------------

21/173 Testing: VectorSize.SizeAfterPushAndPop
21/173 Test: VectorSize.SizeAfterPushAndPop
Command: "/Users/aayushsharma/dslibrary/build/runTests" "--gtest_filter=VectorSize.SizeAfterPushAndPop" "--gtest_also_run_disabled_tests"
Directory: /Users/aayushsharma/dslibrary/build
"VectorSize.SizeAfterPushAndPop" start time: Jul 16 11:34 IST
Output:
----------------------------------------------------------
Note: Google Test filter = VectorSize.SizeAfterPushAndPop
[==========] Running 1 test from 1 test suite.
[----------] Global test environment set-up.
[----------] 1 test from VectorSize
[ RUN      ] VectorSize.SizeAfterPushAndPop
[       OK ] VectorSize.SizeAfterPushAndPop (0 ms)
[----------] 1 test from VectorSize (0 ms total)

[----------] Global test environment tear-down
[==========] 1 test from 1 test suite ran. (0 ms total)
[  PASSED  ] 1 test.
<end of output>
Test time =   0.04 sec
----------------------------------------------------------
Test Passed.
"VectorSize.SizeAfterPushAndPop" end time: Jul 16 11:34 IST
"VectorSize.SizeAfterPushAndPop" time elapsed: 00:00:00
----------------------------------------------------------

22/173 Testing: VectorCapacity.DefaultCapacityPositive
22/173 Test: VectorCapacity.DefaultCapacityPositive
Command: "/Users/aayushsharma/dslibrary/build/runTests" "--gtest_filter=VectorCapacity.DefaultCapacityPositive" "--gtest_also_run_disabled_tests"
Directory: /Users/aayushsharma/dslibrary/build
"VectorCapacity.DefaultCapacityPositive" start time: Jul 16 11:34 IST
Output:
----------------------------------------------------------
Note: Google Test filter = VectorCapacity.DefaultCapacityPositive
[==========] Running 1 test from 1 test suite.
[----------] Global test environment set-up.
[----------] 1 test from VectorCapacity
[ RUN      ] VectorCapacity.DefaultCapacityPositive
[       OK ] VectorCapacity.DefaultCapacityPositive (0 ms)
[----------] 1 test from VectorCapacity (0 ms total)

[----------] Global test environment tear-down
[==========] 1 test from 1 test suite ran. (0 ms total)
[  PASSED  ] 1 test.
<end of output>
Test time =   0.04 sec
----------------------------------------------------------
Test Passed.
"VectorCapacity.DefaultCapacityPositive" end time: Jul 16 11:34 IST
"VectorCapacity.DefaultCapacityPositive" time elapsed: 00:00:00
----------------------------------------------------------

23/173 Testing: VectorCapacity.ParameterizedCapacity
23/173 Test: VectorCapacity.ParameterizedCapacity
Command: "/Users/aayushsharma/dslibrary/build/runTests" "--gtest_filter=VectorCapacity.ParameterizedCapacity" "--gtest_also_run_disabled_tests"
Directory: /Users/aayushsharma/dslibrary/build
"VectorCapacity.ParameterizedCapacity" start time: Jul 16 11:34 IST
Output:
----------------------------------------------------------
Note: Google Test filter = VectorCapacity.ParameterizedCapacity
[==========] Running 1 test from 1 test suite.
[----------] Global test environment set-up.
[----------] 1 test from VectorCapacity
[ RUN      ] VectorCapacity.ParameterizedCapacity
[       OK ] VectorCapacity.ParameterizedCapacity (0 ms)
[----------] 1 test from VectorCapacity (0 ms total)

[----------] Global test environment tear-down
[==========] 1 test from 1 test suite ran. (0 ms total)
[  PASSED  ] 1 test.
<end of output>
Test time =   0.04 sec
----------------------------------------------------------
Test Passed.
"VectorCapacity.ParameterizedCapacity" end time: Jul 16 11:34 IST
"VectorCapacity.ParameterizedCapacity" time elapsed: 00:00:00
----------------------------------------------------------

24/173 Testing: VectorCapacity.CapacityAfterPush
24/173 Test: VectorCapacity.CapacityAfterPush
Command: "/Users/aayushsharma/dslibrary/build/runTests" "--gtest_filter=VectorCapacity.CapacityAfterPush" "--gtest_also_run_disabled_tests"
Directory: /Users/aayushsharma/dslibrary/build
"VectorCapacity.CapacityAfterPush" start time: Jul 16 11:34 IST
Output:
----------------------------------------------------------
Note: Google Test filter = VectorCapacity.CapacityAfterPush
[==========] Running 1 test from 1 test suite.
[----------] Global test environment set-up.
[----------] 1 test from VectorCapacity
[ RUN      ] VectorCapacity.CapacityAfterPush
[       OK ] VectorCapacity.CapacityAfterPush (0 ms)
[----------] 1 test from VectorCapacity (0 ms total)

[----------] Global test environment tear-down
[==========] 1 test from 1 test suite ran. (0 ms total)
[  PASSED  ] 1 test.
<end of output>
Test time =   0.04 sec
----------------------------------------------------------
Test Passed.
"VectorCapacity.CapacityAfterPush" end time: Jul 16 11:34 IST
"VectorCapacity.CapacityAfterPush" time elapsed: 00:00:00
----------------------------------------------------------

25/173 Testing: VectorCapacity.CapacityAfterResize
25/173 Test: VectorCapacity.CapacityAfterResize
Command: "/Users/aayushsharma/dslibrary/build/runTests" "--gtest_filter=VectorCapacity.CapacityAfterResize" "--gtest_also_run_disabled_tests"
Directory: /Users/aayushsharma/dslibrary/build
"VectorCapacity.CapacityAfterResize" start time: Jul 16 11:34 IST
Output:
----------------------------------------------------------
Note: Google Test filter = VectorCapacity.CapacityAfterResize
[==========] Running 1 test from 1 test suite.
[----------] Global test environment set-up.
[----------] 1 test from VectorCapacity
[ RUN      ] VectorCapacity.CapacityAfterResize
[       OK ] VectorCapacity.CapacityAfterResize (0 ms)
[----------] 1 test from VectorCapacity (0 ms total)

[----------] Global test environment tear-down
[==========] 1 test from 1 test suite ran. (0 ms total)
[  PASSED  ] 1 test.
<end of output>
Test time =   0.04 sec
----------------------------------------------------------
Test Passed.
"VectorCapacity.CapacityAfterResize" end time: Jul 16 11:34 IST
"VectorCapacity.CapacityAfterResize" time elapsed: 00:00:00
----------------------------------------------------------

26/173 Testing: VectorCapacity.CapacityNeverLessThanSize
26/173 Test: VectorCapacity.CapacityNeverLessThanSize
Command: "/Users/aayushsharma/dslibrary/build/runTests" "--gtest_filter=VectorCapacity.CapacityNeverLessThanSize" "--gtest_also_run_disabled_tests"
Directory: /Users/aayushsharma/dslibrary/build
"VectorCapacity.CapacityNeverLessThanSize" start time: Jul 16 11:34 IST
Output:
----------------------------------------------------------
Note: Google Test filter = VectorCapacity.CapacityNeverLessThanSize
[==========] Running 1 test from 1 test suite.
[----------] Global test environment set-up.
[----------] 1 test from VectorCapacity
[ RUN      ] VectorCapacity.CapacityNeverLessThanSize
[       OK ] VectorCapacity.CapacityNeverLessThanSize (0 ms)
[----------] 1 test from VectorCapacity (0 ms total)

[----------] Global test environment tear-down
[==========] 1 test from 1 test suite ran. (0 ms total)
[  PASSED  ] 1 test.
<end of output>
Test time =   0.04 sec
----------------------------------------------------------
Test Passed.
"VectorCapacity.CapacityNeverLessThanSize" end time: Jul 16 11:34 IST
"VectorCapacity.CapacityNeverLessThanSize" time elapsed: 00:00:00
----------------------------------------------------------

27/173 Testing: VectorIsEmpty.EmptyVector
27/173 Test: VectorIsEmpty.EmptyVector
Command: "/Users/aayushsharma/dslibrary/build/runTests" "--gtest_filter=VectorIsEmpty.EmptyVector" "--gtest_also_run_disabled_tests"
Directory: /Users/aayushsharma/dslibrary/build
"VectorIsEmpty.EmptyVector" start time: Jul 16 11:34 IST
Output:
----------------------------------------------------------
Note: Google Test filter = VectorIsEmpty.EmptyVector
[==========] Running 1 test from 1 test suite.
[----------] Global test environment set-up.
[----------] 1 test from VectorIsEmpty
[ RUN      ] VectorIsEmpty.EmptyVector
[       OK ] VectorIsEmpty.EmptyVector (0 ms)
[----------] 1 test from VectorIsEmpty (0 ms total)

[----------] Global test environment tear-down
[==========] 1 test from 1 test suite ran. (0 ms total)
[  PASSED  ] 1 test.
<end of output>
Test time =   0.04 sec
----------------------------------------------------------
Test Passed.
"VectorIsEmpty.EmptyVector" end time: Jul 16 11:34 IST
"VectorIsEmpty.EmptyVector" time elapsed: 00:00:00
----------------------------------------------------------

28/173 Testing: VectorIsEmpty.AfterPush
28/173 Test: VectorIsEmpty.AfterPush
Command: "/Users/aayushsharma/dslibrary/build/runTests" "--gtest_filter=VectorIsEmpty.AfterPush" "--gtest_also_run_disabled_tests"
Directory: /Users/aayushsharma/dslibrary/build
"VectorIsEmpty.AfterPush" start time: Jul 16 11:34 IST
Output:
----------------------------------------------------------
Note: Google Test filter = VectorIsEmpty.AfterPush
[==========] Running 1 test from 1 test suite.
[----------] Global test environment set-up.
[----------] 1 test from VectorIsEmpty
[ RUN      ] VectorIsEmpty.AfterPush
[       OK ] VectorIsEmpty.AfterPush (0 ms)
[----------] 1 test from VectorIsEmpty (0 ms total)

[----------] Global test environment tear-down
[==========] 1 test from 1 test suite ran. (0 ms total)
[  PASSED  ] 1 test.
<end of output>
Test time =   0.04 sec
----------------------------------------------------------
Test Passed.
"VectorIsEmpty.AfterPush" end time: Jul 16 11:34 IST
"VectorIsEmpty.AfterPush" time elapsed: 00:00:00
----------------------------------------------------------

29/173 Testing: VectorIsEmpty.AfterPushPop
29/173 Test: VectorIsEmpty.AfterPushPop
Command: "/Users/aayushsharma/dslibrary/build/runTests" "--gtest_filter=VectorIsEmpty.AfterPushPop" "--gtest_also_run_disabled_tests"
Directory: /Users/aayushsharma/dslibrary/build
"VectorIsEmpty.AfterPushPop" start time: Jul 16 11:34 IST
Output:
----------------------------------------------------------
Note: Google Test filter = VectorIsEmpty.AfterPushPop
[==========] Running 1 test from 1 test suite.
[----------] Global test environment set-up.
[----------] 1 test from VectorIsEmpty
[ RUN      ] VectorIsEmpty.AfterPushPop
[       OK ] VectorIsEmpty.AfterPushPop (0 ms)
[----------] 1 test from VectorIsEmpty (0 ms total)

[----------] Global test environment tear-down
[==========] 1 test from 1 test suite ran. (0 ms total)
[  PASSED  ] 1 test.
<end of output>
Test time =   0.04 sec
----------------------------------------------------------
Test Passed.
"VectorIsEmpty.AfterPushPop" end time: Jul 16 11:34 IST
"VectorIsEmpty.AfterPushPop" time elapsed: 00:00:00
----------------------------------------------------------

30/173 Testing: VectorIsEmpty.MultipleElements
30/173 Test: VectorIsEmpty.MultipleElements
Command: "/Users/aayushsharma/dslibrary/build/runTests" "--gtest_filter=VectorIsEmpty.MultipleElements" "--gtest_also_run_disabled_tests"
Directory: /Users/aayushsharma/dslibrary/build
"VectorIsEmpty.MultipleElements" start time: Jul 16 11:34 IST
Output:
----------------------------------------------------------
Note: Google Test filter = VectorIsEmpty.MultipleElements
[==========] Running 1 test from 1 test suite.
[----------] Global test environment set-up.
[----------] 1 test from VectorIsEmpty
[ RUN      ] VectorIsEmpty.MultipleElements
[       OK ] VectorIsEmpty.MultipleElements (0 ms)
[----------] 1 test from VectorIsEmpty (0 ms total)

[----------] Global test environment tear-down
[==========] 1 test from 1 test suite ran. (0 ms total)
[  PASSED  ] 1 test.
<end of output>
Test time =   0.04 sec
----------------------------------------------------------
Test Passed.
"VectorIsEmpty.MultipleElements" end time: Jul 16 11:34 IST
"VectorIsEmpty.MultipleElements" time elapsed: 00:00:00
----------------------------------------------------------

31/173 Testing: VectorIsEmpty.PopTillEmpty
31/173 Test: VectorIsEmpty.PopTillEmpty
Command: "/Users/aayushsharma/dslibrary/build/runTests" "--gtest_filter=VectorIsEmpty.PopTillEmpty" "--gtest_also_run_disabled_tests"
Directory: /Users/aayushsharma/dslibrary/build
"VectorIsEmpty.PopTillEmpty" start time: Jul 16 11:34 IST
Output:
----------------------------------------------------------
Note: Google Test filter = VectorIsEmpty.PopTillEmpty
[==========] Running 1 test from 1 test suite.
[----------] Global test environment set-up.
[----------] 1 test from VectorIsEmpty
[ RUN      ] VectorIsEmpty.PopTillEmpty
[       OK ] VectorIsEmpty.PopTillEmpty (0 ms)
[----------] 1 test from VectorIsEmpty (0 ms total)

[----------] Global test environment tear-down
[==========] 1 test from 1 test suite ran. (0 ms total)
[  PASSED  ] 1 test.
<end of output>
Test time =   0.04 sec
----------------------------------------------------------
Test Passed.
"VectorIsEmpty.PopTillEmpty" end time: Jul 16 11:34 IST
"VectorIsEmpty.PopTillEmpty" time elapsed: 00:00:00
----------------------------------------------------------

32/173 Testing: VectorIndex.FirstElement
32/173 Test: VectorIndex.FirstElement
Command: "/Users/aayushsharma/dslibrary/build/runTests" "--gtest_filter=VectorIndex.FirstElement" "--gtest_also_run_disabled_tests"
Directory: /Users/aayushsharma/dslibrary/build
"VectorIndex.FirstElement" start time: Jul 16 11:34 IST
Output:
----------------------------------------------------------
Note: Google Test filter = VectorIndex.FirstElement
[==========] Running 1 test from 1 test suite.
[----------] Global test environment set-up.
[----------] 1 test from VectorIndex
[ RUN      ] VectorIndex.FirstElement
[       OK ] VectorIndex.FirstElement (0 ms)
[----------] 1 test from VectorIndex (0 ms total)

[----------] Global test environment tear-down
[==========] 1 test from 1 test suite ran. (0 ms total)
[  PASSED  ] 1 test.
<end of output>
Test time =   0.04 sec
----------------------------------------------------------
Test Passed.
"VectorIndex.FirstElement" end time: Jul 16 11:34 IST
"VectorIndex.FirstElement" time elapsed: 00:00:00
----------------------------------------------------------

33/173 Testing: VectorIndex.LastElement
33/173 Test: VectorIndex.LastElement
Command: "/Users/aayushsharma/dslibrary/build/runTests" "--gtest_filter=VectorIndex.LastElement" "--gtest_also_run_disabled_tests"
Directory: /Users/aayushsharma/dslibrary/build
"VectorIndex.LastElement" start time: Jul 16 11:34 IST
Output:
----------------------------------------------------------
Note: Google Test filter = VectorIndex.LastElement
[==========] Running 1 test from 1 test suite.
[----------] Global test environment set-up.
[----------] 1 test from VectorIndex
[ RUN      ] VectorIndex.LastElement
[       OK ] VectorIndex.LastElement (0 ms)
[----------] 1 test from VectorIndex (0 ms total)

[----------] Global test environment tear-down
[==========] 1 test from 1 test suite ran. (0 ms total)
[  PASSED  ] 1 test.
<end of output>
Test time =   0.04 sec
----------------------------------------------------------
Test Passed.
"VectorIndex.LastElement" end time: Jul 16 11:34 IST
"VectorIndex.LastElement" time elapsed: 00:00:00
----------------------------------------------------------

34/173 Testing: VectorIndex.ModifyElement
34/173 Test: VectorIndex.ModifyElement
Command: "/Users/aayushsharma/dslibrary/build/runTests" "--gtest_filter=VectorIndex.ModifyElement" "--gtest_also_run_disabled_tests"
Directory: /Users/aayushsharma/dslibrary/build
"VectorIndex.ModifyElement" start time: Jul 16 11:34 IST
Output:
----------------------------------------------------------
Note: Google Test filter = VectorIndex.ModifyElement
[==========] Running 1 test from 1 test suite.
[----------] Global test environment set-up.
[----------] 1 test from VectorIndex
[ RUN      ] VectorIndex.ModifyElement
[       OK ] VectorIndex.ModifyElement (0 ms)
[----------] 1 test from VectorIndex (0 ms total)

[----------] Global test environment tear-down
[==========] 1 test from 1 test suite ran. (0 ms total)
[  PASSED  ] 1 test.
<end of output>
Test time =   0.04 sec
----------------------------------------------------------
Test Passed.
"VectorIndex.ModifyElement" end time: Jul 16 11:34 IST
"VectorIndex.ModifyElement" time elapsed: 00:00:00
----------------------------------------------------------

35/173 Testing: VectorIndex.MultipleAccess
35/173 Test: VectorIndex.MultipleAccess
Command: "/Users/aayushsharma/dslibrary/build/runTests" "--gtest_filter=VectorIndex.MultipleAccess" "--gtest_also_run_disabled_tests"
Directory: /Users/aayushsharma/dslibrary/build
"VectorIndex.MultipleAccess" start time: Jul 16 11:34 IST
Output:
----------------------------------------------------------
Note: Google Test filter = VectorIndex.MultipleAccess
[==========] Running 1 test from 1 test suite.
[----------] Global test environment set-up.
[----------] 1 test from VectorIndex
[ RUN      ] VectorIndex.MultipleAccess
[       OK ] VectorIndex.MultipleAccess (0 ms)
[----------] 1 test from VectorIndex (0 ms total)

[----------] Global test environment tear-down
[==========] 1 test from 1 test suite ran. (0 ms total)
[  PASSED  ] 1 test.
<end of output>
Test time =   0.04 sec
----------------------------------------------------------
Test Passed.
"VectorIndex.MultipleAccess" end time: Jul 16 11:34 IST
"VectorIndex.MultipleAccess" time elapsed: 00:00:00
----------------------------------------------------------

36/173 Testing: VectorIndex.StringVector
36/173 Test: VectorIndex.StringVector
Command: "/Users/aayushsharma/dslibrary/build/runTests" "--gtest_filter=VectorIndex.StringVector" "--gtest_also_run_disabled_tests"
Directory: /Users/aayushsharma/dslibrary/build
"VectorIndex.StringVector" start time: Jul 16 11:34 IST
Output:
----------------------------------------------------------
Note: Google Test filter = VectorIndex.StringVector
[==========] Running 1 test from 1 test suite.
[----------] Global test environment set-up.
[----------] 1 test from VectorIndex
[ RUN      ] VectorIndex.StringVector
[       OK ] VectorIndex.StringVector (0 ms)
[----------] 1 test from VectorIndex (0 ms total)

[----------] Global test environment tear-down
[==========] 1 test from 1 test suite ran. (0 ms total)
[  PASSED  ] 1 test.
<end of output>
Test time =   0.04 sec
----------------------------------------------------------
Test Passed.
"VectorIndex.StringVector" end time: Jul 16 11:34 IST
"VectorIndex.StringVector" time elapsed: 00:00:00
----------------------------------------------------------

37/173 Testing: VectorAssignment.BasicAssignment
37/173 Test: VectorAssignment.BasicAssignment
Command: "/Users/aayushsharma/dslibrary/build/runTests" "--gtest_filter=VectorAssignment.BasicAssignment" "--gtest_also_run_disabled_tests"
Directory: /Users/aayushsharma/dslibrary/build
"VectorAssignment.BasicAssignment" start time: Jul 16 11:34 IST
Output:
----------------------------------------------------------
Note: Google Test filter = VectorAssignment.BasicAssignment
[==========] Running 1 test from 1 test suite.
[----------] Global test environment set-up.
[----------] 1 test from VectorAssignment
[ RUN      ] VectorAssignment.BasicAssignment
[       OK ] VectorAssignment.BasicAssignment (0 ms)
[----------] 1 test from VectorAssignment (0 ms total)

[----------] Global test environment tear-down
[==========] 1 test from 1 test suite ran. (0 ms total)
[  PASSED  ] 1 test.
<end of output>
Test time =   0.04 sec
----------------------------------------------------------
Test Passed.
"VectorAssignment.BasicAssignment" end time: Jul 16 11:34 IST
"VectorAssignment.BasicAssignment" time elapsed: 00:00:00
----------------------------------------------------------

38/173 Testing: VectorAssignment.SizeCopied
38/173 Test: VectorAssignment.SizeCopied
Command: "/Users/aayushsharma/dslibrary/build/runTests" "--gtest_filter=VectorAssignment.SizeCopied" "--gtest_also_run_disabled_tests"
Directory: /Users/aayushsharma/dslibrary/build
"VectorAssignment.SizeCopied" start time: Jul 16 11:34 IST
Output:
----------------------------------------------------------
Note: Google Test filter = VectorAssignment.SizeCopied
[==========] Running 1 test from 1 test suite.
[----------] Global test environment set-up.
[----------] 1 test from VectorAssignment
[ RUN      ] VectorAssignment.SizeCopied
[       OK ] VectorAssignment.SizeCopied (0 ms)
[----------] 1 test from VectorAssignment (0 ms total)

[----------] Global test environment tear-down
[==========] 1 test from 1 test suite ran. (0 ms total)
[  PASSED  ] 1 test.
<end of output>
Test time =   0.04 sec
----------------------------------------------------------
Test Passed.
"VectorAssignment.SizeCopied" end time: Jul 16 11:34 IST
"VectorAssignment.SizeCopied" time elapsed: 00:00:00
----------------------------------------------------------

39/173 Testing: VectorAssignment.DeepCopy
39/173 Test: VectorAssignment.DeepCopy
Command: "/Users/aayushsharma/dslibrary/build/runTests" "--gtest_filter=VectorAssignment.DeepCopy" "--gtest_also_run_disabled_tests"
Directory: /Users/aayushsharma/dslibrary/build
"VectorAssignment.DeepCopy" start time: Jul 16 11:34 IST
Output:
----------------------------------------------------------
Note: Google Test filter = VectorAssignment.DeepCopy
[==========] Running 1 test from 1 test suite.
[----------] Global test environment set-up.
[----------] 1 test from VectorAssignment
[ RUN      ] VectorAssignment.DeepCopy
[       OK ] VectorAssignment.DeepCopy (0 ms)
[----------] 1 test from VectorAssignment (0 ms total)

[----------] Global test environment tear-down
[==========] 1 test from 1 test suite ran. (0 ms total)
[  PASSED  ] 1 test.
<end of output>
Test time =   0.04 sec
----------------------------------------------------------
Test Passed.
"VectorAssignment.DeepCopy" end time: Jul 16 11:34 IST
"VectorAssignment.DeepCopy" time elapsed: 00:00:00
----------------------------------------------------------

40/173 Testing: VectorAssignment.SelfAssignment
40/173 Test: VectorAssignment.SelfAssignment
Command: "/Users/aayushsharma/dslibrary/build/runTests" "--gtest_filter=VectorAssignment.SelfAssignment" "--gtest_also_run_disabled_tests"
Directory: /Users/aayushsharma/dslibrary/build
"VectorAssignment.SelfAssignment" start time: Jul 16 11:34 IST
Output:
----------------------------------------------------------
Note: Google Test filter = VectorAssignment.SelfAssignment
[==========] Running 1 test from 1 test suite.
[----------] Global test environment set-up.
[----------] 1 test from VectorAssignment
[ RUN      ] VectorAssignment.SelfAssignment
[       OK ] VectorAssignment.SelfAssignment (0 ms)
[----------] 1 test from VectorAssignment (0 ms total)

[----------] Global test environment tear-down
[==========] 1 test from 1 test suite ran. (0 ms total)
[  PASSED  ] 1 test.
<end of output>
Test time =   0.04 sec
----------------------------------------------------------
Test Passed.
"VectorAssignment.SelfAssignment" end time: Jul 16 11:34 IST
"VectorAssignment.SelfAssignment" time elapsed: 00:00:00
----------------------------------------------------------

41/173 Testing: VectorAssignment.ValidCapacityAfterAssignment
41/173 Test: VectorAssignment.ValidCapacityAfterAssignment
Command: "/Users/aayushsharma/dslibrary/build/runTests" "--gtest_filter=VectorAssignment.ValidCapacityAfterAssignment" "--gtest_also_run_disabled_tests"
Directory: /Users/aayushsharma/dslibrary/build
"VectorAssignment.ValidCapacityAfterAssignment" start time: Jul 16 11:34 IST
Output:
----------------------------------------------------------
Note: Google Test filter = VectorAssignment.ValidCapacityAfterAssignment
[==========] Running 1 test from 1 test suite.
[----------] Global test environment set-up.
[----------] 1 test from VectorAssignment
[ RUN      ] VectorAssignment.ValidCapacityAfterAssignment
[       OK ] VectorAssignment.ValidCapacityAfterAssignment (0 ms)
[----------] 1 test from VectorAssignment (0 ms total)

[----------] Global test environment tear-down
[==========] 1 test from 1 test suite ran. (0 ms total)
[  PASSED  ] 1 test.
<end of output>
Test time =   0.04 sec
----------------------------------------------------------
Test Passed.
"VectorAssignment.ValidCapacityAfterAssignment" end time: Jul 16 11:34 IST
"VectorAssignment.ValidCapacityAfterAssignment" time elapsed: 00:00:00
----------------------------------------------------------

42/173 Testing: VectorCopyConstructor.CopyOneElement
42/173 Test: VectorCopyConstructor.CopyOneElement
Command: "/Users/aayushsharma/dslibrary/build/runTests" "--gtest_filter=VectorCopyConstructor.CopyOneElement" "--gtest_also_run_disabled_tests"
Directory: /Users/aayushsharma/dslibrary/build
"VectorCopyConstructor.CopyOneElement" start time: Jul 16 11:34 IST
Output:
----------------------------------------------------------
Note: Google Test filter = VectorCopyConstructor.CopyOneElement
[==========] Running 1 test from 1 test suite.
[----------] Global test environment set-up.
[----------] 1 test from VectorCopyConstructor
[ RUN      ] VectorCopyConstructor.CopyOneElement
[       OK ] VectorCopyConstructor.CopyOneElement (0 ms)
[----------] 1 test from VectorCopyConstructor (0 ms total)

[----------] Global test environment tear-down
[==========] 1 test from 1 test suite ran. (0 ms total)
[  PASSED  ] 1 test.
<end of output>
Test time =   0.04 sec
----------------------------------------------------------
Test Passed.
"VectorCopyConstructor.CopyOneElement" end time: Jul 16 11:34 IST
"VectorCopyConstructor.CopyOneElement" time elapsed: 00:00:00
----------------------------------------------------------

43/173 Testing: VectorCopyConstructor.CopySize
43/173 Test: VectorCopyConstructor.CopySize
Command: "/Users/aayushsharma/dslibrary/build/runTests" "--gtest_filter=VectorCopyConstructor.CopySize" "--gtest_also_run_disabled_tests"
Directory: /Users/aayushsharma/dslibrary/build
"VectorCopyConstructor.CopySize" start time: Jul 16 11:34 IST
Output:
----------------------------------------------------------
Note: Google Test filter = VectorCopyConstructor.CopySize
[==========] Running 1 test from 1 test suite.
[----------] Global test environment set-up.
[----------] 1 test from VectorCopyConstructor
[ RUN      ] VectorCopyConstructor.CopySize
[       OK ] VectorCopyConstructor.CopySize (0 ms)
[----------] 1 test from VectorCopyConstructor (0 ms total)

[----------] Global test environment tear-down
[==========] 1 test from 1 test suite ran. (0 ms total)
[  PASSED  ] 1 test.
<end of output>
Test time =   0.04 sec
----------------------------------------------------------
Test Passed.
"VectorCopyConstructor.CopySize" end time: Jul 16 11:34 IST
"VectorCopyConstructor.CopySize" time elapsed: 00:00:00
----------------------------------------------------------

44/173 Testing: VectorCopyConstructor.DeepCopy
44/173 Test: VectorCopyConstructor.DeepCopy
Command: "/Users/aayushsharma/dslibrary/build/runTests" "--gtest_filter=VectorCopyConstructor.DeepCopy" "--gtest_also_run_disabled_tests"
Directory: /Users/aayushsharma/dslibrary/build
"VectorCopyConstructor.DeepCopy" start time: Jul 16 11:34 IST
Output:
----------------------------------------------------------
Note: Google Test filter = VectorCopyConstructor.DeepCopy
[==========] Running 1 test from 1 test suite.
[----------] Global test environment set-up.
[----------] 1 test from VectorCopyConstructor
[ RUN      ] VectorCopyConstructor.DeepCopy
[       OK ] VectorCopyConstructor.DeepCopy (0 ms)
[----------] 1 test from VectorCopyConstructor (0 ms total)

[----------] Global test environment tear-down
[==========] 1 test from 1 test suite ran. (0 ms total)
[  PASSED  ] 1 test.
<end of output>
Test time =   0.04 sec
----------------------------------------------------------
Test Passed.
"VectorCopyConstructor.DeepCopy" end time: Jul 16 11:34 IST
"VectorCopyConstructor.DeepCopy" time elapsed: 00:00:00
----------------------------------------------------------

45/173 Testing: VectorCopyConstructor.ValidCapacityAfterCopy
45/173 Test: VectorCopyConstructor.ValidCapacityAfterCopy
Command: "/Users/aayushsharma/dslibrary/build/runTests" "--gtest_filter=VectorCopyConstructor.ValidCapacityAfterCopy" "--gtest_also_run_disabled_tests"
Directory: /Users/aayushsharma/dslibrary/build
"VectorCopyConstructor.ValidCapacityAfterCopy" start time: Jul 16 11:34 IST
Output:
----------------------------------------------------------
Note: Google Test filter = VectorCopyConstructor.ValidCapacityAfterCopy
[==========] Running 1 test from 1 test suite.
[----------] Global test environment set-up.
[----------] 1 test from VectorCopyConstructor
[ RUN      ] VectorCopyConstructor.ValidCapacityAfterCopy
[       OK ] VectorCopyConstructor.ValidCapacityAfterCopy (0 ms)
[----------] 1 test from VectorCopyConstructor (0 ms total)

[----------] Global test environment tear-down
[==========] 1 test from 1 test suite ran. (0 ms total)
[  PASSED  ] 1 test.
<end of output>
Test time =   0.04 sec
----------------------------------------------------------
Test Passed.
"VectorCopyConstructor.ValidCapacityAfterCopy" end time: Jul 16 11:34 IST
"VectorCopyConstructor.ValidCapacityAfterCopy" time elapsed: 00:00:00
----------------------------------------------------------

46/173 Testing: VectorCopyConstructor.CopyEmptyVector
46/173 Test: VectorCopyConstructor.CopyEmptyVector
Command: "/Users/aayushsharma/dslibrary/build/runTests" "--gtest_filter=VectorCopyConstructor.CopyEmptyVector" "--gtest_also_run_disabled_tests"
Directory: /Users/aayushsharma/dslibrary/build
"VectorCopyConstructor.CopyEmptyVector" start time: Jul 16 11:34 IST
Output:
----------------------------------------------------------
Note: Google Test filter = VectorCopyConstructor.CopyEmptyVector
[==========] Running 1 test from 1 test suite.
[----------] Global test environment set-up.
[----------] 1 test from VectorCopyConstructor
[ RUN      ] VectorCopyConstructor.CopyEmptyVector
[       OK ] VectorCopyConstructor.CopyEmptyVector (0 ms)
[----------] 1 test from VectorCopyConstructor (0 ms total)

[----------] Global test environment tear-down
[==========] 1 test from 1 test suite ran. (0 ms total)
[  PASSED  ] 1 test.
<end of output>
Test time =   0.04 sec
----------------------------------------------------------
Test Passed.
"VectorCopyConstructor.CopyEmptyVector" end time: Jul 16 11:34 IST
"VectorCopyConstructor.CopyEmptyVector" time elapsed: 00:00:00
----------------------------------------------------------

47/173 Testing: LinkedListConstructor.DefaultConstructor
47/173 Test: LinkedListConstructor.DefaultConstructor
Command: "/Users/aayushsharma/dslibrary/build/runTests" "--gtest_filter=LinkedListConstructor.DefaultConstructor" "--gtest_also_run_disabled_tests"
Directory: /Users/aayushsharma/dslibrary/build
"LinkedListConstructor.DefaultConstructor" start time: Jul 16 11:34 IST
Output:
----------------------------------------------------------
Note: Google Test filter = LinkedListConstructor.DefaultConstructor
[==========] Running 1 test from 1 test suite.
[----------] Global test environment set-up.
[----------] 1 test from LinkedListConstructor
[ RUN      ] LinkedListConstructor.DefaultConstructor
[       OK ] LinkedListConstructor.DefaultConstructor (0 ms)
[----------] 1 test from LinkedListConstructor (0 ms total)

[----------] Global test environment tear-down
[==========] 1 test from 1 test suite ran. (0 ms total)
[  PASSED  ] 1 test.
<end of output>
Test time =   0.04 sec
----------------------------------------------------------
Test Passed.
"LinkedListConstructor.DefaultConstructor" end time: Jul 16 11:34 IST
"LinkedListConstructor.DefaultConstructor" time elapsed: 00:00:00
----------------------------------------------------------

48/173 Testing: LinkedListConstructor.SizeInitiallyZero
48/173 Test: LinkedListConstructor.SizeInitiallyZero
Command: "/Users/aayushsharma/dslibrary/build/runTests" "--gtest_filter=LinkedListConstructor.SizeInitiallyZero" "--gtest_also_run_disabled_tests"
Directory: /Users/aayushsharma/dslibrary/build
"LinkedListConstructor.SizeInitiallyZero" start time: Jul 16 11:34 IST
Output:
----------------------------------------------------------
Note: Google Test filter = LinkedListConstructor.SizeInitiallyZero
[==========] Running 1 test from 1 test suite.
[----------] Global test environment set-up.
[----------] 1 test from LinkedListConstructor
[ RUN      ] LinkedListConstructor.SizeInitiallyZero
[       OK ] LinkedListConstructor.SizeInitiallyZero (0 ms)
[----------] 1 test from LinkedListConstructor (0 ms total)

[----------] Global test environment tear-down
[==========] 1 test from 1 test suite ran. (0 ms total)
[  PASSED  ] 1 test.
<end of output>
Test time =   0.04 sec
----------------------------------------------------------
Test Passed.
"LinkedListConstructor.SizeInitiallyZero" end time: Jul 16 11:34 IST
"LinkedListConstructor.SizeInitiallyZero" time elapsed: 00:00:00
----------------------------------------------------------

49/173 Testing: LinkedListConstructor.BeginInitiallyNull
49/173 Test: LinkedListConstructor.BeginInitiallyNull
Command: "/Users/aayushsharma/dslibrary/build/runTests" "--gtest_filter=LinkedListConstructor.BeginInitiallyNull" "--gtest_also_run_disabled_tests"
Directory: /Users/aayushsharma/dslibrary/build
"LinkedListConstructor.BeginInitiallyNull" start time: Jul 16 11:34 IST
Output:
----------------------------------------------------------
Note: Google Test filter = LinkedListConstructor.BeginInitiallyNull
[==========] Running 1 test from 1 test suite.
[----------] Global test environment set-up.
[----------] 1 test from LinkedListConstructor
[ RUN      ] LinkedListConstructor.BeginInitiallyNull
[       OK ] LinkedListConstructor.BeginInitiallyNull (0 ms)
[----------] 1 test from LinkedListConstructor (0 ms total)

[----------] Global test environment tear-down
[==========] 1 test from 1 test suite ran. (0 ms total)
[  PASSED  ] 1 test.
<end of output>
Test time =   0.04 sec
----------------------------------------------------------
Test Passed.
"LinkedListConstructor.BeginInitiallyNull" end time: Jul 16 11:34 IST
"LinkedListConstructor.BeginInitiallyNull" time elapsed: 00:00:00
----------------------------------------------------------

50/173 Testing: LinkedListConstructor.EndInitiallyNull
50/173 Test: LinkedListConstructor.EndInitiallyNull
Command: "/Users/aayushsharma/dslibrary/build/runTests" "--gtest_filter=LinkedListConstructor.EndInitiallyNull" "--gtest_also_run_disabled_tests"
Directory: /Users/aayushsharma/dslibrary/build
"LinkedListConstructor.EndInitiallyNull" start time: Jul 16 11:34 IST
Output:
----------------------------------------------------------
Note: Google Test filter = LinkedListConstructor.EndInitiallyNull
[==========] Running 1 test from 1 test suite.
[----------] Global test environment set-up.
[----------] 1 test from LinkedListConstructor
[ RUN      ] LinkedListConstructor.EndInitiallyNull
[       OK ] LinkedListConstructor.EndInitiallyNull (0 ms)
[----------] 1 test from LinkedListConstructor (0 ms total)

[----------] Global test environment tear-down
[==========] 1 test from 1 test suite ran. (0 ms total)
[  PASSED  ] 1 test.
<end of output>
Test time =   0.04 sec
----------------------------------------------------------
Test Passed.
"LinkedListConstructor.EndInitiallyNull" end time: Jul 16 11:34 IST
"LinkedListConstructor.EndInitiallyNull" time elapsed: 00:00:00
----------------------------------------------------------

51/173 Testing: LinkedListConstructor.EmptyList
51/173 Test: LinkedListConstructor.EmptyList
Command: "/Users/aayushsharma/dslibrary/build/runTests" "--gtest_filter=LinkedListConstructor.EmptyList" "--gtest_also_run_disabled_tests"
Directory: /Users/aayushsharma/dslibrary/build
"LinkedListConstructor.EmptyList" start time: Jul 16 11:34 IST
Output:
----------------------------------------------------------
Note: Google Test filter = LinkedListConstructor.EmptyList
[==========] Running 1 test from 1 test suite.
[----------] Global test environment set-up.
[----------] 1 test from LinkedListConstructor
[ RUN      ] LinkedListConstructor.EmptyList
[       OK ] LinkedListConstructor.EmptyList (0 ms)
[----------] 1 test from LinkedListConstructor (0 ms total)

[----------] Global test environment tear-down
[==========] 1 test from 1 test suite ran. (0 ms total)
[  PASSED  ] 1 test.
<end of output>
Test time =   0.04 sec
----------------------------------------------------------
Test Passed.
"LinkedListConstructor.EmptyList" end time: Jul 16 11:34 IST
"LinkedListConstructor.EmptyList" time elapsed: 00:00:00
----------------------------------------------------------

52/173 Testing: LinkedListPush.PushOne
52/173 Test: LinkedListPush.PushOne
Command: "/Users/aayushsharma/dslibrary/build/runTests" "--gtest_filter=LinkedListPush.PushOne" "--gtest_also_run_disabled_tests"
Directory: /Users/aayushsharma/dslibrary/build
"LinkedListPush.PushOne" start time: Jul 16 11:34 IST
Output:
----------------------------------------------------------
Note: Google Test filter = LinkedListPush.PushOne
[==========] Running 1 test from 1 test suite.
[----------] Global test environment set-up.
[----------] 1 test from LinkedListPush
[ RUN      ] LinkedListPush.PushOne
[       OK ] LinkedListPush.PushOne (0 ms)
[----------] 1 test from LinkedListPush (0 ms total)

[----------] Global test environment tear-down
[==========] 1 test from 1 test suite ran. (0 ms total)
[  PASSED  ] 1 test.
<end of output>
Test time =   0.04 sec
----------------------------------------------------------
Test Passed.
"LinkedListPush.PushOne" end time: Jul 16 11:34 IST
"LinkedListPush.PushOne" time elapsed: 00:00:00
----------------------------------------------------------

53/173 Testing: LinkedListPush.PushMultiple
53/173 Test: LinkedListPush.PushMultiple
Command: "/Users/aayushsharma/dslibrary/build/runTests" "--gtest_filter=LinkedListPush.PushMultiple" "--gtest_also_run_disabled_tests"
Directory: /Users/aayushsharma/dslibrary/build
"LinkedListPush.PushMultiple" start time: Jul 16 11:34 IST
Output:
----------------------------------------------------------
Note: Google Test filter = LinkedListPush.PushMultiple
[==========] Running 1 test from 1 test suite.
[----------] Global test environment set-up.
[----------] 1 test from LinkedListPush
[ RUN      ] LinkedListPush.PushMultiple
[       OK ] LinkedListPush.PushMultiple (0 ms)
[----------] 1 test from LinkedListPush (0 ms total)

[----------] Global test environment tear-down
[==========] 1 test from 1 test suite ran. (0 ms total)
[  PASSED  ] 1 test.
<end of output>
Test time =   0.04 sec
----------------------------------------------------------
Test Passed.
"LinkedListPush.PushMultiple" end time: Jul 16 11:34 IST
"LinkedListPush.PushMultiple" time elapsed: 00:00:00
----------------------------------------------------------

54/173 Testing: LinkedListPush.FirstElement
54/173 Test: LinkedListPush.FirstElement
Command: "/Users/aayushsharma/dslibrary/build/runTests" "--gtest_filter=LinkedListPush.FirstElement" "--gtest_also_run_disabled_tests"
Directory: /Users/aayushsharma/dslibrary/build
"LinkedListPush.FirstElement" start time: Jul 16 11:34 IST
Output:
----------------------------------------------------------
Note: Google Test filter = LinkedListPush.FirstElement
[==========] Running 1 test from 1 test suite.
[----------] Global test environment set-up.
[----------] 1 test from LinkedListPush
[ RUN      ] LinkedListPush.FirstElement
[       OK ] LinkedListPush.FirstElement (0 ms)
[----------] 1 test from LinkedListPush (0 ms total)

[----------] Global test environment tear-down
[==========] 1 test from 1 test suite ran. (0 ms total)
[  PASSED  ] 1 test.
<end of output>
Test time =   0.04 sec
----------------------------------------------------------
Test Passed.
"LinkedListPush.FirstElement" end time: Jul 16 11:34 IST
"LinkedListPush.FirstElement" time elapsed: 00:00:00
----------------------------------------------------------

55/173 Testing: LinkedListPush.PreserveOrder
55/173 Test: LinkedListPush.PreserveOrder
Command: "/Users/aayushsharma/dslibrary/build/runTests" "--gtest_filter=LinkedListPush.PreserveOrder" "--gtest_also_run_disabled_tests"
Directory: /Users/aayushsharma/dslibrary/build
"LinkedListPush.PreserveOrder" start time: Jul 16 11:34 IST
Output:
----------------------------------------------------------
Note: Google Test filter = LinkedListPush.PreserveOrder
[==========] Running 1 test from 1 test suite.
[----------] Global test environment set-up.
[----------] 1 test from LinkedListPush
[ RUN      ] LinkedListPush.PreserveOrder
[       OK ] LinkedListPush.PreserveOrder (0 ms)
[----------] 1 test from LinkedListPush (0 ms total)

[----------] Global test environment tear-down
[==========] 1 test from 1 test suite ran. (0 ms total)
[  PASSED  ] 1 test.
<end of output>
Test time =   0.04 sec
----------------------------------------------------------
Test Passed.
"LinkedListPush.PreserveOrder" end time: Jul 16 11:34 IST
"LinkedListPush.PreserveOrder" time elapsed: 00:00:00
----------------------------------------------------------

56/173 Testing: LinkedListPush.PushString
56/173 Test: LinkedListPush.PushString
Command: "/Users/aayushsharma/dslibrary/build/runTests" "--gtest_filter=LinkedListPush.PushString" "--gtest_also_run_disabled_tests"
Directory: /Users/aayushsharma/dslibrary/build
"LinkedListPush.PushString" start time: Jul 16 11:34 IST
Output:
----------------------------------------------------------
Note: Google Test filter = LinkedListPush.PushString
[==========] Running 1 test from 1 test suite.
[----------] Global test environment set-up.
[----------] 1 test from LinkedListPush
[ RUN      ] LinkedListPush.PushString
[       OK ] LinkedListPush.PushString (0 ms)
[----------] 1 test from LinkedListPush (0 ms total)

[----------] Global test environment tear-down
[==========] 1 test from 1 test suite ran. (0 ms total)
[  PASSED  ] 1 test.
<end of output>
Test time =   0.04 sec
----------------------------------------------------------
Test Passed.
"LinkedListPush.PushString" end time: Jul 16 11:34 IST
"LinkedListPush.PushString" time elapsed: 00:00:00
----------------------------------------------------------

57/173 Testing: LinkedListPop.PopOne
57/173 Test: LinkedListPop.PopOne
Command: "/Users/aayushsharma/dslibrary/build/runTests" "--gtest_filter=LinkedListPop.PopOne" "--gtest_also_run_disabled_tests"
Directory: /Users/aayushsharma/dslibrary/build
"LinkedListPop.PopOne" start time: Jul 16 11:34 IST
Output:
----------------------------------------------------------
Note: Google Test filter = LinkedListPop.PopOne
[==========] Running 1 test from 1 test suite.
[----------] Global test environment set-up.
[----------] 1 test from LinkedListPop
[ RUN      ] LinkedListPop.PopOne
[       OK ] LinkedListPop.PopOne (0 ms)
[----------] 1 test from LinkedListPop (0 ms total)

[----------] Global test environment tear-down
[==========] 1 test from 1 test suite ran. (0 ms total)
[  PASSED  ] 1 test.
<end of output>
Test time =   0.04 sec
----------------------------------------------------------
Test Passed.
"LinkedListPop.PopOne" end time: Jul 16 11:34 IST
"LinkedListPop.PopOne" time elapsed: 00:00:00
----------------------------------------------------------

58/173 Testing: LinkedListPop.PopReducesSize
58/173 Test: LinkedListPop.PopReducesSize
Command: "/Users/aayushsharma/dslibrary/build/runTests" "--gtest_filter=LinkedListPop.PopReducesSize" "--gtest_also_run_disabled_tests"
Directory: /Users/aayushsharma/dslibrary/build
"LinkedListPop.PopReducesSize" start time: Jul 16 11:34 IST
Output:
----------------------------------------------------------
Note: Google Test filter = LinkedListPop.PopReducesSize
[==========] Running 1 test from 1 test suite.
[----------] Global test environment set-up.
[----------] 1 test from LinkedListPop
[ RUN      ] LinkedListPop.PopReducesSize
[       OK ] LinkedListPop.PopReducesSize (0 ms)
[----------] 1 test from LinkedListPop (0 ms total)

[----------] Global test environment tear-down
[==========] 1 test from 1 test suite ran. (0 ms total)
[  PASSED  ] 1 test.
<end of output>
Test time =   0.04 sec
----------------------------------------------------------
Test Passed.
"LinkedListPop.PopReducesSize" end time: Jul 16 11:34 IST
"LinkedListPop.PopReducesSize" time elapsed: 00:00:00
----------------------------------------------------------

59/173 Testing: LinkedListPop.PopKeepsFirst
59/173 Test: LinkedListPop.PopKeepsFirst
Command: "/Users/aayushsharma/dslibrary/build/runTests" "--gtest_filter=LinkedListPop.PopKeepsFirst" "--gtest_also_run_disabled_tests"
Directory: /Users/aayushsharma/dslibrary/build
"LinkedListPop.PopKeepsFirst" start time: Jul 16 11:34 IST
Output:
----------------------------------------------------------
Note: Google Test filter = LinkedListPop.PopKeepsFirst
[==========] Running 1 test from 1 test suite.
[----------] Global test environment set-up.
[----------] 1 test from LinkedListPop
[ RUN      ] LinkedListPop.PopKeepsFirst
[       OK ] LinkedListPop.PopKeepsFirst (0 ms)
[----------] 1 test from LinkedListPop (0 ms total)

[----------] Global test environment tear-down
[==========] 1 test from 1 test suite ran. (0 ms total)
[  PASSED  ] 1 test.
<end of output>
Test time =   0.04 sec
----------------------------------------------------------
Test Passed.
"LinkedListPop.PopKeepsFirst" end time: Jul 16 11:34 IST
"LinkedListPop.PopKeepsFirst" time elapsed: 00:00:00
----------------------------------------------------------

60/173 Testing: LinkedListPop.PopAll
60/173 Test: LinkedListPop.PopAll
Command: "/Users/aayushsharma/dslibrary/build/runTests" "--gtest_filter=LinkedListPop.PopAll" "--gtest_also_run_disabled_tests"
Directory: /Users/aayushsharma/dslibrary/build
"LinkedListPop.PopAll" start time: Jul 16 11:34 IST
Output:
----------------------------------------------------------
Note: Google Test filter = LinkedListPop.PopAll
[==========] Running 1 test from 1 test suite.
[----------] Global test environment set-up.
[----------] 1 test from LinkedListPop
[ RUN      ] LinkedListPop.PopAll
[       OK ] LinkedListPop.PopAll (0 ms)
[----------] 1 test from LinkedListPop (0 ms total)

[----------] Global test environment tear-down
[==========] 1 test from 1 test suite ran. (0 ms total)
[  PASSED  ] 1 test.
<end of output>
Test time =   0.04 sec
----------------------------------------------------------
Test Passed.
"LinkedListPop.PopAll" end time: Jul 16 11:34 IST
"LinkedListPop.PopAll" time elapsed: 00:00:00
----------------------------------------------------------

61/173 Testing: LinkedListPop.PopEmptyThrows
61/173 Test: LinkedListPop.PopEmptyThrows
Command: "/Users/aayushsharma/dslibrary/build/runTests" "--gtest_filter=LinkedListPop.PopEmptyThrows" "--gtest_also_run_disabled_tests"
Directory: /Users/aayushsharma/dslibrary/build
"LinkedListPop.PopEmptyThrows" start time: Jul 16 11:34 IST
Output:
----------------------------------------------------------
Note: Google Test filter = LinkedListPop.PopEmptyThrows
[==========] Running 1 test from 1 test suite.
[----------] Global test environment set-up.
[----------] 1 test from LinkedListPop
[ RUN      ] LinkedListPop.PopEmptyThrows
[       OK ] LinkedListPop.PopEmptyThrows (0 ms)
[----------] 1 test from LinkedListPop (0 ms total)

[----------] Global test environment tear-down
[==========] 1 test from 1 test suite ran. (0 ms total)
[  PASSED  ] 1 test.
<end of output>
Test time =   0.04 sec
----------------------------------------------------------
Test Passed.
"LinkedListPop.PopEmptyThrows" end time: Jul 16 11:34 IST
"LinkedListPop.PopEmptyThrows" time elapsed: 00:00:00
----------------------------------------------------------

62/173 Testing: LinkedListDelete.DeleteHead
62/173 Test: LinkedListDelete.DeleteHead
Command: "/Users/aayushsharma/dslibrary/build/runTests" "--gtest_filter=LinkedListDelete.DeleteHead" "--gtest_also_run_disabled_tests"
Directory: /Users/aayushsharma/dslibrary/build
"LinkedListDelete.DeleteHead" start time: Jul 16 11:34 IST
Output:
----------------------------------------------------------
Note: Google Test filter = LinkedListDelete.DeleteHead
[==========] Running 1 test from 1 test suite.
[----------] Global test environment set-up.
[----------] 1 test from LinkedListDelete
[ RUN      ] LinkedListDelete.DeleteHead
[       OK ] LinkedListDelete.DeleteHead (0 ms)
[----------] 1 test from LinkedListDelete (0 ms total)

[----------] Global test environment tear-down
[==========] 1 test from 1 test suite ran. (0 ms total)
[  PASSED  ] 1 test.
<end of output>
Test time =   0.04 sec
----------------------------------------------------------
Test Passed.
"LinkedListDelete.DeleteHead" end time: Jul 16 11:34 IST
"LinkedListDelete.DeleteHead" time elapsed: 00:00:00
----------------------------------------------------------

63/173 Testing: LinkedListDelete.DeleteTail
63/173 Test: LinkedListDelete.DeleteTail
Command: "/Users/aayushsharma/dslibrary/build/runTests" "--gtest_filter=LinkedListDelete.DeleteTail" "--gtest_also_run_disabled_tests"
Directory: /Users/aayushsharma/dslibrary/build
"LinkedListDelete.DeleteTail" start time: Jul 16 11:34 IST
Output:
----------------------------------------------------------
Note: Google Test filter = LinkedListDelete.DeleteTail
[==========] Running 1 test from 1 test suite.
[----------] Global test environment set-up.
[----------] 1 test from LinkedListDelete
[ RUN      ] LinkedListDelete.DeleteTail
[       OK ] LinkedListDelete.DeleteTail (0 ms)
[----------] 1 test from LinkedListDelete (0 ms total)

[----------] Global test environment tear-down
[==========] 1 test from 1 test suite ran. (0 ms total)
[  PASSED  ] 1 test.
<end of output>
Test time =   0.04 sec
----------------------------------------------------------
Test Passed.
"LinkedListDelete.DeleteTail" end time: Jul 16 11:34 IST
"LinkedListDelete.DeleteTail" time elapsed: 00:00:00
----------------------------------------------------------

64/173 Testing: LinkedListDelete.DeleteMiddle
64/173 Test: LinkedListDelete.DeleteMiddle
Command: "/Users/aayushsharma/dslibrary/build/runTests" "--gtest_filter=LinkedListDelete.DeleteMiddle" "--gtest_also_run_disabled_tests"
Directory: /Users/aayushsharma/dslibrary/build
"LinkedListDelete.DeleteMiddle" start time: Jul 16 11:34 IST
Output:
----------------------------------------------------------
Note: Google Test filter = LinkedListDelete.DeleteMiddle
[==========] Running 1 test from 1 test suite.
[----------] Global test environment set-up.
[----------] 1 test from LinkedListDelete
[ RUN      ] LinkedListDelete.DeleteMiddle
[       OK ] LinkedListDelete.DeleteMiddle (0 ms)
[----------] 1 test from LinkedListDelete (0 ms total)

[----------] Global test environment tear-down
[==========] 1 test from 1 test suite ran. (0 ms total)
[  PASSED  ] 1 test.
<end of output>
Test time =   0.04 sec
----------------------------------------------------------
Test Passed.
"LinkedListDelete.DeleteMiddle" end time: Jul 16 11:34 IST
"LinkedListDelete.DeleteMiddle" time elapsed: 00:00:00
----------------------------------------------------------

65/173 Testing: LinkedListDelete.DeleteMissing
65/173 Test: LinkedListDelete.DeleteMissing
Command: "/Users/aayushsharma/dslibrary/build/runTests" "--gtest_filter=LinkedListDelete.DeleteMissing" "--gtest_also_run_disabled_tests"
Directory: /Users/aayushsharma/dslibrary/build
"LinkedListDelete.DeleteMissing" start time: Jul 16 11:34 IST
Output:
----------------------------------------------------------
Note: Google Test filter = LinkedListDelete.DeleteMissing
[==========] Running 1 test from 1 test suite.
[----------] Global test environment set-up.
[----------] 1 test from LinkedListDelete
[ RUN      ] LinkedListDelete.DeleteMissing
[       OK ] LinkedListDelete.DeleteMissing (0 ms)
[----------] 1 test from LinkedListDelete (0 ms total)

[----------] Global test environment tear-down
[==========] 1 test from 1 test suite ran. (0 ms total)
[  PASSED  ] 1 test.
<end of output>
Test time =   0.04 sec
----------------------------------------------------------
Test Passed.
"LinkedListDelete.DeleteMissing" end time: Jul 16 11:34 IST
"LinkedListDelete.DeleteMissing" time elapsed: 00:00:00
----------------------------------------------------------

66/173 Testing: LinkedListDelete.DeleteOnlyNode
66/173 Test: LinkedListDelete.DeleteOnlyNode
Command: "/Users/aayushsharma/dslibrary/build/runTests" "--gtest_filter=LinkedListDelete.DeleteOnlyNode" "--gtest_also_run_disabled_tests"
Directory: /Users/aayushsharma/dslibrary/build
"LinkedListDelete.DeleteOnlyNode" start time: Jul 16 11:34 IST
Output:
----------------------------------------------------------
Note: Google Test filter = LinkedListDelete.DeleteOnlyNode
[==========] Running 1 test from 1 test suite.
[----------] Global test environment set-up.
[----------] 1 test from LinkedListDelete
[ RUN      ] LinkedListDelete.DeleteOnlyNode
[       OK ] LinkedListDelete.DeleteOnlyNode (0 ms)
[----------] 1 test from LinkedListDelete (0 ms total)

[----------] Global test environment tear-down
[==========] 1 test from 1 test suite ran. (0 ms total)
[  PASSED  ] 1 test.
<end of output>
Test time =   0.04 sec
----------------------------------------------------------
Test Passed.
"LinkedListDelete.DeleteOnlyNode" end time: Jul 16 11:34 IST
"LinkedListDelete.DeleteOnlyNode" time elapsed: 00:00:00
----------------------------------------------------------

67/173 Testing: LinkedListSize.InitiallyZero
67/173 Test: LinkedListSize.InitiallyZero
Command: "/Users/aayushsharma/dslibrary/build/runTests" "--gtest_filter=LinkedListSize.InitiallyZero" "--gtest_also_run_disabled_tests"
Directory: /Users/aayushsharma/dslibrary/build
"LinkedListSize.InitiallyZero" start time: Jul 16 11:34 IST
Output:
----------------------------------------------------------
Note: Google Test filter = LinkedListSize.InitiallyZero
[==========] Running 1 test from 1 test suite.
[----------] Global test environment set-up.
[----------] 1 test from LinkedListSize
[ RUN      ] LinkedListSize.InitiallyZero
[       OK ] LinkedListSize.InitiallyZero (0 ms)
[----------] 1 test from LinkedListSize (0 ms total)

[----------] Global test environment tear-down
[==========] 1 test from 1 test suite ran. (0 ms total)
[  PASSED  ] 1 test.
<end of output>
Test time =   0.04 sec
----------------------------------------------------------
Test Passed.
"LinkedListSize.InitiallyZero" end time: Jul 16 11:34 IST
"LinkedListSize.InitiallyZero" time elapsed: 00:00:00
----------------------------------------------------------

68/173 Testing: LinkedListSize.AfterOnePush
68/173 Test: LinkedListSize.AfterOnePush
Command: "/Users/aayushsharma/dslibrary/build/runTests" "--gtest_filter=LinkedListSize.AfterOnePush" "--gtest_also_run_disabled_tests"
Directory: /Users/aayushsharma/dslibrary/build
"LinkedListSize.AfterOnePush" start time: Jul 16 11:34 IST
Output:
----------------------------------------------------------
Note: Google Test filter = LinkedListSize.AfterOnePush
[==========] Running 1 test from 1 test suite.
[----------] Global test environment set-up.
[----------] 1 test from LinkedListSize
[ RUN      ] LinkedListSize.AfterOnePush
[       OK ] LinkedListSize.AfterOnePush (0 ms)
[----------] 1 test from LinkedListSize (0 ms total)

[----------] Global test environment tear-down
[==========] 1 test from 1 test suite ran. (0 ms total)
[  PASSED  ] 1 test.
<end of output>
Test time =   0.04 sec
----------------------------------------------------------
Test Passed.
"LinkedListSize.AfterOnePush" end time: Jul 16 11:34 IST
"LinkedListSize.AfterOnePush" time elapsed: 00:00:00
----------------------------------------------------------

69/173 Testing: LinkedListSize.AfterMultiplePush
69/173 Test: LinkedListSize.AfterMultiplePush
Command: "/Users/aayushsharma/dslibrary/build/runTests" "--gtest_filter=LinkedListSize.AfterMultiplePush" "--gtest_also_run_disabled_tests"
Directory: /Users/aayushsharma/dslibrary/build
"LinkedListSize.AfterMultiplePush" start time: Jul 16 11:34 IST
Output:
----------------------------------------------------------
Note: Google Test filter = LinkedListSize.AfterMultiplePush
[==========] Running 1 test from 1 test suite.
[----------] Global test environment set-up.
[----------] 1 test from LinkedListSize
[ RUN      ] LinkedListSize.AfterMultiplePush
[       OK ] LinkedListSize.AfterMultiplePush (0 ms)
[----------] 1 test from LinkedListSize (0 ms total)

[----------] Global test environment tear-down
[==========] 1 test from 1 test suite ran. (0 ms total)
[  PASSED  ] 1 test.
<end of output>
Test time =   0.04 sec
----------------------------------------------------------
[...]
"KeysTest.OneKey" end time: Jul 16 11:34 IST
"KeysTest.OneKey" time elapsed: 00:00:00
----------------------------------------------------------

156/173 Testing: KeysTest.MultipleKeys
156/173 Test: KeysTest.MultipleKeys
Command: "/Users/aayushsharma/dslibrary/build/runTests" "--gtest_filter=KeysTest.MultipleKeys" "--gtest_also_run_disabled_tests"
Directory: /Users/aayushsharma/dslibrary/build
"KeysTest.MultipleKeys" start time: Jul 16 11:34 IST
Output:
----------------------------------------------------------
Note: Google Test filter = KeysTest.MultipleKeys
[==========] Running 1 test from 1 test suite.
[----------] Global test environment set-up.
[----------] 1 test from KeysTest
[ RUN      ] KeysTest.MultipleKeys
Welcome to RedisLite
[       OK ] KeysTest.MultipleKeys (0 ms)
[----------] 1 test from KeysTest (0 ms total)

[----------] Global test environment tear-down
[==========] 1 test from 1 test suite ran. (0 ms total)
[  PASSED  ] 1 test.
<end of output>
Test time =   0.04 sec
----------------------------------------------------------
Test Passed.
"KeysTest.MultipleKeys" end time: Jul 16 11:34 IST
"KeysTest.MultipleKeys" time elapsed: 00:00:00
----------------------------------------------------------

157/173 Testing: KeysTest.AfterDelete
157/173 Test: KeysTest.AfterDelete
Command: "/Users/aayushsharma/dslibrary/build/runTests" "--gtest_filter=KeysTest.AfterDelete" "--gtest_also_run_disabled_tests"
Directory: /Users/aayushsharma/dslibrary/build
"KeysTest.AfterDelete" start time: Jul 16 11:34 IST
Output:
----------------------------------------------------------
Note: Google Test filter = KeysTest.AfterDelete
[==========] Running 1 test from 1 test suite.
[----------] Global test environment set-up.
[----------] 1 test from KeysTest
[ RUN      ] KeysTest.AfterDelete
Welcome to RedisLite
[       OK ] KeysTest.AfterDelete (0 ms)
[----------] 1 test from KeysTest (0 ms total)

[----------] Global test environment tear-down
[==========] 1 test from 1 test suite ran. (0 ms total)
[  PASSED  ] 1 test.
<end of output>
Test time =   0.04 sec
----------------------------------------------------------
Test Passed.
"KeysTest.AfterDelete" end time: Jul 16 11:34 IST
"KeysTest.AfterDelete" time elapsed: 00:00:00
----------------------------------------------------------

158/173 Testing: KeysTest.AfterManyInsertions
158/173 Test: KeysTest.AfterManyInsertions
Command: "/Users/aayushsharma/dslibrary/build/runTests" "--gtest_filter=KeysTest.AfterManyInsertions" "--gtest_also_run_disabled_tests"
Directory: /Users/aayushsharma/dslibrary/build
"KeysTest.AfterManyInsertions" start time: Jul 16 11:34 IST
Output:
----------------------------------------------------------
Note: Google Test filter = KeysTest.AfterManyInsertions
[==========] Running 1 test from 1 test suite.
[----------] Global test environment set-up.
[----------] 1 test from KeysTest
[ RUN      ] KeysTest.AfterManyInsertions
Welcome to RedisLite
[       OK ] KeysTest.AfterManyInsertions (0 ms)
[----------] 1 test from KeysTest (0 ms total)

[----------] Global test environment tear-down
[==========] 1 test from 1 test suite ran. (0 ms total)
[  PASSED  ] 1 test.
<end of output>
Test time =   0.04 sec
----------------------------------------------------------
Test Passed.
"KeysTest.AfterManyInsertions" end time: Jul 16 11:34 IST
"KeysTest.AfterManyInsertions" time elapsed: 00:00:00
----------------------------------------------------------

159/173 Testing: SetGetTest.InsertSingleKey
159/173 Test: SetGetTest.InsertSingleKey
Command: "/Users/aayushsharma/dslibrary/build/runTests" "--gtest_filter=SetGetTest.InsertSingleKey" "--gtest_also_run_disabled_tests"
Directory: /Users/aayushsharma/dslibrary/build
"SetGetTest.InsertSingleKey" start time: Jul 16 11:34 IST
Output:
----------------------------------------------------------
Note: Google Test filter = SetGetTest.InsertSingleKey
[==========] Running 1 test from 1 test suite.
[----------] Global test environment set-up.
[----------] 1 test from SetGetTest
[ RUN      ] SetGetTest.InsertSingleKey
Welcome to RedisLite
[       OK ] SetGetTest.InsertSingleKey (0 ms)
[----------] 1 test from SetGetTest (0 ms total)

[----------] Global test environment tear-down
[==========] 1 test from 1 test suite ran. (0 ms total)
[  PASSED  ] 1 test.
<end of output>
Test time =   0.04 sec
----------------------------------------------------------
Test Passed.
"SetGetTest.InsertSingleKey" end time: Jul 16 11:34 IST
"SetGetTest.InsertSingleKey" time elapsed: 00:00:00
----------------------------------------------------------

160/173 Testing: SetGetTest.UpdateExistingKey
160/173 Test: SetGetTest.UpdateExistingKey
Command: "/Users/aayushsharma/dslibrary/build/runTests" "--gtest_filter=SetGetTest.UpdateExistingKey" "--gtest_also_run_disabled_tests"
Directory: /Users/aayushsharma/dslibrary/build
"SetGetTest.UpdateExistingKey" start time: Jul 16 11:34 IST
Output:
----------------------------------------------------------
Note: Google Test filter = SetGetTest.UpdateExistingKey
[==========] Running 1 test from 1 test suite.
[----------] Global test environment set-up.
[----------] 1 test from SetGetTest
[ RUN      ] SetGetTest.UpdateExistingKey
Welcome to RedisLite
[       OK ] SetGetTest.UpdateExistingKey (0 ms)
[----------] 1 test from SetGetTest (0 ms total)

[----------] Global test environment tear-down
[==========] 1 test from 1 test suite ran. (0 ms total)
[  PASSED  ] 1 test.
<end of output>
Test time =   0.04 sec
----------------------------------------------------------
Test Passed.
"SetGetTest.UpdateExistingKey" end time: Jul 16 11:34 IST
"SetGetTest.UpdateExistingKey" time elapsed: 00:00:00
----------------------------------------------------------

161/173 Testing: SetGetTest.MultipleKeys
161/173 Test: SetGetTest.MultipleKeys
Command: "/Users/aayushsharma/dslibrary/build/runTests" "--gtest_filter=SetGetTest.MultipleKeys" "--gtest_also_run_disabled_tests"
Directory: /Users/aayushsharma/dslibrary/build
"SetGetTest.MultipleKeys" start time: Jul 16 11:34 IST
Output:
----------------------------------------------------------
Note: Google Test filter = SetGetTest.MultipleKeys
[==========] Running 1 test from 1 test suite.
[----------] Global test environment set-up.
[----------] 1 test from SetGetTest
[ RUN      ] SetGetTest.MultipleKeys
Welcome to RedisLite
[       OK ] SetGetTest.MultipleKeys (0 ms)
[----------] 1 test from SetGetTest (0 ms total)

[----------] Global test environment tear-down
[==========] 1 test from 1 test suite ran. (0 ms total)
[  PASSED  ] 1 test.
<end of output>
Test time =   0.05 sec
----------------------------------------------------------
Test Passed.
"SetGetTest.MultipleKeys" end time: Jul 16 11:34 IST
"SetGetTest.MultipleKeys" time elapsed: 00:00:00
----------------------------------------------------------

162/173 Testing: SetGetTest.EmptyValue
162/173 Test: SetGetTest.EmptyValue
Command: "/Users/aayushsharma/dslibrary/build/runTests" "--gtest_filter=SetGetTest.EmptyValue" "--gtest_also_run_disabled_tests"
Directory: /Users/aayushsharma/dslibrary/build
"SetGetTest.EmptyValue" start time: Jul 16 11:34 IST
Output:
----------------------------------------------------------
Note: Google Test filter = SetGetTest.EmptyValue
[==========] Running 1 test from 1 test suite.
[----------] Global test environment set-up.
[----------] 1 test from SetGetTest
[ RUN      ] SetGetTest.EmptyValue
Welcome to RedisLite
[       OK ] SetGetTest.EmptyValue (0 ms)
[----------] 1 test from SetGetTest (0 ms total)

[----------] Global test environment tear-down
[==========] 1 test from 1 test suite ran. (0 ms total)
[  PASSED  ] 1 test.
<end of output>
Test time =   0.04 sec
----------------------------------------------------------
Test Passed.
"SetGetTest.EmptyValue" end time: Jul 16 11:34 IST
"SetGetTest.EmptyValue" time elapsed: 00:00:00
----------------------------------------------------------

163/173 Testing: SetGetTest.LongString
163/173 Test: SetGetTest.LongString
Command: "/Users/aayushsharma/dslibrary/build/runTests" "--gtest_filter=SetGetTest.LongString" "--gtest_also_run_disabled_tests"
Directory: /Users/aayushsharma/dslibrary/build
"SetGetTest.LongString" start time: Jul 16 11:34 IST
Output:
----------------------------------------------------------
Note: Google Test filter = SetGetTest.LongString
[==========] Running 1 test from 1 test suite.
[----------] Global test environment set-up.
[----------] 1 test from SetGetTest
[ RUN      ] SetGetTest.LongString
Welcome to RedisLite
[       OK ] SetGetTest.LongString (0 ms)
[----------] 1 test from SetGetTest (0 ms total)

[----------] Global test environment tear-down
[==========] 1 test from 1 test suite ran. (0 ms total)
[  PASSED  ] 1 test.
<end of output>
Test time =   0.04 sec
----------------------------------------------------------
Test Passed.
"SetGetTest.LongString" end time: Jul 16 11:34 IST
"SetGetTest.LongString" time elapsed: 00:00:00
----------------------------------------------------------

164/173 Testing: ExistsTest.ExistingKey
164/173 Test: ExistsTest.ExistingKey
Command: "/Users/aayushsharma/dslibrary/build/runTests" "--gtest_filter=ExistsTest.ExistingKey" "--gtest_also_run_disabled_tests"
Directory: /Users/aayushsharma/dslibrary/build
"ExistsTest.ExistingKey" start time: Jul 16 11:34 IST
Output:
----------------------------------------------------------
Note: Google Test filter = ExistsTest.ExistingKey
[==========] Running 1 test from 1 test suite.
[----------] Global test environment set-up.
[----------] 1 test from ExistsTest
[ RUN      ] ExistsTest.ExistingKey
Welcome to RedisLite
[       OK ] ExistsTest.ExistingKey (0 ms)
[----------] 1 test from ExistsTest (0 ms total)

[----------] Global test environment tear-down
[==========] 1 test from 1 test suite ran. (0 ms total)
[  PASSED  ] 1 test.
<end of output>
Test time =   0.04 sec
----------------------------------------------------------
Test Passed.
"ExistsTest.ExistingKey" end time: Jul 16 11:34 IST
"ExistsTest.ExistingKey" time elapsed: 00:00:00
----------------------------------------------------------

165/173 Testing: ExistsTest.MissingKey
165/173 Test: ExistsTest.MissingKey
Command: "/Users/aayushsharma/dslibrary/build/runTests" "--gtest_filter=ExistsTest.MissingKey" "--gtest_also_run_disabled_tests"
Directory: /Users/aayushsharma/dslibrary/build
"ExistsTest.MissingKey" start time: Jul 16 11:34 IST
Output:
----------------------------------------------------------
Note: Google Test filter = ExistsTest.MissingKey
[==========] Running 1 test from 1 test suite.
[----------] Global test environment set-up.
[----------] 1 test from ExistsTest
[ RUN      ] ExistsTest.MissingKey
Welcome to RedisLite
[       OK ] ExistsTest.MissingKey (0 ms)
[----------] 1 test from ExistsTest (0 ms total)

[----------] Global test environment tear-down
[==========] 1 test from 1 test suite ran. (0 ms total)
[  PASSED  ] 1 test.
<end of output>
Test time =   0.04 sec
----------------------------------------------------------
Test Passed.
"ExistsTest.MissingKey" end time: Jul 16 11:34 IST
"ExistsTest.MissingKey" time elapsed: 00:00:00
----------------------------------------------------------

166/173 Testing: ExistsTest.AfterDelete
166/173 Test: ExistsTest.AfterDelete
Command: "/Users/aayushsharma/dslibrary/build/runTests" "--gtest_filter=ExistsTest.AfterDelete" "--gtest_also_run_disabled_tests"
Directory: /Users/aayushsharma/dslibrary/build
"ExistsTest.AfterDelete" start time: Jul 16 11:34 IST
Output:
----------------------------------------------------------
Note: Google Test filter = ExistsTest.AfterDelete
[==========] Running 1 test from 1 test suite.
[----------] Global test environment set-up.
[----------] 1 test from ExistsTest
[ RUN      ] ExistsTest.AfterDelete
Welcome to RedisLite
[       OK ] ExistsTest.AfterDelete (0 ms)
[----------] 1 test from ExistsTest (0 ms total)

[----------] Global test environment tear-down
[==========] 1 test from 1 test suite ran. (0 ms total)
[  PASSED  ] 1 test.
<end of output>
Test time =   0.04 sec
----------------------------------------------------------
Test Passed.
"ExistsTest.AfterDelete" end time: Jul 16 11:34 IST
"ExistsTest.AfterDelete" time elapsed: 00:00:00
----------------------------------------------------------

167/173 Testing: ExistsTest.MultipleKeys
167/173 Test: ExistsTest.MultipleKeys
Command: "/Users/aayushsharma/dslibrary/build/runTests" "--gtest_filter=ExistsTest.MultipleKeys" "--gtest_also_run_disabled_tests"
Directory: /Users/aayushsharma/dslibrary/build
"ExistsTest.MultipleKeys" start time: Jul 16 11:34 IST
Output:
----------------------------------------------------------
Note: Google Test filter = ExistsTest.MultipleKeys
[==========] Running 1 test from 1 test suite.
[----------] Global test environment set-up.
[----------] 1 test from ExistsTest
[ RUN      ] ExistsTest.MultipleKeys
Welcome to RedisLite
[       OK ] ExistsTest.MultipleKeys (0 ms)
[----------] 1 test from ExistsTest (0 ms total)

[----------] Global test environment tear-down
[==========] 1 test from 1 test suite ran. (0 ms total)
[  PASSED  ] 1 test.
<end of output>
Test time =   0.04 sec
----------------------------------------------------------
Test Passed.
"ExistsTest.MultipleKeys" end time: Jul 16 11:34 IST
"ExistsTest.MultipleKeys" time elapsed: 00:00:00
----------------------------------------------------------

168/173 Testing: ExistsTest.EmptyMap
168/173 Test: ExistsTest.EmptyMap
Command: "/Users/aayushsharma/dslibrary/build/runTests" "--gtest_filter=ExistsTest.EmptyMap" "--gtest_also_run_disabled_tests"
Directory: /Users/aayushsharma/dslibrary/build
"ExistsTest.EmptyMap" start time: Jul 16 11:34 IST
Output:
----------------------------------------------------------
Note: Google Test filter = ExistsTest.EmptyMap
[==========] Running 1 test from 1 test suite.
[----------] Global test environment set-up.
[----------] 1 test from ExistsTest
[ RUN      ] ExistsTest.EmptyMap
Welcome to RedisLite
[       OK ] ExistsTest.EmptyMap (0 ms)
[----------] 1 test from ExistsTest (0 ms total)

[----------] Global test environment tear-down
[==========] 1 test from 1 test suite ran. (0 ms total)
[  PASSED  ] 1 test.
<end of output>
Test time =   0.04 sec
----------------------------------------------------------
Test Passed.
"ExistsTest.EmptyMap" end time: Jul 16 11:34 IST
"ExistsTest.EmptyMap" time elapsed: 00:00:00
----------------------------------------------------------

169/173 Testing: SizeTest.InitiallyZero
169/173 Test: SizeTest.InitiallyZero
Command: "/Users/aayushsharma/dslibrary/build/runTests" "--gtest_filter=SizeTest.InitiallyZero" "--gtest_also_run_disabled_tests"
Directory: /Users/aayushsharma/dslibrary/build
"SizeTest.InitiallyZero" start time: Jul 16 11:34 IST
Output:
----------------------------------------------------------
Note: Google Test filter = SizeTest.InitiallyZero
[==========] Running 1 test from 1 test suite.
[----------] Global test environment set-up.
[----------] 1 test from SizeTest
[ RUN      ] SizeTest.InitiallyZero
Welcome to RedisLite
[       OK ] SizeTest.InitiallyZero (0 ms)
[----------] 1 test from SizeTest (0 ms total)

[----------] Global test environment tear-down
[==========] 1 test from 1 test suite ran. (0 ms total)
[  PASSED  ] 1 test.
<end of output>
Test time =   0.04 sec
----------------------------------------------------------
Test Passed.
"SizeTest.InitiallyZero" end time: Jul 16 11:34 IST
"SizeTest.InitiallyZero" time elapsed: 00:00:00
----------------------------------------------------------

170/173 Testing: SizeTest.OneInsertion
170/173 Test: SizeTest.OneInsertion
Command: "/Users/aayushsharma/dslibrary/build/runTests" "--gtest_filter=SizeTest.OneInsertion" "--gtest_also_run_disabled_tests"
Directory: /Users/aayushsharma/dslibrary/build
"SizeTest.OneInsertion" start time: Jul 16 11:34 IST
Output:
----------------------------------------------------------
Note: Google Test filter = SizeTest.OneInsertion
[==========] Running 1 test from 1 test suite.
[----------] Global test environment set-up.
[----------] 1 test from SizeTest
[ RUN      ] SizeTest.OneInsertion
Welcome to RedisLite
[       OK ] SizeTest.OneInsertion (0 ms)
[----------] 1 test from SizeTest (0 ms total)

[----------] Global test environment tear-down
[==========] 1 test from 1 test suite ran. (0 ms total)
[  PASSED  ] 1 test.
<end of output>
Test time =   0.04 sec
----------------------------------------------------------
Test Passed.
"SizeTest.OneInsertion" end time: Jul 16 11:34 IST
"SizeTest.OneInsertion" time elapsed: 00:00:00
----------------------------------------------------------

171/173 Testing: SizeTest.MultipleInsertions
171/173 Test: SizeTest.MultipleInsertions
Command: "/Users/aayushsharma/dslibrary/build/runTests" "--gtest_filter=SizeTest.MultipleInsertions" "--gtest_also_run_disabled_tests"
Directory: /Users/aayushsharma/dslibrary/build
"SizeTest.MultipleInsertions" start time: Jul 16 11:34 IST
Output:
----------------------------------------------------------
Note: Google Test filter = SizeTest.MultipleInsertions
[==========] Running 1 test from 1 test suite.
[----------] Global test environment set-up.
[----------] 1 test from SizeTest
[ RUN      ] SizeTest.MultipleInsertions
Welcome to RedisLite
[       OK ] SizeTest.MultipleInsertions (0 ms)
[----------] 1 test from SizeTest (0 ms total)

[----------] Global test environment tear-down
[==========] 1 test from 1 test suite ran. (0 ms total)
[  PASSED  ] 1 test.
<end of output>
Test time =   0.04 sec
----------------------------------------------------------
Test Passed.
"SizeTest.MultipleInsertions" end time: Jul 16 11:34 IST
"SizeTest.MultipleInsertions" time elapsed: 00:00:00
----------------------------------------------------------

172/173 Testing: SizeTest.AfterDelete
172/173 Test: SizeTest.AfterDelete
Command: "/Users/aayushsharma/dslibrary/build/runTests" "--gtest_filter=SizeTest.AfterDelete" "--gtest_also_run_disabled_tests"
Directory: /Users/aayushsharma/dslibrary/build
"SizeTest.AfterDelete" start time: Jul 16 11:34 IST
Output:
----------------------------------------------------------
Note: Google Test filter = SizeTest.AfterDelete
[==========] Running 1 test from 1 test suite.
[----------] Global test environment set-up.
[----------] 1 test from SizeTest
[ RUN      ] SizeTest.AfterDelete
Welcome to RedisLite
[       OK ] SizeTest.AfterDelete (0 ms)
[----------] 1 test from SizeTest (0 ms total)

[----------] Global test environment tear-down
[==========] 1 test from 1 test suite ran. (0 ms total)
[  PASSED  ] 1 test.
<end of output>
Test time =   0.04 sec
----------------------------------------------------------
Test Passed.
"SizeTest.AfterDelete" end time: Jul 16 11:34 IST
"SizeTest.AfterDelete" time elapsed: 00:00:00
----------------------------------------------------------

173/173 Testing: SizeTest.DuplicateKey
173/173 Test: SizeTest.DuplicateKey
Command: "/Users/aayushsharma/dslibrary/build/runTests" "--gtest_filter=SizeTest.DuplicateKey" "--gtest_also_run_disabled_tests"
Directory: /Users/aayushsharma/dslibrary/build
"SizeTest.DuplicateKey" start time: Jul 16 11:34 IST
Output:
----------------------------------------------------------
Note: Google Test filter = SizeTest.DuplicateKey
[==========] Running 1 test from 1 test suite.
[----------] Global test environment set-up.
[----------] 1 test from SizeTest
[ RUN      ] SizeTest.DuplicateKey
Welcome to RedisLite
[       OK ] SizeTest.DuplicateKey (0 ms)
[----------] 1 test from SizeTest (0 ms total)

[----------] Global test environment tear-down
[==========] 1 test from 1 test suite ran. (0 ms total)
[  PASSED  ] 1 test.
<end of output>
Test time =   0.05 sec
----------------------------------------------------------
Test Passed.
"SizeTest.DuplicateKey" end time: Jul 16 11:34 IST
"SizeTest.DuplicateKey" time elapsed: 00:00:00
----------------------------------------------------------

End testing: Jul 16 11:34 IST
